#
# A fatal error has been detected by the Java Runtime Environment:
#
#  SIGSEGV (0xb) at pc=0x000000010d146511, pid=2081, tid=775
#
# JRE version: Java(TM) SE Runtime Environment (8.0_45-b14) (build 1.8.0_45-b14)
# Java VM: Java HotSpot(TM) 64-Bit Server VM (25.45-b02 mixed mode bsd-amd64 compressed oops)
# Problematic frame:
# C  [libglass.dylib+0x15511]  GlassScreenDidChangeScreenParameters+0x21
#
# Failed to write core dump. Core dumps have been disabled. To enable core dumping, try "ulimit -c unlimited" before starting Java again
#
# If you would like to submit a bug report, please visit:
#   http://bugreport.java.com/bugreport/crash.jsp
#

---------------  T H R E A D  ---------------

Current thread is native thread

siginfo: si_signo: 11 (SIGSEGV), si_code: 1 (SEGV_MAPERR), si_addr: 0x0000000000000000

Registers:
RAX=0x000000010d178ac8, RBX=0x0000000000000000, RCX=0x3f5e377e964c00c7, RDX=0x0000000000000103
RSP=0x00007ffeeb227ac0, RBP=0x00007ffeeb227ad0, RSI=0x00007fb619504db0, RDI=0x0000000000000000
R8 =0x00007fff96fac048, R9 =0x0000000000000040, R10=0x00007fff96fac040, R11=0xffffffffffffffff
R12=0x0000000000000000, R13=0x00007fb61ba27450, R14=0x00007fb61b905790, R15=0x0000000000000000
RIP=0x000000010d146511, EFLAGS=0x0000000000010246, ERR=0x0000000000000004
  TRAPNO=0x000000000000000e

Top of Stack: (sp=0x00007ffeeb227ac0)
0x00007ffeeb227ac0:   00007fb61ba27510 00007fb61b905790
0x00007ffeeb227ad0:   00007ffeeb227ae0 00007fff36678a3c
0x00007ffeeb227ae0:   00007ffeeb227b50 00007fff3667892a
0x00007ffeeb227af0:   00007fb61ba646e0 00007fff96fa7060
0x00007ffeeb227b00:   00000000c2000000 00007fff36678990
0x00007ffeeb227b10:   00007fff908adb38 00007fb61ba27450
0x00007ffeeb227b20:   00007fb61b905790 00007ffeeb228398
0x00007ffeeb227b30:   00007fff5d368e80 0000000000000000
0x00007ffeeb227b40:   00007fb61ba27450 00007fff348d4058
0x00007ffeeb227b50:   00007ffeeb227b90 00007fff36678672
0x00007ffeeb227b60:   00007ffeeb228160 0000000000000000
0x00007ffeeb227b70:   00007fff5d368e80 0000000000000000
0x00007ffeeb227b80:   00007ffeeb228398 00007fff348d4058
0x00007ffeeb227b90:   00007ffeeb2282b0 00007fff36636450
0x00007ffeeb227ba0:   00007fb6194a5740 00000000eb227e00
0x00007ffeeb227bb0:   00007fb61b900960 00007fff909e6c01
0x00007ffeeb227bc0:   0000000000000000 00007fb61953b050
0x00007ffeeb227bd0:   00007fff909e6cc0 00007fff908ef998
0x00007ffeeb227be0:   00007fff908afb50 00000001049f2080
0x00007ffeeb227bf0:   0000000000000000 00007fb61ba27540
0x00007ffeeb227c00:   0000000000000000 0000000000000000
0x00007ffeeb227c10:   00007ffeeb228160 0000000000000001
0x00007ffeeb227c20:   0000000000000100 0000000000000100
0x00007ffeeb227c30:   00007ffeeb228060 0000000000000000
0x00007ffeeb227c40:   0000000000000100 00007fb619600000
0x00007ffeeb227c50:   00000001049f7c00 00007fb61995c050
0x00007ffeeb227c60:   00000001049f7c00 0000000000000019
0x00007ffeeb227c70:   00000001049f2080 00007fb619600000
0x00007ffeeb227c80:   00007ffeeb227ce0 00007fff5e126254
0x00007ffeeb227c90:   00000001049f7c00 00000001049f2080
0x00007ffeeb227ca0:   00007ffeeb227d30 00007fff5e125758
0x00007ffeeb227cb0:   00007fb61960bd80 0000000100000002 

Instructions: (pc=0x000000010d146511)
0x000000010d1464f1:   48 89 e5 41 56 53 48 8d 05 c2 26 03 00 48 83 38
0x000000010d146501:   00 48 89 fb 75 72 48 8d 05 ba 25 03 00 48 8b 30
0x000000010d146511:   48 8b 03 48 8d 15 6c 9a 01 00 48 8d 0d 86 6f 01
0x000000010d146521:   00 48 89 df ff 90 88 03 00 00 48 8d 0d 8e 26 03 

Register to memory mapping:

RAX=0x000000010d178ac8: jScreenClass+0 in /Library/Java/JavaVirtualMachines/jdk1.8.0_45.jdk/Contents/Home/jre/lib/libglass.dylib at 0x000000010d131000
RBX=0x0000000000000000 is an unknown value
RCX=0x3f5e377e964c00c7 is an unknown value
RDX=0x0000000000000103 is an unknown value
RSP=0x00007ffeeb227ac0 is an unknown value
RBP=0x00007ffeeb227ad0 is an unknown value
RSI=0x00007fb619504db0 is a global jni handle
RDI=0x0000000000000000 is an unknown value
R8 =0x00007fff96fac048: __sFX+0x1c8 in /usr/lib/system/libsystem_c.dylib at 0x00007fff5dfb5000
R9 =0x0000000000000040 is an unknown value
R10=0x00007fff96fac040: __sFX+0x1c0 in /usr/lib/system/libsystem_c.dylib at 0x00007fff5dfb5000
R11=0xffffffffffffffff is an unknown value
R12=0x0000000000000000 is an unknown value
R13=0x00007fb61ba27450 is an unknown value
R14=0x00007fb61b905790 is an unknown value
R15=0x0000000000000000 is an unknown value


Stack: [0x00007ffeeaa2b000,0x00007ffeeb22b000],  sp=0x00007ffeeb227ac0,  free space=8178k
Native frames: (J=compiled Java code, j=interpreted, Vv=VM code, C=native code)
C  [libglass.dylib+0x15511]  GlassScreenDidChangeScreenParameters+0x21
C  [CoreFoundation+0x9aa3c]  __CFNOTIFICATIONCENTER_IS_CALLING_OUT_TO_AN_OBSERVER__+0xc
C  [CoreFoundation+0x9a92a]  _CFXRegistrationPost+0x1ba
C  [CoreFoundation+0x9a672]  ___CFXNotificationPost_block_invoke+0x32
C  [CoreFoundation+0x58450]  -[_CFXNotificationRegistrar find:object:observer:enumerator:]+0x680
C  [CoreFoundation+0x57583]  _CFXNotificationPost+0x253
C  [Foundation+0x63c7]  -[NSNotificationCenter postNotificationName:object:userInfo:]+0x42
C  [AppKit+0xbc1723]  -[NSApplication(ScreenHandling) _reactToScreenInvalidationImmediately:]+0x162
C  [AppKit+0xbc1585]  __60-[NSApplication(ScreenHandling) _reactToScreenInvalidation:]_block_invoke+0x3b
C  [CoreFoundation+0xa340c]  __CFRUNLOOP_IS_CALLING_OUT_TO_A_BLOCK__+0xc
C  [CoreFoundation+0x85e23]  __CFRunLoopDoBlocks+0x113
C  [CoreFoundation+0x85be8]  __CFRunLoopRun+0xc38
C  [CoreFoundation+0x84d23]  CFRunLoopRunSpecific+0x1e3
C  [java+0x6490]  CreateExecutionEnvironment+0x367
C  [java+0x221c]  JLI_Launch+0x7a0
C  [java+0x84ed]  main+0x65
C  [java+0x1a74]  start+0x34


---------------  P R O C E S S  ---------------

VM state:at safepoint (normal execution)

VM Mutex/Monitor currently owned by a thread:  ([mutex/lock_event])
[0x00007fb619603670] Threads_lock - owner thread: 0x00007fb61a030800

Heap:
 PSYoungGen      total 76288K, used 22865K [0x000000076ab00000, 0x0000000770000000, 0x00000007c0000000)
  eden space 65536K, 34% used [0x000000076ab00000,0x000000076c154578,0x000000076eb00000)
  from space 10752K, 0% used [0x000000076f580000,0x000000076f580000,0x0000000770000000)
  to   space 10752K, 0% used [0x000000076eb00000,0x000000076eb00000,0x000000076f580000)
 ParOldGen       total 175104K, used 0K [0x00000006c0000000, 0x00000006cab00000, 0x000000076ab00000)
  object space 175104K, 0% used [0x00000006c0000000,0x00000006c0000000,0x00000006cab00000)
 Metaspace       used 9946K, capacity 10266K, committed 10624K, reserved 1058816K
  class space    used 1223K, capacity 1303K, committed 1408K, reserved 1048576K

Card table byte_map: [0x0000000106f29000,0x000000010772a000] byte_map_base: 0x0000000103929000

Marking Bits: (ParMarkBitMap*) 0x00000001064c27a0
 Begin Bits: [0x000000011dc11000, 0x0000000121c11000)
 End Bits:   [0x0000000121c11000, 0x0000000125c11000)

Polling page: 0x0000000104a59000

CodeCache: size=245760Kb used=2724Kb max_used=2724Kb free=243035Kb
 bounds [0x000000010ec11000, 0x000000010eec1000, 0x000000011dc11000]
 total_blobs=1098 nmethods=673 adapters=339
 compilation: enabled

Compilation events (10 events):
Event: 0.604 Thread 0x00007fb61b006800  671       1       java.nio.Buffer::position (5 bytes)
Event: 0.604 Thread 0x00007fb61b006800 nmethod 671 0x000000010eeb9450 code [0x000000010eeb95a0, 0x000000010eeb96b0]
Event: 0.604 Thread 0x00007fb61b006800  668       3       java.lang.ClassLoader::defineClassSourceLocation (28 bytes)
Event: 0.604 Thread 0x00007fb61b006800 nmethod 668 0x000000010eeb9710 code [0x000000010eeb98a0, 0x000000010eeb9ee8]
Event: 0.604 Thread 0x00007fb61b006800  669       3       java.lang.ClassLoader::postDefineClass (26 bytes)
Event: 0.604 Thread 0x00007fb61b006800 nmethod 669 0x000000010eeba0d0 code [0x000000010eeba260, 0x000000010eeba7b8]
Event: 0.604 Thread 0x00007fb61b006800  673       1       java.nio.Buffer::limit (5 bytes)
Event: 0.604 Thread 0x00007fb61b006800 nmethod 673 0x000000010eeba950 code [0x000000010eebaaa0, 0x000000010eebabb0]
Event: 0.604 Thread 0x00007fb61b006800  674       3       java.lang.String::toString (2 bytes)
Event: 0.604 Thread 0x00007fb61b006800 nmethod 674 0x000000010eebac10 code [0x000000010eebad60, 0x000000010eebaeb0]

GC Heap History (0 events):
No events

Deoptimization events (5 events):
Event: 0.408 Thread 0x00007fb61995b800 Uncommon trap: reason=unstable_if action=reinterpret pc=0x000000010edbdc74 method=java.lang.String.replace(CC)Ljava/lang/String; @ 2
Event: 0.501 Thread 0x00007fb61995b800 Uncommon trap: reason=unstable_if action=reinterpret pc=0x000000010edebc1c method=java.lang.String.indexOf([CII[CIII)I @ 134
Event: 0.518 Thread 0x00007fb61995b800 Uncommon trap: reason=unstable_if action=reinterpret pc=0x000000010ee76688 method=java.util.HashMap.getNode(ILjava/lang/Object;)Ljava/util/HashMap$Node; @ 84
Event: 0.518 Thread 0x00007fb61995b800 Uncommon trap: reason=unstable_if action=reinterpret pc=0x000000010ee75e2c method=java.util.HashMap.getNode(ILjava/lang/Object;)Ljava/util/HashMap$Node; @ 84
Event: 0.534 Thread 0x00007fb61995b800 Uncommon trap: reason=unstable_if action=reinterpret pc=0x000000010edd06e0 method=java.lang.String.startsWith(Ljava/lang/String;I)Z @ 25

Internal exceptions (10 events):
Event: 0.132 Thread 0x00007fb619803800 Exception <a 'java/lang/NoSuchFieldError': method resolution failed> (0x000000076af38078) thrown at [/Users/java_re/workspace/8-2-build-macosx-x86_64/jdk8u45/3457/hotspot/src/share/vm/prims/methodHandles.cpp, line 1125]
Event: 0.133 Thread 0x00007fb619803800 Exception <a 'java/lang/NoSuchFieldError': method resolution failed> (0x000000076af46748) thrown at [/Users/java_re/workspace/8-2-build-macosx-x86_64/jdk8u45/3457/hotspot/src/share/vm/prims/methodHandles.cpp, line 1125]
Event: 0.148 Thread 0x00007fb619803800 Exception <a 'java/security/PrivilegedActionException'> (0x000000076afd2d98) thrown at [/Users/java_re/workspace/8-2-build-macosx-x86_64/jdk8u45/3457/hotspot/src/share/vm/prims/jvm.cpp, line 1382]
Event: 0.148 Thread 0x00007fb619803800 Exception <a 'java/security/PrivilegedActionException'> (0x000000076afd2f50) thrown at [/Users/java_re/workspace/8-2-build-macosx-x86_64/jdk8u45/3457/hotspot/src/share/vm/prims/jvm.cpp, line 1382]
Event: 0.148 Thread 0x00007fb619803800 Exception <a 'java/security/PrivilegedActionException'> (0x000000076afd6140) thrown at [/Users/java_re/workspace/8-2-build-macosx-x86_64/jdk8u45/3457/hotspot/src/share/vm/prims/jvm.cpp, line 1382]
Event: 0.148 Thread 0x00007fb619803800 Exception <a 'java/security/PrivilegedActionException'> (0x000000076afd62f8) thrown at [/Users/java_re/workspace/8-2-build-macosx-x86_64/jdk8u45/3457/hotspot/src/share/vm/prims/jvm.cpp, line 1382]
Event: 0.148 Thread 0x00007fb619803800 Exception <a 'java/lang/NullPointerException'> (0x000000076afd6a90) thrown at [/Users/java_re/workspace/8-2-build-macosx-x86_64/jdk8u45/3457/hotspot/src/share/vm/interpreter/linkResolver.cpp, line 1178]
Event: 0.463 Thread 0x00007fb61995b800 Exception <a 'java/lang/NullPointerException'> (0x000000076bbfaba8) thrown at [/Users/java_re/workspace/8-2-build-macosx-x86_64/jdk8u45/3457/hotspot/src/share/vm/interpreter/linkResolver.cpp, line 1178]
Event: 0.463 Thread 0x00007fb61995b800 Exception <a 'java/lang/NullPointerException'> (0x000000076bbfaba8) thrown at [/Users/java_re/workspace/8-2-build-macosx-x86_64/jdk8u45/3457/hotspot/src/share/vm/prims/jvm.cpp, line 1386]
Event: 0.603 Thread 0x00007fb619803800 Exception <a 'java/lang/reflect/InvocationTargetException'> (0x000000076b369de8) thrown at [/Users/java_re/workspace/8-2-build-macosx-x86_64/jdk8u45/3457/hotspot/src/share/vm/runtime/reflection.cpp, line 1080]

Events (10 events):
Event: 0.603 loading class java/lang/Throwable$PrintStreamOrWriter
Event: 0.603 loading class java/lang/Throwable$PrintStreamOrWriter done
Event: 0.603 loading class java/lang/Throwable$WrappedPrintStream done
Event: 0.603 loading class java/util/IdentityHashMap$KeySet
Event: 0.603 loading class java/util/IdentityHashMap$KeySet done
Event: 0.604 loading class java/util/IdentityHashMap$KeyIterator
Event: 0.604 loading class java/util/IdentityHashMap$IdentityHashMapIterator
Event: 0.604 loading class java/util/IdentityHashMap$IdentityHashMapIterator done
Event: 0.604 loading class java/util/IdentityHashMap$KeyIterator done
Event: 0.605 Executing VM operation: Exit


Dynamic libraries:
0x000000000ec36000 	/System/Library/Frameworks/Cocoa.framework/Versions/A/Cocoa
0x000000000ec36000 	/System/Library/Frameworks/Security.framework/Versions/A/Security
0x000000000ec36000 	/System/Library/Frameworks/ApplicationServices.framework/Versions/A/ApplicationServices
0x000000000ec36000 	/usr/lib/libz.1.dylib
0x000000000ec36000 	/usr/lib/libSystem.B.dylib
0x000000000ec36000 	/usr/lib/libobjc.A.dylib
0x000000000ec36000 	/System/Library/Frameworks/CoreFoundation.framework/Versions/A/CoreFoundation
0x000000000ec36000 	/System/Library/Frameworks/Foundation.framework/Versions/C/Foundation
0x000000000ec36000 	/System/Library/Frameworks/AppKit.framework/Versions/C/AppKit
0x000000000ec36000 	/System/Library/Frameworks/CoreData.framework/Versions/A/CoreData
0x000000000ec36000 	/System/Library/PrivateFrameworks/RemoteViewServices.framework/Versions/A/RemoteViewServices
0x000000000ec36000 	/System/Library/PrivateFrameworks/UIFoundation.framework/Versions/A/UIFoundation
0x000000000ec36000 	/System/Library/PrivateFrameworks/DFRFoundation.framework/Versions/A/DFRFoundation
0x000000000ec36000 	/System/Library/Frameworks/Metal.framework/Versions/A/Metal
0x000000000ec36000 	/System/Library/PrivateFrameworks/DesktopServicesPriv.framework/Versions/A/DesktopServicesPriv
0x000000000ec36000 	/usr/lib/libenergytrace.dylib
0x000000000ec36000 	/System/Library/PrivateFrameworks/SkyLight.framework/Versions/A/SkyLight
0x000000000ec36000 	/System/Library/Frameworks/CoreGraphics.framework/Versions/A/CoreGraphics
0x000000000ec36000 	/usr/lib/libScreenReader.dylib
0x000000000ec36000 	/System/Library/Frameworks/Accelerate.framework/Versions/A/Accelerate
0x000000000ec36000 	/System/Library/Frameworks/IOSurface.framework/Versions/A/IOSurface
0x000000000ec36000 	/System/Library/Frameworks/AudioToolbox.framework/Versions/A/AudioToolbox
0x000000000ec36000 	/System/Library/Frameworks/AudioUnit.framework/Versions/A/AudioUnit
0x000000000ec36000 	/System/Library/PrivateFrameworks/DataDetectorsCore.framework/Versions/A/DataDetectorsCore
0x000000000ec36000 	/System/Library/Frameworks/Carbon.framework/Versions/A/Frameworks/HIToolbox.framework/Versions/A/HIToolbox
0x000000000ec36000 	/usr/lib/libicucore.A.dylib
0x000000000ec36000 	/System/Library/Frameworks/QuartzCore.framework/Versions/A/QuartzCore
0x000000000ec36000 	/System/Library/Frameworks/Carbon.framework/Versions/A/Frameworks/SpeechRecognition.framework/Versions/A/SpeechRecognition
0x000000000ec36000 	/usr/lib/libauto.dylib
0x000000000ec36000 	/usr/lib/libxml2.2.dylib
0x000000000ec36000 	/System/Library/PrivateFrameworks/CoreUI.framework/Versions/A/CoreUI
0x000000000ec36000 	/System/Library/Frameworks/CoreAudio.framework/Versions/A/CoreAudio
0x000000000ec36000 	/System/Library/Frameworks/DiskArbitration.framework/Versions/A/DiskArbitration
0x000000000ec36000 	/usr/lib/liblangid.dylib
0x000000000ec36000 	/System/Library/PrivateFrameworks/MultitouchSupport.framework/Versions/A/MultitouchSupport
0x000000000ec36000 	/System/Library/Frameworks/IOKit.framework/Versions/A/IOKit
0x000000000ec36000 	/usr/lib/libDiagnosticMessagesClient.dylib
0x000000000ec36000 	/System/Library/Frameworks/CoreServices.framework/Versions/A/CoreServices
0x000000000ec36000 	/System/Library/PrivateFrameworks/PerformanceAnalysis.framework/Versions/A/PerformanceAnalysis
0x000000000ec36000 	/System/Library/Frameworks/OpenGL.framework/Versions/A/OpenGL
0x000000000ec36000 	/System/Library/Frameworks/ColorSync.framework/Versions/A/ColorSync
0x000000000ec36000 	/System/Library/Frameworks/CoreImage.framework/Versions/A/CoreImage
0x000000000ec36000 	/System/Library/Frameworks/CoreText.framework/Versions/A/CoreText
0x000000000ec36000 	/System/Library/Frameworks/ImageIO.framework/Versions/A/ImageIO
0x000000000ec36000 	/System/Library/PrivateFrameworks/Backup.framework/Versions/A/Backup
0x000000000ec36000 	/usr/lib/libarchive.2.dylib
0x000000000ec36000 	/System/Library/Frameworks/CFNetwork.framework/Versions/A/CFNetwork
0x000000000ec36000 	/System/Library/Frameworks/SystemConfiguration.framework/Versions/A/SystemConfiguration
0x000000000ec36000 	/usr/lib/libCRFSuite.dylib
0x000000000ec36000 	/usr/lib/libc++.1.dylib
0x000000000ec36000 	/usr/lib/libc++abi.dylib
0x000000000ec36000 	/usr/lib/system/libcache.dylib
0x000000000ec36000 	/usr/lib/system/libcommonCrypto.dylib
0x000000000ec36000 	/usr/lib/system/libcompiler_rt.dylib
0x000000000ec36000 	/usr/lib/system/libcopyfile.dylib
0x000000000ec36000 	/usr/lib/system/libcorecrypto.dylib
0x000000000ec36000 	/usr/lib/system/libdispatch.dylib
0x000000000ec36000 	/usr/lib/system/libdyld.dylib
0x000000000ec36000 	/usr/lib/system/libkeymgr.dylib
0x000000000ec36000 	/usr/lib/system/liblaunch.dylib
0x000000000ec36000 	/usr/lib/system/libmacho.dylib
0x000000000ec36000 	/usr/lib/system/libquarantine.dylib
0x000000000ec36000 	/usr/lib/system/libremovefile.dylib
0x000000000ec36000 	/usr/lib/system/libsystem_asl.dylib
0x000000000ec36000 	/usr/lib/system/libsystem_blocks.dylib
0x000000000ec36000 	/usr/lib/system/libsystem_c.dylib
0x000000000ec36000 	/usr/lib/system/libsystem_configuration.dylib
0x000000000ec36000 	/usr/lib/system/libsystem_coreservices.dylib
0x000000000ec36000 	/usr/lib/system/libsystem_darwin.dylib
0x000000000ec36000 	/usr/lib/system/libsystem_dnssd.dylib
0x000000000ec36000 	/usr/lib/system/libsystem_info.dylib
0x000000000ec36000 	/usr/lib/system/libsystem_m.dylib
0x000000000ec36000 	/usr/lib/system/libsystem_malloc.dylib
0x000000000ec36000 	/usr/lib/system/libsystem_network.dylib
0x000000000ec36000 	/usr/lib/system/libsystem_networkextension.dylib
0x000000000ec36000 	/usr/lib/system/libsystem_notify.dylib
0x000000000ec36000 	/usr/lib/system/libsystem_sandbox.dylib
0x000000000ec36000 	/usr/lib/system/libsystem_secinit.dylib
0x000000000ec36000 	/usr/lib/system/libsystem_kernel.dylib
0x000000000ec36000 	/usr/lib/system/libsystem_platform.dylib
0x000000000ec36000 	/usr/lib/system/libsystem_pthread.dylib
0x000000000ec36000 	/usr/lib/system/libsystem_symptoms.dylib
0x000000000ec36000 	/usr/lib/system/libsystem_trace.dylib
0x000000000ec36000 	/usr/lib/system/libunwind.dylib
0x000000000ec36000 	/usr/lib/system/libxpc.dylib
0x000000000ec36000 	/usr/lib/closure/libclosured.dylib
0x000000000ec36000 	/usr/lib/libbsm.0.dylib
0x000000000ec36000 	/usr/lib/system/libkxld.dylib
0x000000000ec36000 	/usr/lib/libOpenScriptingUtil.dylib
0x000000000ec36000 	/usr/lib/libcoretls.dylib
0x000000000ec36000 	/usr/lib/libcoretls_cfhelpers.dylib
0x000000000ec36000 	/usr/lib/libpam.2.dylib
0x000000000ec36000 	/usr/lib/libsqlite3.dylib
0x000000000ec36000 	/usr/lib/libxar.1.dylib
0x000000000ec36000 	/usr/lib/libbz2.1.0.dylib
0x000000000ec36000 	/usr/lib/liblzma.5.dylib
0x000000000ec36000 	/usr/lib/libnetwork.dylib
0x000000000ec36000 	/usr/lib/libapple_nghttp2.dylib
0x000000000ec36000 	/usr/lib/libpcap.A.dylib
0x000000000ec36000 	/usr/lib/libboringssl.dylib
0x000000000ec36000 	/usr/lib/libusrtcp.dylib
0x000000000ec36000 	/usr/lib/libapple_crypto.dylib
0x000000000ec36000 	/System/Library/Frameworks/CoreServices.framework/Versions/A/Frameworks/FSEvents.framework/Versions/A/FSEvents
0x000000000ec36000 	/System/Library/Frameworks/CoreServices.framework/Versions/A/Frameworks/CarbonCore.framework/Versions/A/CarbonCore
0x000000000ec36000 	/System/Library/Frameworks/CoreServices.framework/Versions/A/Frameworks/Metadata.framework/Versions/A/Metadata
0x000000000ec36000 	/System/Library/Frameworks/CoreServices.framework/Versions/A/Frameworks/OSServices.framework/Versions/A/OSServices
0x000000000ec36000 	/System/Library/Frameworks/CoreServices.framework/Versions/A/Frameworks/SearchKit.framework/Versions/A/SearchKit
0x000000000ec36000 	/System/Library/Frameworks/CoreServices.framework/Versions/A/Frameworks/AE.framework/Versions/A/AE
0x000000000ec36000 	/System/Library/Frameworks/CoreServices.framework/Versions/A/Frameworks/LaunchServices.framework/Versions/A/LaunchServices
0x000000000ec36000 	/System/Library/Frameworks/CoreServices.framework/Versions/A/Frameworks/DictionaryServices.framework/Versions/A/DictionaryServices
0x000000000ec36000 	/System/Library/Frameworks/CoreServices.framework/Versions/A/Frameworks/SharedFileList.framework/Versions/A/SharedFileList
0x000000000ec36000 	/System/Library/Frameworks/NetFS.framework/Versions/A/NetFS
0x000000000ec36000 	/System/Library/PrivateFrameworks/NetAuth.framework/Versions/A/NetAuth
0x000000000ec36000 	/System/Library/PrivateFrameworks/login.framework/Versions/A/Frameworks/loginsupport.framework/Versions/A/loginsupport
0x000000000ec36000 	/System/Library/PrivateFrameworks/TCC.framework/Versions/A/TCC
0x000000000ec36000 	/usr/lib/libmecabra.dylib
0x000000000ec36000 	/System/Library/Frameworks/ApplicationServices.framework/Versions/A/Frameworks/ATS.framework/Versions/A/ATS
0x000000000ec36000 	/System/Library/Frameworks/ApplicationServices.framework/Versions/A/Frameworks/ColorSyncLegacy.framework/Versions/A/ColorSyncLegacy
0x000000000ec36000 	/System/Library/Frameworks/ApplicationServices.framework/Versions/A/Frameworks/HIServices.framework/Versions/A/HIServices
0x000000000ec36000 	/System/Library/Frameworks/ApplicationServices.framework/Versions/A/Frameworks/LangAnalysis.framework/Versions/A/LangAnalysis
0x000000000ec36000 	/System/Library/Frameworks/ApplicationServices.framework/Versions/A/Frameworks/PrintCore.framework/Versions/A/PrintCore
0x000000000ec36000 	/System/Library/Frameworks/ApplicationServices.framework/Versions/A/Frameworks/QD.framework/Versions/A/QD
0x000000000ec36000 	/System/Library/Frameworks/ApplicationServices.framework/Versions/A/Frameworks/SpeechSynthesis.framework/Versions/A/SpeechSynthesis
0x000000000ec36000 	/System/Library/Frameworks/CoreDisplay.framework/Versions/A/CoreDisplay
0x000000000ec36000 	/System/Library/Frameworks/Accelerate.framework/Versions/A/Frameworks/vImage.framework/Versions/A/vImage
0x000000000ec36000 	/System/Library/Frameworks/Accelerate.framework/Versions/A/Frameworks/vecLib.framework/Versions/A/vecLib
0x000000000ec36000 	/System/Library/Frameworks/Accelerate.framework/Versions/A/Frameworks/vecLib.framework/Versions/A/libvDSP.dylib
0x000000000ec36000 	/System/Library/Frameworks/Accelerate.framework/Versions/A/Frameworks/vecLib.framework/Versions/A/libBNNS.dylib
0x000000000ec36000 	/System/Library/Frameworks/Accelerate.framework/Versions/A/Frameworks/vecLib.framework/Versions/A/libQuadrature.dylib
0x000000000ec36000 	/System/Library/Frameworks/Accelerate.framework/Versions/A/Frameworks/vecLib.framework/Versions/A/libvMisc.dylib
0x000000000ec36000 	/System/Library/Frameworks/Accelerate.framework/Versions/A/Frameworks/vecLib.framework/Versions/A/libLAPACK.dylib
0x000000000ec36000 	/System/Library/Frameworks/Accelerate.framework/Versions/A/Frameworks/vecLib.framework/Versions/A/libBLAS.dylib
0x000000000ec36000 	/System/Library/Frameworks/Accelerate.framework/Versions/A/Frameworks/vecLib.framework/Versions/A/libLinearAlgebra.dylib
0x000000000ec36000 	/System/Library/Frameworks/Accelerate.framework/Versions/A/Frameworks/vecLib.framework/Versions/A/libSparse.dylib
0x000000000ec36000 	/System/Library/Frameworks/Accelerate.framework/Versions/A/Frameworks/vecLib.framework/Versions/A/libSparseBLAS.dylib
0x000000000ec36000 	/System/Library/PrivateFrameworks/IOAccelerator.framework/Versions/A/IOAccelerator
0x000000000ec36000 	/System/Library/PrivateFrameworks/IOPresentment.framework/Versions/A/IOPresentment
0x000000000ec36000 	/System/Library/PrivateFrameworks/DSExternalDisplay.framework/Versions/A/DSExternalDisplay
0x000000000ec36000 	/System/Library/Frameworks/OpenGL.framework/Versions/A/Libraries/libCoreFSCache.dylib
0x000000000ec36000 	/System/Library/Frameworks/CoreVideo.framework/Versions/A/CoreVideo
0x000000000ec36000 	/System/Library/PrivateFrameworks/GraphVisualizer.framework/Versions/A/GraphVisualizer
0x000000000ec36000 	/System/Library/Frameworks/MetalPerformanceShaders.framework/Versions/A/MetalPerformanceShaders
0x000000000ec36000 	/usr/lib/libFosl_dynamic.dylib
0x000000000ec36000 	/System/Library/PrivateFrameworks/FaceCore.framework/Versions/A/FaceCore
0x000000000ec36000 	/System/Library/Frameworks/OpenCL.framework/Versions/A/OpenCL
0x000000000ec36000 	/usr/lib/libcompression.dylib
0x000000000ec36000 	/System/Library/Frameworks/ApplicationServices.framework/Versions/A/Frameworks/ATS.framework/Versions/A/Resources/libFontParser.dylib
0x000000000ec36000 	/System/Library/Frameworks/ApplicationServices.framework/Versions/A/Frameworks/ATS.framework/Versions/A/Resources/libFontRegistry.dylib
0x000000000ec36000 	/System/Library/Frameworks/ImageIO.framework/Versions/A/Resources/libJPEG.dylib
0x000000000ec36000 	/System/Library/Frameworks/ImageIO.framework/Versions/A/Resources/libTIFF.dylib
0x000000000ec36000 	/System/Library/Frameworks/ImageIO.framework/Versions/A/Resources/libPng.dylib
0x000000000ec36000 	/System/Library/Frameworks/ImageIO.framework/Versions/A/Resources/libGIF.dylib
0x000000000ec36000 	/System/Library/Frameworks/ImageIO.framework/Versions/A/Resources/libJP2.dylib
0x000000000ec36000 	/System/Library/Frameworks/ImageIO.framework/Versions/A/Resources/libRadiance.dylib
0x000000000ec36000 	/System/Library/PrivateFrameworks/AppleJPEG.framework/Versions/A/AppleJPEG
0x000000000ec36000 	/System/Library/PrivateFrameworks/MetalTools.framework/Versions/A/MetalTools
0x000000000ec36000 	/System/Library/Frameworks/MetalPerformanceShaders.framework/Frameworks/MPSCore.framework/Versions/A/MPSCore
0x000000000ec36000 	/System/Library/Frameworks/MetalPerformanceShaders.framework/Frameworks/MPSImage.framework/Versions/A/MPSImage
0x000000000ec36000 	/System/Library/Frameworks/MetalPerformanceShaders.framework/Frameworks/MPSMatrix.framework/Versions/A/MPSMatrix
0x000000000ec36000 	/System/Library/Frameworks/MetalPerformanceShaders.framework/Frameworks/MPSNeuralNetwork.framework/Versions/A/MPSNeuralNetwork
0x000000000ec36000 	/System/Library/Frameworks/OpenGL.framework/Versions/A/Libraries/libGLU.dylib
0x000000000ec36000 	/System/Library/Frameworks/OpenGL.framework/Versions/A/Libraries/libGFXShared.dylib
0x000000000ec36000 	/System/Library/Frameworks/OpenGL.framework/Versions/A/Libraries/libGL.dylib
0x000000000ec36000 	/System/Library/Frameworks/OpenGL.framework/Versions/A/Libraries/libGLImage.dylib
0x000000000ec36000 	/System/Library/Frameworks/OpenGL.framework/Versions/A/Libraries/libCVMSPluginSupport.dylib
0x000000000ec36000 	/System/Library/Frameworks/OpenGL.framework/Versions/A/Libraries/libCoreVMClient.dylib
0x000000000ec36000 	/usr/lib/libcups.2.dylib
0x000000000ec36000 	/System/Library/Frameworks/Kerberos.framework/Versions/A/Kerberos
0x000000000ec36000 	/System/Library/Frameworks/GSS.framework/Versions/A/GSS
0x000000000ec36000 	/usr/lib/libresolv.9.dylib
0x000000000ec36000 	/usr/lib/libiconv.2.dylib
0x000000000ec36000 	/System/Library/PrivateFrameworks/Heimdal.framework/Versions/A/Heimdal
0x000000000ec36000 	/usr/lib/libheimdal-asn1.dylib
0x000000000ec36000 	/System/Library/Frameworks/OpenDirectory.framework/Versions/A/OpenDirectory
0x000000000ec36000 	/System/Library/PrivateFrameworks/CommonAuth.framework/Versions/A/CommonAuth
0x000000000ec36000 	/System/Library/Frameworks/OpenDirectory.framework/Versions/A/Frameworks/CFOpenDirectory.framework/Versions/A/CFOpenDirectory
0x000000000ec36000 	/System/Library/Frameworks/SecurityFoundation.framework/Versions/A/SecurityFoundation
0x000000000ec36000 	/System/Library/PrivateFrameworks/APFS.framework/Versions/A/APFS
0x000000000ec36000 	/usr/lib/libutil.dylib
0x000000000ec36000 	/System/Library/PrivateFrameworks/AppleSauce.framework/Versions/A/AppleSauce
0x000000000ec36000 	/System/Library/PrivateFrameworks/LinguisticData.framework/Versions/A/LinguisticData
0x000000000ec36000 	/usr/lib/libmarisa.dylib
0x000000000ec36000 	/System/Library/PrivateFrameworks/Lexicon.framework/Versions/A/Lexicon
0x000000000ec36000 	/usr/lib/libChineseTokenizer.dylib
0x000000000ec36000 	/usr/lib/libcmph.dylib
0x000000000ec36000 	/System/Library/PrivateFrameworks/LanguageModeling.framework/Versions/A/LanguageModeling
0x000000000ec36000 	/System/Library/PrivateFrameworks/CoreEmoji.framework/Versions/A/CoreEmoji
0x000000000ec36000 	/System/Library/Frameworks/ServiceManagement.framework/Versions/A/ServiceManagement
0x000000000ec36000 	/System/Library/PrivateFrameworks/BackgroundTaskManagement.framework/Versions/A/BackgroundTaskManagement
0x000000000ec36000 	/usr/lib/libxslt.1.dylib
0x000000000ec36000 	/System/Library/Frameworks/Carbon.framework/Versions/A/Frameworks/Ink.framework/Versions/A/Ink
0x000000000ec36000 	/System/Library/PrivateFrameworks/TextureIO.framework/Versions/A/TextureIO
0x000000000ec36000 	/usr/lib/libate.dylib
0x000000000ec36000 	/System/Library/PrivateFrameworks/CrashReporterSupport.framework/Versions/A/CrashReporterSupport
0x000000000ec36000 	/System/Library/PrivateFrameworks/Sharing.framework/Versions/A/Sharing
0x000000000ec36000 	/System/Library/PrivateFrameworks/IconServices.framework/Versions/A/IconServices
0x000000000ec36000 	/System/Library/PrivateFrameworks/ProtocolBuffer.framework/Versions/A/ProtocolBuffer
0x000000000ec36000 	/System/Library/PrivateFrameworks/Apple80211.framework/Versions/A/Apple80211
0x000000000ec36000 	/System/Library/Frameworks/CoreWLAN.framework/Versions/A/CoreWLAN
0x000000000ec36000 	/System/Library/PrivateFrameworks/CoreUtils.framework/Versions/A/CoreUtils
0x000000000ec36000 	/System/Library/Frameworks/IOBluetooth.framework/Versions/A/IOBluetooth
0x000000000ec36000 	/System/Library/PrivateFrameworks/CoreWiFi.framework/Versions/A/CoreWiFi
0x000000000ec36000 	/System/Library/Frameworks/CoreBluetooth.framework/Versions/A/CoreBluetooth
0x000000000ec36000 	/System/Library/PrivateFrameworks/SignpostNotification.framework/Versions/A/SignpostNotification
0x000000000ec36000 	/System/Library/PrivateFrameworks/DebugSymbols.framework/Versions/A/DebugSymbols
0x000000000ec36000 	/System/Library/PrivateFrameworks/CoreSymbolication.framework/Versions/A/CoreSymbolication
0x000000000ec36000 	/System/Library/PrivateFrameworks/Symbolication.framework/Versions/A/Symbolication
0x000000000ec36000 	/System/Library/PrivateFrameworks/AppleFSCompression.framework/Versions/A/AppleFSCompression
0x000000000ec36000 	/System/Library/PrivateFrameworks/SpeechRecognitionCore.framework/Versions/A/SpeechRecognitionCore
0x0000000105c00000 	/Library/Java/JavaVirtualMachines/jdk1.8.0_45.jdk/Contents/Home/jre/lib/server/libjvm.dylib
0x000000000ec36000 	/usr/lib/libstdc++.6.0.9.dylib
0x0000000104a16000 	/Library/Java/JavaVirtualMachines/jdk1.8.0_45.jdk/Contents/Home/jre/lib/libverify.dylib
0x0000000104a24000 	/Library/Java/JavaVirtualMachines/jdk1.8.0_45.jdk/Contents/Home/jre/lib/libjava.dylib
0x0000000104aa3000 	/Library/Java/JavaVirtualMachines/jdk1.8.0_45.jdk/Contents/Home/jre/lib/libzip.dylib
0x000000000ec36000 	/System/Library/Frameworks/JavaVM.framework/Versions/A/Frameworks/JavaRuntimeSupport.framework/Versions/A/JavaRuntimeSupport
0x000000000ec36000 	/System/Library/Frameworks/JavaVM.framework/Versions/A/Frameworks/JavaNativeFoundation.framework/Versions/A/JavaNativeFoundation
0x000000000ec36000 	/System/Library/Frameworks/JavaVM.framework/Versions/A/JavaVM
0x000000000ec36000 	/System/Library/Frameworks/Carbon.framework/Versions/A/Carbon
0x000000000ec36000 	/System/Library/PrivateFrameworks/JavaLaunching.framework/Versions/A/JavaLaunching
0x000000000ec36000 	/System/Library/Frameworks/Carbon.framework/Versions/A/Frameworks/CommonPanels.framework/Versions/A/CommonPanels
0x000000000ec36000 	/System/Library/Frameworks/Carbon.framework/Versions/A/Frameworks/Help.framework/Versions/A/Help
0x000000000ec36000 	/System/Library/Frameworks/Carbon.framework/Versions/A/Frameworks/ImageCapture.framework/Versions/A/ImageCapture
0x000000000ec36000 	/System/Library/Frameworks/Carbon.framework/Versions/A/Frameworks/OpenScripting.framework/Versions/A/OpenScripting
0x000000000ec36000 	/System/Library/Frameworks/Carbon.framework/Versions/A/Frameworks/Print.framework/Versions/A/Print
0x000000000ec36000 	/System/Library/Frameworks/Carbon.framework/Versions/A/Frameworks/SecurityHI.framework/Versions/A/SecurityHI
0x000000010c4f2000 	/Library/Java/JavaVirtualMachines/jdk1.8.0_45.jdk/Contents/Home/jre/lib/libprism_es2.dylib
0x000000000ec36000 	/System/Library/PrivateFrameworks/CoreServicesInternal.framework/Versions/A/CoreServicesInternal
0x000000000ec36000 	/System/Library/Frameworks/OpenGL.framework/Versions/A/Resources/GLEngine.bundle/GLEngine
0x000000000ec36000 	/System/Library/Frameworks/OpenGL.framework/Versions/A/Libraries/libGLProgrammability.dylib
0x000000010c59c000 	/System/Library/Extensions/AppleIntelHD5000GraphicsGLDriver.bundle/Contents/MacOS/AppleIntelHD5000GraphicsGLDriver
0x000000000ec36000 	/System/Library/PrivateFrameworks/GPUSupport.framework/Versions/A/Libraries/libGPUSupportMercury.dylib
0x000000000ec36000 	/System/Library/Frameworks/OpenGL.framework/Versions/A/Resources/GLRendererFloat.bundle/GLRendererFloat
0x000000000ec36000 	/System/Library/Frameworks/OpenCL.framework/Versions/A/Libraries/libcldcpuengine.dylib
0x000000000ec36000 	/usr/lib/libcrypto.35.dylib
0x000000000ec36000 	/System/Library/PrivateFrameworks/TrustEvaluationAgent.framework/Versions/A/TrustEvaluationAgent
0x000000010d131000 	/Library/Java/JavaVirtualMachines/jdk1.8.0_45.jdk/Contents/Home/jre/lib/libglass.dylib
0x000000000ec36000 	/System/Library/CoreServices/RawCamera.bundle/Contents/MacOS/RawCamera
0x000000000ec36000 	/System/Library/PrivateFrameworks/MobileAsset.framework/Versions/A/MobileAsset
0x000000000ec36000 	/System/Library/PrivateFrameworks/StreamingZip.framework/Versions/A/StreamingZip
0x000000000ec36000 	/System/Library/Frameworks/MediaToolbox.framework/Versions/A/MediaToolbox
0x000000000ec36000 	/System/Library/PrivateFrameworks/CoreAVCHD.framework/Versions/A/CoreAVCHD
0x000000000ec36000 	/System/Library/Frameworks/MediaAccessibility.framework/Versions/A/MediaAccessibility
0x000000000ec36000 	/System/Library/PrivateFrameworks/Mangrove.framework/Versions/A/Mangrove
0x000000000ec36000 	/System/Library/Frameworks/CoreMedia.framework/Versions/A/CoreMedia
0x000000000ec36000 	/System/Library/Frameworks/VideoToolbox.framework/Versions/A/VideoToolbox
0x000000000ec36000 	/System/Library/PrivateFrameworks/CoreAUC.framework/Versions/A/CoreAUC
0x000000000ec36000 	/usr/lib/libspindump.dylib
0x000000000ec36000 	/usr/lib/libdscsym.dylib
0x000000000ec36000 	/System/Library/PrivateFrameworks/AppleVA.framework/Versions/A/AppleVA
0x000000000ec36000 	/System/Library/Frameworks/Accelerate.framework/Versions/A/Frameworks/vImage.framework/Versions/A/Libraries/libCGInterfaces.dylib
0x000000000ec36000 	/System/Library/PrivateFrameworks/FamilyControls.framework/Versions/A/FamilyControls
0x000000000ec36000 	/System/Library/PrivateFrameworks/CommerceKit.framework/Versions/A/Frameworks/CommerceCore.framework/Versions/A/CommerceCore
0x000000000ec36000 	/System/Library/PrivateFrameworks/SystemAdministration.framework/Versions/A/SystemAdministration
0x000000000ec36000 	/System/Library/PrivateFrameworks/AppContainer.framework/Versions/A/AppContainer
0x000000000ec36000 	/System/Library/PrivateFrameworks/SecCodeWrapper.framework/Versions/A/SecCodeWrapper
0x000000000ec36000 	/System/Library/PrivateFrameworks/DiskManagement.framework/Versions/A/DiskManagement
0x000000000ec36000 	/System/Library/Frameworks/DirectoryService.framework/Versions/A/DirectoryService
0x000000000ec36000 	/System/Library/PrivateFrameworks/DiskImages.framework/Versions/A/DiskImages
0x000000000ec36000 	/System/Library/PrivateFrameworks/LoginUIKit.framework/Versions/A/Frameworks/LoginUICore.framework/Versions/A/LoginUICore
0x000000000ec36000 	/usr/lib/libCoreStorage.dylib
0x000000000ec36000 	/usr/lib/libcsfde.dylib
0x000000000ec36000 	/usr/lib/libodfde.dylib
0x000000000ec36000 	/System/Library/PrivateFrameworks/MediaKit.framework/Versions/A/MediaKit
0x000000000ec36000 	/System/Library/Frameworks/DiscRecording.framework/Versions/A/DiscRecording
0x000000000ec36000 	/System/Library/PrivateFrameworks/EFILogin.framework/Versions/A/EFILogin
0x000000000ec36000 	/System/Library/PrivateFrameworks/ProtectedCloudStorage.framework/Versions/A/ProtectedCloudStorage
0x000000000ec36000 	/usr/lib/libcurl.4.dylib
0x000000000ec36000 	/usr/lib/libssl.35.dylib
0x000000000ec36000 	/System/Library/Frameworks/LDAP.framework/Versions/A/LDAP
0x000000000ec36000 	/usr/lib/libsasl2.2.dylib
0x000000000ec36000 	/System/Library/PrivateFrameworks/CoreDaemon.framework/Versions/B/CoreDaemon
0x000000000ec36000 	/System/Library/PrivateFrameworks/AppleSRP.framework/Versions/A/AppleSRP
0x000000000ec36000 	/System/Library/Frameworks/ApplicationServices.framework/Versions/A/Frameworks/ATS.framework/Versions/A/Resources/libTrueTypeScaler.dylib
0x000000000ec36000 	/System/Library/Extensions/AppleIntelHD5000GraphicsMTLDriver.bundle/Contents/MacOS/AppleIntelHD5000GraphicsMTLDriver
0x000000000ec36000 	/System/Library/PrivateFrameworks/GPUCompiler.framework/Versions/3802/Libraries/libmetal_timestamp.dylib

VM Arguments:
jvm_args: -Dfile.encoding=UTF-8 
java_command: assignment1.Main
java_class_path (initial): /Users/kevingonzales/Desktop/School/ApplicationProggramming/assignment1/bin
Launcher Type: SUN_STANDARD

Environment Variables:
PATH=/usr/bin:/bin:/usr/sbin:/sbin
SHELL=/bin/bash

Signal Handlers:
SIGSEGV: [libjvm.dylib+0x58ef95], sa_mask[0]=11111111011111110111111111111111, sa_flags=SA_ONSTACK|SA_RESTART|SA_SIGINFO
SIGBUS: [libjvm.dylib+0x58ef95], sa_mask[0]=11111111011111110111111111111111, sa_flags=SA_RESTART|SA_SIGINFO
SIGFPE: [libjvm.dylib+0x46c108], sa_mask[0]=11111111011111110111111111111111, sa_flags=SA_RESTART|SA_SIGINFO
SIGPIPE: [libjvm.dylib+0x46c108], sa_mask[0]=11111111011111110111111111111111, sa_flags=SA_RESTART|SA_SIGINFO
SIGXFSZ: [libjvm.dylib+0x46c108], sa_mask[0]=11111111011111110111111111111111, sa_flags=SA_RESTART|SA_SIGINFO
SIGILL: [libjvm.dylib+0x46c108], sa_mask[0]=11111111011111110111111111111111, sa_flags=SA_RESTART|SA_SIGINFO
SIGUSR1: SIG_DFL, sa_mask[0]=00000000000000000000000000000000, sa_flags=none
SIGUSR2: [libjvm.dylib+0x46bc26], sa_mask[0]=00100000000000000000000000000000, sa_flags=SA_RESTART|SA_SIGINFO
SIGHUP: [libjvm.dylib+0x46a1f9], sa_mask[0]=11111111011111110111111111111111, sa_flags=SA_RESTART|SA_SIGINFO
SIGINT: [libjvm.dylib+0x46a1f9], sa_mask[0]=11111111011111110111111111111111, sa_flags=SA_RESTART|SA_SIGINFO
SIGTERM: [libjvm.dylib+0x46a1f9], sa_mask[0]=11111111011111110111111111111111, sa_flags=SA_RESTART|SA_SIGINFO
SIGQUIT: [libjvm.dylib+0x46a1f9], sa_mask[0]=11111111011111110111111111111111, sa_flags=SA_RESTART|SA_SIGINFO


---------------  S Y S T E M  ---------------

OS:Bsduname:Darwin 17.3.0 Darwin Kernel Version 17.3.0: Thu Nov  9 18:09:22 PST 2017; root:xnu-4570.31.3~1/RELEASE_X86_64 x86_64
rlimit: STACK 8192k, CORE 0k, NPROC 1418, NOFILE 10240, AS infinity
load average:2.02 1.82 1.91

CPU:total 8 (4 cores per cpu, 2 threads per core) family 6 model 70 stepping 1, cmov, cx8, fxsr, mmx, sse, sse2, sse3, ssse3, sse4.1, sse4.2, popcnt, avx, avx2, aes, clmul, erms, lzcnt, ht, tsc, tscinvbit, bmi1, bmi2

Memory: 4k page, physical 16777216k(1761152k free)

/proc/meminfo:


vm_info: Java HotSpot(TM) 64-Bit Server VM (25.45-b02) for bsd-amd64 JRE (1.8.0_45-b14), built on Apr 10 2015 10:46:38 by "java_re" with gcc 4.2.1 (Based on Apple Inc. build 5658) (LLVM build 2336.11.00)

time: Wed Jan 24 12:00:15 2018
elapsed time: 0 seconds (0d 0h 0m 0s)

