#
# A fatal error has been detected by the Java Runtime Environment:
#
#  SIGSEGV (0xb) at pc=0x0000000125d3458d, pid=2552, tid=775
#
# JRE version: Java(TM) SE Runtime Environment (8.0_45-b14) (build 1.8.0_45-b14)
# Java VM: Java HotSpot(TM) 64-Bit Server VM (25.45-b02 mixed mode bsd-amd64 compressed oops)
# Problematic frame:
# C  [libglass.dylib+0x1558d]  GlassScreenDidChangeScreenParameters+0x9d
#
# Failed to write core dump. Core dumps have been disabled. To enable core dumping, try "ulimit -c unlimited" before starting Java again
#
# If you would like to submit a bug report, please visit:
#   http://bugreport.java.com/bugreport/crash.jsp
#

---------------  T H R E A D  ---------------

Current thread is native thread

siginfo: si_signo: 11 (SIGSEGV), si_code: 1 (SEGV_MAPERR), si_addr: 0x0000000000000000

Registers:
RAX=0x0000000125d66bc0, RBX=0x0000000000000000, RCX=0xc8fb57e1e97f00c9, RDX=0x00007fc974552908
RSP=0x00007ffee97119a0, RBP=0x00007ffee97119b0, RSI=0x00007fc9747042a0, RDI=0x0000000000000000
R8 =0x00007fff91315048, R9 =0x0000000000000040, R10=0x00007fff91315040, R11=0xffffffffffffffff
R12=0x0000000000000000, R13=0x00007fc9745526f0, R14=0x00007fc974753990, R15=0x0000000000000000
RIP=0x0000000125d3458d, EFLAGS=0x0000000000010202, ERR=0x0000000000000004
  TRAPNO=0x000000000000000e

Top of Stack: (sp=0x00007ffee97119a0)
0x00007ffee97119a0:   00007fc9745527b0 00007fc974753990
0x00007ffee97119b0:   00007ffee97119c0 00007fff309ddbbc
0x00007ffee97119c0:   00007ffee9711a30 00007fff309ddaaa
0x00007ffee97119d0:   00007fc98384c060 00007fff91310060
0x00007ffee97119e0:   00000000c2000000 00007fff309ddb10
0x00007ffee97119f0:   00007fff8ac12b38 00007fc9745526f0
0x00007ffee9711a00:   00007fc974753990 00007ffee9712278
0x00007ffee9711a10:   00007fff576e1e80 0000000000000000
0x00007ffee9711a20:   00007fc9745526f0 00007fff2ec39058
0x00007ffee9711a30:   00007ffee9711a70 00007fff309dd7f2
0x00007ffee9711a40:   00007ffee9712040 0000000000000000
0x00007ffee9711a50:   00007fff576e1e80 0000000000000000
0x00007ffee9711a60:   00007ffee9712278 00007fff2ec39058
0x00007ffee9711a70:   00007ffee9712190 00007fff3099b670
0x00007ffee9711a80:   00007ffe00000053 00007ffee97119a0
0x00007ffee9711a90:   00007fc976017fd0 00007fff8ad4bc01
0x00007ffee9711aa0:   0000000000000000 00007fc976049db0
0x00007ffee9711ab0:   00007fff8ad4bcc0 00007fff8ac54998
0x00007ffee9711ac0:   00007fff8ac14b50 00007fff58488384
0x00007ffee9711ad0:   0000000000000000 00007fc9745527e0
0x00007ffee9711ae0:   0000000000000000 0000000000000000
0x00007ffee9711af0:   00007ffee9712040 0000000000000001
0x00007ffee9711b00:   0000000000000100 00007fc9745fc000
0x00007ffee9711b10:   00007ffee9711f40 0000000000000000
0x00007ffee9711b20:   0000000000000100 00007fc9745e7600
0x00007ffee9711b30:   0000000106508080 00007fc9748b9050
0x00007ffee9711b40:   000000010650be00 0000000000000002
0x00007ffee9711b50:   000000010650be00 0000000000000019
0x00007ffee9711b60:   0000000106508080 00007fc974500000
0x00007ffee9711b70:   000000000000c900 0000000000000001
0x00007ffee9711b80:   00007fc97617d000 000000000000c900
0x00007ffee9711b90:   00007ffee9711c20 00007fff5849eb66 

Instructions: (pc=0x0000000125d3458d)
0x0000000125d3456d:   89 df 4c 89 f1 41 ff 90 68 04 00 00 48 8d 05 48
0x0000000125d3457d:   25 03 00 48 8b 30 48 8d 05 36 26 03 00 48 8b 10
0x0000000125d3458d:   48 8b 0b 30 c0 48 89 df ff 91 68 04 00 00 48 8b
0x0000000125d3459d:   03 48 89 df ff 50 78 48 85 c0 74 36 49 89 c6 48 

Register to memory mapping:

RAX=0x0000000125d66bc0: jScreenNotifySettingsChanged+0 in /Library/Java/JavaVirtualMachines/jdk1.8.0_45.jdk/Contents/Home/jre/lib/libglass.dylib at 0x0000000125d1f000
RBX=0x0000000000000000 is an unknown value
RCX=0xc8fb57e1e97f00c9 is an unknown value
RDX=0x00007fc974552908 is an unknown value
RSP=0x00007ffee97119a0 is an unknown value
RBP=0x00007ffee97119b0 is an unknown value
RSI=0x00007fc9747042a0 is a global jni handle
RDI=0x0000000000000000 is an unknown value
R8 =0x00007fff91315048: __sFX+0x1c8 in /usr/lib/system/libsystem_c.dylib at 0x00007fff5832e000
R9 =0x0000000000000040 is an unknown value
R10=0x00007fff91315040: __sFX+0x1c0 in /usr/lib/system/libsystem_c.dylib at 0x00007fff5832e000
R11=0xffffffffffffffff is an unknown value
R12=0x0000000000000000 is an unknown value
R13=0x00007fc9745526f0 is an unknown value
R14=0x00007fc974753990 is an unknown value
R15=0x0000000000000000 is an unknown value


Stack: [0x00007ffee8f15000,0x00007ffee9715000],  sp=0x00007ffee97119a0,  free space=8178k
Native frames: (J=compiled Java code, j=interpreted, Vv=VM code, C=native code)
C  [libglass.dylib+0x1558d]  GlassScreenDidChangeScreenParameters+0x9d
C  [CoreFoundation+0x9abbc]  __CFNOTIFICATIONCENTER_IS_CALLING_OUT_TO_AN_OBSERVER__+0xc
C  [CoreFoundation+0x9aaaa]  _CFXRegistrationPost+0x1ba
C  [CoreFoundation+0x9a7f2]  ___CFXNotificationPost_block_invoke+0x32
C  [CoreFoundation+0x58670]  -[_CFXNotificationRegistrar find:object:observer:enumerator:]+0x680
C  [CoreFoundation+0x577a3]  _CFXNotificationPost+0x253
C  [Foundation+0x6467]  -[NSNotificationCenter postNotificationName:object:userInfo:]+0x42
C  [AppKit+0xbc1723]  -[NSApplication(ScreenHandling) _reactToScreenInvalidationImmediately:]+0x162
C  [AppKit+0xbc1585]  __60-[NSApplication(ScreenHandling) _reactToScreenInvalidation:]_block_invoke+0x3b
C  [CoreFoundation+0xa358c]  __CFRUNLOOP_IS_CALLING_OUT_TO_A_BLOCK__+0xc
C  [CoreFoundation+0x86043]  __CFRunLoopDoBlocks+0x113
C  [CoreFoundation+0x85e08]  __CFRunLoopRun+0xc38
C  [CoreFoundation+0x84f43]  CFRunLoopRunSpecific+0x1e3
C  [java+0x6490]  CreateExecutionEnvironment+0x367
C  [java+0x221c]  JLI_Launch+0x7a0
C  [java+0x84ed]  main+0x65
C  [java+0x1a74]  start+0x34


---------------  P R O C E S S  ---------------

VM state:not at safepoint (normal execution)

VM Mutex/Monitor currently owned by a thread: None

Heap:
 PSYoungGen      total 76288K, used 31346K [0x000000076ab00000, 0x0000000770000000, 0x00000007c0000000)
  eden space 65536K, 47% used [0x000000076ab00000,0x000000076c99ca30,0x000000076eb00000)
  from space 10752K, 0% used [0x000000076eb00000,0x000000076eb00000,0x000000076f580000)
  to   space 10752K, 0% used [0x000000076f580000,0x000000076f580000,0x0000000770000000)
 ParOldGen       total 123904K, used 9545K [0x00000006c0000000, 0x00000006c7900000, 0x000000076ab00000)
  object space 123904K, 7% used [0x00000006c0000000,0x00000006c09525f0,0x00000006c7900000)
 Metaspace       used 24569K, capacity 25470K, committed 25648K, reserved 1071104K
  class space    used 3427K, capacity 3630K, committed 3632K, reserved 1048576K

Card table byte_map: [0x0000000108929000,0x000000010912a000] byte_map_base: 0x0000000105329000

Marking Bits: (ParMarkBitMap*) 0x0000000107ec27a0
 Begin Bits: [0x0000000118ed1000, 0x000000011ced1000)
 End Bits:   [0x000000011ced1000, 0x0000000120ed1000)

Polling page: 0x000000010656f000

CodeCache: size=245760Kb used=6749Kb max_used=6749Kb free=239011Kb
 bounds [0x0000000109ed1000, 0x000000010a571000, 0x0000000118ed1000]
 total_blobs=2973 nmethods=2213 adapters=673
 compilation: enabled

Compilation events (10 events):
Event: 973.115 Thread 0x00007fc97482c000 2204       3       java.util.concurrent.locks.ReentrantLock::lock (8 bytes)
Event: 973.116 Thread 0x00007fc97482c000 nmethod 2204 0x000000010a554050 code [0x000000010a5541c0, 0x000000010a5543e8]
Event: 973.116 Thread 0x00007fc97482c000 2205       3       com.sun.javafx.tk.Toolkit::isFxUserThread (15 bytes)
Event: 973.116 Thread 0x00007fc97482c000 nmethod 2205 0x000000010a553c50 code [0x000000010a553dc0, 0x000000010a553f90]
Event: 973.122 Thread 0x00007fc97482c000 2206       3       java.lang.StringBuilder::charAt (6 bytes)
Event: 973.122 Thread 0x00007fc97482c000 nmethod 2206 0x000000010a5595d0 code [0x000000010a559760, 0x000000010a559a88]
Event: 973.122 Thread 0x00007fc97482c000 2207       3       java.lang.AbstractStringBuilder::charAt (28 bytes)
Event: 973.122 Thread 0x00007fc97482c000 nmethod 2207 0x000000010a559010 code [0x000000010a5591a0, 0x000000010a559468]
Event: 973.125 Thread 0x00007fc97482c000 2208       3       jdk.internal.org.objectweb.asm.ClassWriter::toByteArray (1289 bytes)
Event: 973.130 Thread 0x00007fc97482c000 nmethod 2208 0x000000010a56a450 code [0x000000010a56ac60, 0x000000010a56ea18]

GC Heap History (4 events):
Event: 1.469 GC heap before
{Heap before GC invocations=1 (full 0):
 PSYoungGen      total 76288K, used 55753K [0x000000076ab00000, 0x0000000770000000, 0x00000007c0000000)
  eden space 65536K, 85% used [0x000000076ab00000,0x000000076e172510,0x000000076eb00000)
  from space 10752K, 0% used [0x000000076f580000,0x000000076f580000,0x0000000770000000)
  to   space 10752K, 0% used [0x000000076eb00000,0x000000076eb00000,0x000000076f580000)
 ParOldGen       total 175104K, used 0K [0x00000006c0000000, 0x00000006cab00000, 0x000000076ab00000)
  object space 175104K, 0% used [0x00000006c0000000,0x00000006c0000000,0x00000006cab00000)
 Metaspace       used 20820K, capacity 21276K, committed 21296K, reserved 1067008K
  class space    used 2707K, capacity 2855K, committed 2864K, reserved 1048576K
Event: 1.478 GC heap after
Heap after GC invocations=1 (full 0):
 PSYoungGen      total 76288K, used 9883K [0x000000076ab00000, 0x0000000770000000, 0x00000007c0000000)
  eden space 65536K, 0% used [0x000000076ab00000,0x000000076ab00000,0x000000076eb00000)
  from space 10752K, 91% used [0x000000076eb00000,0x000000076f4a6d90,0x000000076f580000)
  to   space 10752K, 0% used [0x000000076f580000,0x000000076f580000,0x0000000770000000)
 ParOldGen       total 175104K, used 80K [0x00000006c0000000, 0x00000006cab00000, 0x000000076ab00000)
  object space 175104K, 0% used [0x00000006c0000000,0x00000006c0014010,0x00000006cab00000)
 Metaspace       used 20820K, capacity 21276K, committed 21296K, reserved 1067008K
  class space    used 2707K, capacity 2855K, committed 2864K, reserved 1048576K
}
Event: 1.478 GC heap before
{Heap before GC invocations=2 (full 1):
 PSYoungGen      total 76288K, used 9883K [0x000000076ab00000, 0x0000000770000000, 0x00000007c0000000)
  eden space 65536K, 0% used [0x000000076ab00000,0x000000076ab00000,0x000000076eb00000)
  from space 10752K, 91% used [0x000000076eb00000,0x000000076f4a6d90,0x000000076f580000)
  to   space 10752K, 0% used [0x000000076f580000,0x000000076f580000,0x0000000770000000)
 ParOldGen       total 175104K, used 80K [0x00000006c0000000, 0x00000006cab00000, 0x000000076ab00000)
  object space 175104K, 0% used [0x00000006c0000000,0x00000006c0014010,0x00000006cab00000)
 Metaspace       used 20820K, capacity 21276K, committed 21296K, reserved 1067008K
  class space    used 2707K, capacity 2855K, committed 2864K, reserved 1048576K
Event: 1.502 GC heap after
Heap after GC invocations=2 (full 1):
 PSYoungGen      total 76288K, used 0K [0x000000076ab00000, 0x0000000770000000, 0x00000007c0000000)
  eden space 65536K, 0% used [0x000000076ab00000,0x000000076ab00000,0x000000076eb00000)
  from space 10752K, 0% used [0x000000076eb00000,0x000000076eb00000,0x000000076f580000)
  to   space 10752K, 0% used [0x000000076f580000,0x000000076f580000,0x0000000770000000)
 ParOldGen       total 123904K, used 9545K [0x00000006c0000000, 0x00000006c7900000, 0x000000076ab00000)
  object space 123904K, 7% used [0x00000006c0000000,0x00000006c09525f0,0x00000006c7900000)
 Metaspace       used 20820K, capacity 21276K, committed 21296K, reserved 1067008K
  class space    used 2707K, capacity 2855K, committed 2864K, reserved 1048576K
}

Deoptimization events (10 events):
Event: 1.424 Thread 0x00007fc9748b8800 Uncommon trap: reason=class_check action=maybe_recompile pc=0x0000000109ff5d9c method=java.lang.String.equals(Ljava/lang/Object;)Z @ 8
Event: 1.749 Thread 0x00007fc9748b8800 Uncommon trap: reason=unstable_if action=reinterpret pc=0x000000010a0e9f60 method=java.lang.CharacterData.of(I)Ljava/lang/CharacterData; @ 4
Event: 1.751 Thread 0x00007fc9748b8800 Uncommon trap: reason=unstable_if action=reinterpret pc=0x000000010a2bc190 method=java.io.UnixFileSystem.normalize(Ljava/lang/String;)Ljava/lang/String; @ 60
Event: 2.224 Thread 0x00007fc9748b8800 Uncommon trap: reason=unstable_if action=reinterpret pc=0x000000010a318ff4 method=jdk.internal.org.objectweb.asm.Type.getArgumentsAndReturnSizes(Ljava/lang/String;)I @ 47
Event: 3.150 Thread 0x00007fc9748b8800 Uncommon trap: reason=array_check action=maybe_recompile pc=0x000000010a4bbb24 method=com.sun.javafx.css.SimpleSelector.applies(Ljavafx/css/Styleable;[Ljava/util/Set;I)Z @ 37
Event: 3.150 Thread 0x00007fc9748b8800 Uncommon trap: reason=array_check action=maybe_recompile pc=0x000000010a4d566c method=com.sun.javafx.css.SimpleSelector.applies(Ljavafx/css/Styleable;[Ljava/util/Set;I)Z @ 37
Event: 3.150 Thread 0x00007fc9748b8800 Uncommon trap: reason=array_check action=maybe_recompile pc=0x000000010a4d566c method=com.sun.javafx.css.SimpleSelector.applies(Ljavafx/css/Styleable;[Ljava/util/Set;I)Z @ 37
Event: 3.150 Thread 0x00007fc9748b8800 Uncommon trap: reason=array_check action=maybe_recompile pc=0x000000010a4d566c method=com.sun.javafx.css.SimpleSelector.applies(Ljavafx/css/Styleable;[Ljava/util/Set;I)Z @ 37
Event: 3.150 Thread 0x00007fc9748b8800 Uncommon trap: reason=array_check action=maybe_recompile pc=0x000000010a4bbb24 method=com.sun.javafx.css.SimpleSelector.applies(Ljavafx/css/Styleable;[Ljava/util/Set;I)Z @ 37
Event: 3.172 Thread 0x00007fc9748b8800 Uncommon trap: reason=unstable_if action=reinterpret pc=0x000000010a359718 method=sun.util.calendar.ZoneInfo.getOffsets(J[II)I @ 112

Internal exceptions (10 events):
Event: 0.149 Thread 0x00007fc976800800 Exception <a 'java/security/PrivilegedActionException'> (0x000000076afd8690) thrown at [/Users/java_re/workspace/8-2-build-macosx-x86_64/jdk8u45/3457/hotspot/src/share/vm/prims/jvm.cpp, line 1382]
Event: 0.149 Thread 0x00007fc976800800 Exception <a 'java/security/PrivilegedActionException'> (0x000000076afd8848) thrown at [/Users/java_re/workspace/8-2-build-macosx-x86_64/jdk8u45/3457/hotspot/src/share/vm/prims/jvm.cpp, line 1382]
Event: 0.149 Thread 0x00007fc976800800 Exception <a 'java/lang/NullPointerException'> (0x000000076afd8fe0) thrown at [/Users/java_re/workspace/8-2-build-macosx-x86_64/jdk8u45/3457/hotspot/src/share/vm/interpreter/linkResolver.cpp, line 1178]
Event: 0.645 Thread 0x00007fc9748b8800 Exception <a 'java/lang/ArrayIndexOutOfBoundsException': 18> (0x000000076c5e3e38) thrown at [/Users/java_re/workspace/8-2-build-macosx-x86_64/jdk8u45/3457/hotspot/src/share/vm/interpreter/interpreterRuntime.cpp, line 366]
Event: 0.645 Thread 0x00007fc9748b8800 Exception <a 'java/lang/ArrayIndexOutOfBoundsException': 110> (0x000000076c5e52e0) thrown at [/Users/java_re/workspace/8-2-build-macosx-x86_64/jdk8u45/3457/hotspot/src/share/vm/interpreter/interpreterRuntime.cpp, line 366]
Event: 0.958 Thread 0x00007fc97713e000 Implicit null exception at 0x000000010a120df5 to 0x000000010a121161
Event: 1.185 Thread 0x00007fc9748b8800 Exception <a 'java/lang/NullPointerException'> (0x000000076d67cc58) thrown at [/Users/java_re/workspace/8-2-build-macosx-x86_64/jdk8u45/3457/hotspot/src/share/vm/interpreter/linkResolver.cpp, line 1178]
Event: 1.185 Thread 0x00007fc9748b8800 Exception <a 'java/lang/NullPointerException'> (0x000000076d67cc58) thrown at [/Users/java_re/workspace/8-2-build-macosx-x86_64/jdk8u45/3457/hotspot/src/share/vm/prims/jvm.cpp, line 1386]
Event: 3.172 Thread 0x00007fc9748b8800 Implicit null exception at 0x000000010a359422 to 0x000000010a3596fd
Event: 3.215 Thread 0x00007fc9748b8800 Exception <a 'java/lang/NullPointerException'> (0x000000076b774588) thrown at [/Users/java_re/workspace/8-2-build-macosx-x86_64/jdk8u45/3457/hotspot/src/share/vm/interpreter/linkResolver.cpp, line 1178]

Events (10 events):
Event: 973.129 Thread 0x00007fc97713e000 Thread exited: 0x00007fc97713e000
Event: 973.129 Thread 0x00007fc976800800 Thread exited: 0x00007fc976800800
Event: 973.129 Thread 0x00007fc977908000 Thread added: 0x00007fc977908000
Event: 973.452 Thread 0x00007fc9748b8800 Thread exited: 0x00007fc9748b8800
Event: 973.452 loading class java/util/IdentityHashMap$KeyIterator
Event: 973.452 loading class java/util/IdentityHashMap$IdentityHashMapIterator
Event: 973.452 loading class java/util/IdentityHashMap$IdentityHashMapIterator done
Event: 973.452 loading class java/util/IdentityHashMap$KeyIterator done
Event: 973.452 Thread 0x00007fc976800800 Thread added: 0x00007fc976800800
Event: 973.452 Thread 0x00007fc9748b8800 Thread added: 0x00007fc9748b8800


Dynamic libraries:
0x0000000008f9b000 	/System/Library/Frameworks/Cocoa.framework/Versions/A/Cocoa
0x0000000008f9b000 	/System/Library/Frameworks/Security.framework/Versions/A/Security
0x0000000008f9b000 	/System/Library/Frameworks/ApplicationServices.framework/Versions/A/ApplicationServices
0x0000000008f9b000 	/usr/lib/libz.1.dylib
0x0000000008f9b000 	/usr/lib/libSystem.B.dylib
0x0000000008f9b000 	/usr/lib/libobjc.A.dylib
0x0000000008f9b000 	/System/Library/Frameworks/CoreFoundation.framework/Versions/A/CoreFoundation
0x0000000008f9b000 	/System/Library/Frameworks/Foundation.framework/Versions/C/Foundation
0x0000000008f9b000 	/System/Library/Frameworks/AppKit.framework/Versions/C/AppKit
0x0000000008f9b000 	/System/Library/Frameworks/CoreData.framework/Versions/A/CoreData
0x0000000008f9b000 	/System/Library/PrivateFrameworks/RemoteViewServices.framework/Versions/A/RemoteViewServices
0x0000000008f9b000 	/System/Library/PrivateFrameworks/UIFoundation.framework/Versions/A/UIFoundation
0x0000000008f9b000 	/System/Library/PrivateFrameworks/DFRFoundation.framework/Versions/A/DFRFoundation
0x0000000008f9b000 	/System/Library/Frameworks/Metal.framework/Versions/A/Metal
0x0000000008f9b000 	/System/Library/PrivateFrameworks/DesktopServicesPriv.framework/Versions/A/DesktopServicesPriv
0x0000000008f9b000 	/usr/lib/libenergytrace.dylib
0x0000000008f9b000 	/System/Library/PrivateFrameworks/SkyLight.framework/Versions/A/SkyLight
0x0000000008f9b000 	/System/Library/Frameworks/CoreGraphics.framework/Versions/A/CoreGraphics
0x0000000008f9b000 	/usr/lib/libScreenReader.dylib
0x0000000008f9b000 	/System/Library/Frameworks/Accelerate.framework/Versions/A/Accelerate
0x0000000008f9b000 	/System/Library/Frameworks/IOSurface.framework/Versions/A/IOSurface
0x0000000008f9b000 	/System/Library/Frameworks/AudioToolbox.framework/Versions/A/AudioToolbox
0x0000000008f9b000 	/System/Library/Frameworks/AudioUnit.framework/Versions/A/AudioUnit
0x0000000008f9b000 	/System/Library/PrivateFrameworks/DataDetectorsCore.framework/Versions/A/DataDetectorsCore
0x0000000008f9b000 	/System/Library/Frameworks/Carbon.framework/Versions/A/Frameworks/HIToolbox.framework/Versions/A/HIToolbox
0x0000000008f9b000 	/usr/lib/libicucore.A.dylib
0x0000000008f9b000 	/System/Library/Frameworks/QuartzCore.framework/Versions/A/QuartzCore
0x0000000008f9b000 	/System/Library/Frameworks/Carbon.framework/Versions/A/Frameworks/SpeechRecognition.framework/Versions/A/SpeechRecognition
0x0000000008f9b000 	/usr/lib/libauto.dylib
0x0000000008f9b000 	/usr/lib/libxml2.2.dylib
0x0000000008f9b000 	/System/Library/PrivateFrameworks/CoreUI.framework/Versions/A/CoreUI
0x0000000008f9b000 	/System/Library/Frameworks/CoreAudio.framework/Versions/A/CoreAudio
0x0000000008f9b000 	/System/Library/Frameworks/DiskArbitration.framework/Versions/A/DiskArbitration
0x0000000008f9b000 	/usr/lib/liblangid.dylib
0x0000000008f9b000 	/System/Library/PrivateFrameworks/MultitouchSupport.framework/Versions/A/MultitouchSupport
0x0000000008f9b000 	/System/Library/Frameworks/IOKit.framework/Versions/A/IOKit
0x0000000008f9b000 	/usr/lib/libDiagnosticMessagesClient.dylib
0x0000000008f9b000 	/System/Library/Frameworks/CoreServices.framework/Versions/A/CoreServices
0x0000000008f9b000 	/System/Library/PrivateFrameworks/PerformanceAnalysis.framework/Versions/A/PerformanceAnalysis
0x0000000008f9b000 	/System/Library/Frameworks/OpenGL.framework/Versions/A/OpenGL
0x0000000008f9b000 	/System/Library/Frameworks/ColorSync.framework/Versions/A/ColorSync
0x0000000008f9b000 	/System/Library/Frameworks/CoreImage.framework/Versions/A/CoreImage
0x0000000008f9b000 	/System/Library/Frameworks/CoreText.framework/Versions/A/CoreText
0x0000000008f9b000 	/System/Library/Frameworks/ImageIO.framework/Versions/A/ImageIO
0x0000000008f9b000 	/System/Library/PrivateFrameworks/Backup.framework/Versions/A/Backup
0x0000000008f9b000 	/usr/lib/libarchive.2.dylib
0x0000000008f9b000 	/System/Library/Frameworks/CFNetwork.framework/Versions/A/CFNetwork
0x0000000008f9b000 	/System/Library/Frameworks/SystemConfiguration.framework/Versions/A/SystemConfiguration
0x0000000008f9b000 	/usr/lib/libCRFSuite.dylib
0x0000000008f9b000 	/usr/lib/libc++.1.dylib
0x0000000008f9b000 	/usr/lib/libc++abi.dylib
0x0000000008f9b000 	/usr/lib/system/libcache.dylib
0x0000000008f9b000 	/usr/lib/system/libcommonCrypto.dylib
0x0000000008f9b000 	/usr/lib/system/libcompiler_rt.dylib
0x0000000008f9b000 	/usr/lib/system/libcopyfile.dylib
0x0000000008f9b000 	/usr/lib/system/libcorecrypto.dylib
0x0000000008f9b000 	/usr/lib/system/libdispatch.dylib
0x0000000008f9b000 	/usr/lib/system/libdyld.dylib
0x0000000008f9b000 	/usr/lib/system/libkeymgr.dylib
0x0000000008f9b000 	/usr/lib/system/liblaunch.dylib
0x0000000008f9b000 	/usr/lib/system/libmacho.dylib
0x0000000008f9b000 	/usr/lib/system/libquarantine.dylib
0x0000000008f9b000 	/usr/lib/system/libremovefile.dylib
0x0000000008f9b000 	/usr/lib/system/libsystem_asl.dylib
0x0000000008f9b000 	/usr/lib/system/libsystem_blocks.dylib
0x0000000008f9b000 	/usr/lib/system/libsystem_c.dylib
0x0000000008f9b000 	/usr/lib/system/libsystem_configuration.dylib
0x0000000008f9b000 	/usr/lib/system/libsystem_coreservices.dylib
0x0000000008f9b000 	/usr/lib/system/libsystem_darwin.dylib
0x0000000008f9b000 	/usr/lib/system/libsystem_dnssd.dylib
0x0000000008f9b000 	/usr/lib/system/libsystem_info.dylib
0x0000000008f9b000 	/usr/lib/system/libsystem_m.dylib
0x0000000008f9b000 	/usr/lib/system/libsystem_malloc.dylib
0x0000000008f9b000 	/usr/lib/system/libsystem_network.dylib
0x0000000008f9b000 	/usr/lib/system/libsystem_networkextension.dylib
0x0000000008f9b000 	/usr/lib/system/libsystem_notify.dylib
0x0000000008f9b000 	/usr/lib/system/libsystem_sandbox.dylib
0x0000000008f9b000 	/usr/lib/system/libsystem_secinit.dylib
0x0000000008f9b000 	/usr/lib/system/libsystem_kernel.dylib
0x0000000008f9b000 	/usr/lib/system/libsystem_platform.dylib
0x0000000008f9b000 	/usr/lib/system/libsystem_pthread.dylib
0x0000000008f9b000 	/usr/lib/system/libsystem_symptoms.dylib
0x0000000008f9b000 	/usr/lib/system/libsystem_trace.dylib
0x0000000008f9b000 	/usr/lib/system/libunwind.dylib
0x0000000008f9b000 	/usr/lib/system/libxpc.dylib
0x0000000008f9b000 	/usr/lib/closure/libclosured.dylib
0x0000000008f9b000 	/usr/lib/libbsm.0.dylib
0x0000000008f9b000 	/usr/lib/system/libkxld.dylib
0x0000000008f9b000 	/usr/lib/libOpenScriptingUtil.dylib
0x0000000008f9b000 	/usr/lib/libcoretls.dylib
0x0000000008f9b000 	/usr/lib/libcoretls_cfhelpers.dylib
0x0000000008f9b000 	/usr/lib/libpam.2.dylib
0x0000000008f9b000 	/usr/lib/libsqlite3.dylib
0x0000000008f9b000 	/usr/lib/libxar.1.dylib
0x0000000008f9b000 	/usr/lib/libbz2.1.0.dylib
0x0000000008f9b000 	/usr/lib/liblzma.5.dylib
0x0000000008f9b000 	/usr/lib/libnetwork.dylib
0x0000000008f9b000 	/usr/lib/libapple_nghttp2.dylib
0x0000000008f9b000 	/usr/lib/libpcap.A.dylib
0x0000000008f9b000 	/usr/lib/libboringssl.dylib
0x0000000008f9b000 	/usr/lib/libusrtcp.dylib
0x0000000008f9b000 	/usr/lib/libapple_crypto.dylib
0x0000000008f9b000 	/System/Library/Frameworks/CoreServices.framework/Versions/A/Frameworks/FSEvents.framework/Versions/A/FSEvents
0x0000000008f9b000 	/System/Library/Frameworks/CoreServices.framework/Versions/A/Frameworks/CarbonCore.framework/Versions/A/CarbonCore
0x0000000008f9b000 	/System/Library/Frameworks/CoreServices.framework/Versions/A/Frameworks/Metadata.framework/Versions/A/Metadata
0x0000000008f9b000 	/System/Library/Frameworks/CoreServices.framework/Versions/A/Frameworks/OSServices.framework/Versions/A/OSServices
0x0000000008f9b000 	/System/Library/Frameworks/CoreServices.framework/Versions/A/Frameworks/SearchKit.framework/Versions/A/SearchKit
0x0000000008f9b000 	/System/Library/Frameworks/CoreServices.framework/Versions/A/Frameworks/AE.framework/Versions/A/AE
0x0000000008f9b000 	/System/Library/Frameworks/CoreServices.framework/Versions/A/Frameworks/LaunchServices.framework/Versions/A/LaunchServices
0x0000000008f9b000 	/System/Library/Frameworks/CoreServices.framework/Versions/A/Frameworks/DictionaryServices.framework/Versions/A/DictionaryServices
0x0000000008f9b000 	/System/Library/Frameworks/CoreServices.framework/Versions/A/Frameworks/SharedFileList.framework/Versions/A/SharedFileList
0x0000000008f9b000 	/System/Library/Frameworks/NetFS.framework/Versions/A/NetFS
0x0000000008f9b000 	/System/Library/PrivateFrameworks/NetAuth.framework/Versions/A/NetAuth
0x0000000008f9b000 	/System/Library/PrivateFrameworks/login.framework/Versions/A/Frameworks/loginsupport.framework/Versions/A/loginsupport
0x0000000008f9b000 	/System/Library/PrivateFrameworks/TCC.framework/Versions/A/TCC
0x0000000008f9b000 	/usr/lib/libmecabra.dylib
0x0000000008f9b000 	/System/Library/Frameworks/ApplicationServices.framework/Versions/A/Frameworks/ATS.framework/Versions/A/ATS
0x0000000008f9b000 	/System/Library/Frameworks/ApplicationServices.framework/Versions/A/Frameworks/ColorSyncLegacy.framework/Versions/A/ColorSyncLegacy
0x0000000008f9b000 	/System/Library/Frameworks/ApplicationServices.framework/Versions/A/Frameworks/HIServices.framework/Versions/A/HIServices
0x0000000008f9b000 	/System/Library/Frameworks/ApplicationServices.framework/Versions/A/Frameworks/LangAnalysis.framework/Versions/A/LangAnalysis
0x0000000008f9b000 	/System/Library/Frameworks/ApplicationServices.framework/Versions/A/Frameworks/PrintCore.framework/Versions/A/PrintCore
0x0000000008f9b000 	/System/Library/Frameworks/ApplicationServices.framework/Versions/A/Frameworks/QD.framework/Versions/A/QD
0x0000000008f9b000 	/System/Library/Frameworks/ApplicationServices.framework/Versions/A/Frameworks/SpeechSynthesis.framework/Versions/A/SpeechSynthesis
0x0000000008f9b000 	/System/Library/Frameworks/CoreDisplay.framework/Versions/A/CoreDisplay
0x0000000008f9b000 	/System/Library/Frameworks/Accelerate.framework/Versions/A/Frameworks/vImage.framework/Versions/A/vImage
0x0000000008f9b000 	/System/Library/Frameworks/Accelerate.framework/Versions/A/Frameworks/vecLib.framework/Versions/A/vecLib
0x0000000008f9b000 	/System/Library/Frameworks/Accelerate.framework/Versions/A/Frameworks/vecLib.framework/Versions/A/libvDSP.dylib
0x0000000008f9b000 	/System/Library/Frameworks/Accelerate.framework/Versions/A/Frameworks/vecLib.framework/Versions/A/libBNNS.dylib
0x0000000008f9b000 	/System/Library/Frameworks/Accelerate.framework/Versions/A/Frameworks/vecLib.framework/Versions/A/libQuadrature.dylib
0x0000000008f9b000 	/System/Library/Frameworks/Accelerate.framework/Versions/A/Frameworks/vecLib.framework/Versions/A/libvMisc.dylib
0x0000000008f9b000 	/System/Library/Frameworks/Accelerate.framework/Versions/A/Frameworks/vecLib.framework/Versions/A/libLAPACK.dylib
0x0000000008f9b000 	/System/Library/Frameworks/Accelerate.framework/Versions/A/Frameworks/vecLib.framework/Versions/A/libBLAS.dylib
0x0000000008f9b000 	/System/Library/Frameworks/Accelerate.framework/Versions/A/Frameworks/vecLib.framework/Versions/A/libLinearAlgebra.dylib
0x0000000008f9b000 	/System/Library/Frameworks/Accelerate.framework/Versions/A/Frameworks/vecLib.framework/Versions/A/libSparse.dylib
0x0000000008f9b000 	/System/Library/Frameworks/Accelerate.framework/Versions/A/Frameworks/vecLib.framework/Versions/A/libSparseBLAS.dylib
0x0000000008f9b000 	/System/Library/PrivateFrameworks/IOAccelerator.framework/Versions/A/IOAccelerator
0x0000000008f9b000 	/System/Library/PrivateFrameworks/IOPresentment.framework/Versions/A/IOPresentment
0x0000000008f9b000 	/System/Library/PrivateFrameworks/DSExternalDisplay.framework/Versions/A/DSExternalDisplay
0x0000000008f9b000 	/System/Library/Frameworks/OpenGL.framework/Versions/A/Libraries/libCoreFSCache.dylib
0x0000000008f9b000 	/System/Library/Frameworks/CoreVideo.framework/Versions/A/CoreVideo
0x0000000008f9b000 	/System/Library/PrivateFrameworks/GraphVisualizer.framework/Versions/A/GraphVisualizer
0x0000000008f9b000 	/System/Library/Frameworks/MetalPerformanceShaders.framework/Versions/A/MetalPerformanceShaders
0x0000000008f9b000 	/usr/lib/libFosl_dynamic.dylib
0x0000000008f9b000 	/System/Library/PrivateFrameworks/FaceCore.framework/Versions/A/FaceCore
0x0000000008f9b000 	/System/Library/Frameworks/OpenCL.framework/Versions/A/OpenCL
0x0000000008f9b000 	/usr/lib/libcompression.dylib
0x0000000008f9b000 	/System/Library/Frameworks/ApplicationServices.framework/Versions/A/Frameworks/ATS.framework/Versions/A/Resources/libFontParser.dylib
0x0000000008f9b000 	/System/Library/Frameworks/ApplicationServices.framework/Versions/A/Frameworks/ATS.framework/Versions/A/Resources/libFontRegistry.dylib
0x0000000008f9b000 	/System/Library/Frameworks/ImageIO.framework/Versions/A/Resources/libJPEG.dylib
0x0000000008f9b000 	/System/Library/Frameworks/ImageIO.framework/Versions/A/Resources/libTIFF.dylib
0x0000000008f9b000 	/System/Library/Frameworks/ImageIO.framework/Versions/A/Resources/libPng.dylib
0x0000000008f9b000 	/System/Library/Frameworks/ImageIO.framework/Versions/A/Resources/libGIF.dylib
0x0000000008f9b000 	/System/Library/Frameworks/ImageIO.framework/Versions/A/Resources/libJP2.dylib
0x0000000008f9b000 	/System/Library/Frameworks/ImageIO.framework/Versions/A/Resources/libRadiance.dylib
0x0000000008f9b000 	/System/Library/PrivateFrameworks/AppleJPEG.framework/Versions/A/AppleJPEG
0x0000000008f9b000 	/System/Library/PrivateFrameworks/MetalTools.framework/Versions/A/MetalTools
0x0000000008f9b000 	/System/Library/Frameworks/MetalPerformanceShaders.framework/Frameworks/MPSCore.framework/Versions/A/MPSCore
0x0000000008f9b000 	/System/Library/Frameworks/MetalPerformanceShaders.framework/Frameworks/MPSImage.framework/Versions/A/MPSImage
0x0000000008f9b000 	/System/Library/Frameworks/MetalPerformanceShaders.framework/Frameworks/MPSMatrix.framework/Versions/A/MPSMatrix
0x0000000008f9b000 	/System/Library/Frameworks/MetalPerformanceShaders.framework/Frameworks/MPSNeuralNetwork.framework/Versions/A/MPSNeuralNetwork
0x0000000008f9b000 	/System/Library/Frameworks/OpenGL.framework/Versions/A/Libraries/libGLU.dylib
0x0000000008f9b000 	/System/Library/Frameworks/OpenGL.framework/Versions/A/Libraries/libGFXShared.dylib
0x0000000008f9b000 	/System/Library/Frameworks/OpenGL.framework/Versions/A/Libraries/libGL.dylib
0x0000000008f9b000 	/System/Library/Frameworks/OpenGL.framework/Versions/A/Libraries/libGLImage.dylib
0x0000000008f9b000 	/System/Library/Frameworks/OpenGL.framework/Versions/A/Libraries/libCVMSPluginSupport.dylib
0x0000000008f9b000 	/System/Library/Frameworks/OpenGL.framework/Versions/A/Libraries/libCoreVMClient.dylib
0x0000000008f9b000 	/usr/lib/libcups.2.dylib
0x0000000008f9b000 	/System/Library/Frameworks/Kerberos.framework/Versions/A/Kerberos
0x0000000008f9b000 	/System/Library/Frameworks/GSS.framework/Versions/A/GSS
0x0000000008f9b000 	/usr/lib/libresolv.9.dylib
0x0000000008f9b000 	/usr/lib/libiconv.2.dylib
0x0000000008f9b000 	/System/Library/PrivateFrameworks/Heimdal.framework/Versions/A/Heimdal
0x0000000008f9b000 	/usr/lib/libheimdal-asn1.dylib
0x0000000008f9b000 	/System/Library/Frameworks/OpenDirectory.framework/Versions/A/OpenDirectory
0x0000000008f9b000 	/System/Library/PrivateFrameworks/CommonAuth.framework/Versions/A/CommonAuth
0x0000000008f9b000 	/System/Library/Frameworks/OpenDirectory.framework/Versions/A/Frameworks/CFOpenDirectory.framework/Versions/A/CFOpenDirectory
0x0000000008f9b000 	/System/Library/Frameworks/SecurityFoundation.framework/Versions/A/SecurityFoundation
0x0000000008f9b000 	/System/Library/PrivateFrameworks/APFS.framework/Versions/A/APFS
0x0000000008f9b000 	/usr/lib/libutil.dylib
0x0000000008f9b000 	/System/Library/PrivateFrameworks/AppleSauce.framework/Versions/A/AppleSauce
0x0000000008f9b000 	/System/Library/PrivateFrameworks/LinguisticData.framework/Versions/A/LinguisticData
0x0000000008f9b000 	/usr/lib/libmarisa.dylib
0x0000000008f9b000 	/System/Library/PrivateFrameworks/Lexicon.framework/Versions/A/Lexicon
0x0000000008f9b000 	/usr/lib/libChineseTokenizer.dylib
0x0000000008f9b000 	/usr/lib/libcmph.dylib
0x0000000008f9b000 	/System/Library/PrivateFrameworks/LanguageModeling.framework/Versions/A/LanguageModeling
0x0000000008f9b000 	/System/Library/PrivateFrameworks/CoreEmoji.framework/Versions/A/CoreEmoji
0x0000000008f9b000 	/System/Library/Frameworks/ServiceManagement.framework/Versions/A/ServiceManagement
0x0000000008f9b000 	/System/Library/PrivateFrameworks/BackgroundTaskManagement.framework/Versions/A/BackgroundTaskManagement
0x0000000008f9b000 	/usr/lib/libxslt.1.dylib
0x0000000008f9b000 	/System/Library/Frameworks/Carbon.framework/Versions/A/Frameworks/Ink.framework/Versions/A/Ink
0x0000000008f9b000 	/System/Library/PrivateFrameworks/TextureIO.framework/Versions/A/TextureIO
0x0000000008f9b000 	/usr/lib/libate.dylib
0x0000000008f9b000 	/System/Library/PrivateFrameworks/CrashReporterSupport.framework/Versions/A/CrashReporterSupport
0x0000000008f9b000 	/System/Library/PrivateFrameworks/Sharing.framework/Versions/A/Sharing
0x0000000008f9b000 	/System/Library/PrivateFrameworks/IconServices.framework/Versions/A/IconServices
0x0000000008f9b000 	/System/Library/PrivateFrameworks/ProtocolBuffer.framework/Versions/A/ProtocolBuffer
0x0000000008f9b000 	/System/Library/PrivateFrameworks/Apple80211.framework/Versions/A/Apple80211
0x0000000008f9b000 	/System/Library/Frameworks/CoreWLAN.framework/Versions/A/CoreWLAN
0x0000000008f9b000 	/System/Library/PrivateFrameworks/CoreUtils.framework/Versions/A/CoreUtils
0x0000000008f9b000 	/System/Library/Frameworks/IOBluetooth.framework/Versions/A/IOBluetooth
0x0000000008f9b000 	/System/Library/PrivateFrameworks/CoreWiFi.framework/Versions/A/CoreWiFi
0x0000000008f9b000 	/System/Library/Frameworks/CoreBluetooth.framework/Versions/A/CoreBluetooth
0x0000000008f9b000 	/System/Library/PrivateFrameworks/SignpostNotification.framework/Versions/A/SignpostNotification
0x0000000008f9b000 	/System/Library/PrivateFrameworks/DebugSymbols.framework/Versions/A/DebugSymbols
0x0000000008f9b000 	/System/Library/PrivateFrameworks/CoreSymbolication.framework/Versions/A/CoreSymbolication
0x0000000008f9b000 	/System/Library/PrivateFrameworks/Symbolication.framework/Versions/A/Symbolication
0x0000000008f9b000 	/System/Library/PrivateFrameworks/AppleFSCompression.framework/Versions/A/AppleFSCompression
0x0000000008f9b000 	/System/Library/PrivateFrameworks/SpeechRecognitionCore.framework/Versions/A/SpeechRecognitionCore
0x0000000107600000 	/Library/Java/JavaVirtualMachines/jdk1.8.0_45.jdk/Contents/Home/jre/lib/server/libjvm.dylib
0x0000000008f9b000 	/usr/lib/libstdc++.6.0.9.dylib
0x000000010652c000 	/Library/Java/JavaVirtualMachines/jdk1.8.0_45.jdk/Contents/Home/jre/lib/libverify.dylib
0x000000010653a000 	/Library/Java/JavaVirtualMachines/jdk1.8.0_45.jdk/Contents/Home/jre/lib/libjava.dylib
0x00000001065b9000 	/Library/Java/JavaVirtualMachines/jdk1.8.0_45.jdk/Contents/Home/jre/lib/libzip.dylib
0x0000000008f9b000 	/System/Library/Frameworks/JavaVM.framework/Versions/A/Frameworks/JavaRuntimeSupport.framework/Versions/A/JavaRuntimeSupport
0x0000000008f9b000 	/System/Library/Frameworks/JavaVM.framework/Versions/A/Frameworks/JavaNativeFoundation.framework/Versions/A/JavaNativeFoundation
0x0000000008f9b000 	/System/Library/Frameworks/JavaVM.framework/Versions/A/JavaVM
0x0000000008f9b000 	/System/Library/Frameworks/Carbon.framework/Versions/A/Carbon
0x0000000008f9b000 	/System/Library/PrivateFrameworks/JavaLaunching.framework/Versions/A/JavaLaunching
0x0000000008f9b000 	/System/Library/Frameworks/Carbon.framework/Versions/A/Frameworks/CommonPanels.framework/Versions/A/CommonPanels
0x0000000008f9b000 	/System/Library/Frameworks/Carbon.framework/Versions/A/Frameworks/Help.framework/Versions/A/Help
0x0000000008f9b000 	/System/Library/Frameworks/Carbon.framework/Versions/A/Frameworks/ImageCapture.framework/Versions/A/ImageCapture
0x0000000008f9b000 	/System/Library/Frameworks/Carbon.framework/Versions/A/Frameworks/OpenScripting.framework/Versions/A/OpenScripting
0x0000000008f9b000 	/System/Library/Frameworks/Carbon.framework/Versions/A/Frameworks/Print.framework/Versions/A/Print
0x0000000008f9b000 	/System/Library/Frameworks/Carbon.framework/Versions/A/Frameworks/SecurityHI.framework/Versions/A/SecurityHI
0x0000000109e16000 	/Library/Java/JavaVirtualMachines/jdk1.8.0_45.jdk/Contents/Home/jre/lib/libprism_es2.dylib
0x0000000008f9b000 	/System/Library/PrivateFrameworks/CoreServicesInternal.framework/Versions/A/CoreServicesInternal
0x0000000008f9b000 	/System/Library/Frameworks/OpenGL.framework/Versions/A/Resources/GLEngine.bundle/GLEngine
0x0000000008f9b000 	/System/Library/Frameworks/OpenGL.framework/Versions/A/Libraries/libGLProgrammability.dylib
0x000000012518c000 	/System/Library/Extensions/AppleIntelHD5000GraphicsGLDriver.bundle/Contents/MacOS/AppleIntelHD5000GraphicsGLDriver
0x0000000008f9b000 	/System/Library/PrivateFrameworks/GPUSupport.framework/Versions/A/Libraries/libGPUSupportMercury.dylib
0x0000000008f9b000 	/System/Library/Frameworks/OpenGL.framework/Versions/A/Resources/GLRendererFloat.bundle/GLRendererFloat
0x0000000008f9b000 	/System/Library/Frameworks/OpenCL.framework/Versions/A/Libraries/libcldcpuengine.dylib
0x0000000008f9b000 	/usr/lib/libcrypto.35.dylib
0x0000000008f9b000 	/System/Library/PrivateFrameworks/TrustEvaluationAgent.framework/Versions/A/TrustEvaluationAgent
0x0000000125d1f000 	/Library/Java/JavaVirtualMachines/jdk1.8.0_45.jdk/Contents/Home/jre/lib/libglass.dylib
0x0000000008f9b000 	/System/Library/CoreServices/RawCamera.bundle/Contents/MacOS/RawCamera
0x0000000008f9b000 	/System/Library/PrivateFrameworks/MobileAsset.framework/Versions/A/MobileAsset
0x0000000008f9b000 	/System/Library/PrivateFrameworks/StreamingZip.framework/Versions/A/StreamingZip
0x0000000008f9b000 	/System/Library/Frameworks/MediaToolbox.framework/Versions/A/MediaToolbox
0x0000000008f9b000 	/System/Library/PrivateFrameworks/CoreAVCHD.framework/Versions/A/CoreAVCHD
0x0000000008f9b000 	/System/Library/Frameworks/MediaAccessibility.framework/Versions/A/MediaAccessibility
0x0000000008f9b000 	/System/Library/PrivateFrameworks/Mangrove.framework/Versions/A/Mangrove
0x0000000008f9b000 	/System/Library/Frameworks/CoreMedia.framework/Versions/A/CoreMedia
0x0000000008f9b000 	/System/Library/Frameworks/VideoToolbox.framework/Versions/A/VideoToolbox
0x0000000008f9b000 	/System/Library/PrivateFrameworks/CoreAUC.framework/Versions/A/CoreAUC
0x0000000008f9b000 	/usr/lib/libspindump.dylib
0x0000000008f9b000 	/usr/lib/libdscsym.dylib
0x0000000008f9b000 	/System/Library/PrivateFrameworks/AppleVA.framework/Versions/A/AppleVA
0x0000000008f9b000 	/System/Library/Frameworks/Accelerate.framework/Versions/A/Frameworks/vImage.framework/Versions/A/Libraries/libCGInterfaces.dylib
0x0000000008f9b000 	/System/Library/PrivateFrameworks/FamilyControls.framework/Versions/A/FamilyControls
0x0000000008f9b000 	/System/Library/PrivateFrameworks/CommerceKit.framework/Versions/A/Frameworks/CommerceCore.framework/Versions/A/CommerceCore
0x0000000008f9b000 	/System/Library/PrivateFrameworks/SystemAdministration.framework/Versions/A/SystemAdministration
0x0000000008f9b000 	/System/Library/PrivateFrameworks/AppContainer.framework/Versions/A/AppContainer
0x0000000008f9b000 	/System/Library/PrivateFrameworks/SecCodeWrapper.framework/Versions/A/SecCodeWrapper
0x0000000008f9b000 	/System/Library/PrivateFrameworks/DiskManagement.framework/Versions/A/DiskManagement
0x0000000008f9b000 	/System/Library/Frameworks/DirectoryService.framework/Versions/A/DirectoryService
0x0000000008f9b000 	/System/Library/PrivateFrameworks/DiskImages.framework/Versions/A/DiskImages
0x0000000008f9b000 	/System/Library/PrivateFrameworks/LoginUIKit.framework/Versions/A/Frameworks/LoginUICore.framework/Versions/A/LoginUICore
0x0000000008f9b000 	/usr/lib/libCoreStorage.dylib
0x0000000008f9b000 	/usr/lib/libcsfde.dylib
0x0000000008f9b000 	/usr/lib/libodfde.dylib
0x0000000008f9b000 	/System/Library/PrivateFrameworks/MediaKit.framework/Versions/A/MediaKit
0x0000000008f9b000 	/System/Library/Frameworks/DiscRecording.framework/Versions/A/DiscRecording
0x0000000008f9b000 	/System/Library/PrivateFrameworks/EFILogin.framework/Versions/A/EFILogin
0x0000000008f9b000 	/System/Library/PrivateFrameworks/ProtectedCloudStorage.framework/Versions/A/ProtectedCloudStorage
0x0000000008f9b000 	/usr/lib/libcurl.4.dylib
0x0000000008f9b000 	/usr/lib/libssl.35.dylib
0x0000000008f9b000 	/System/Library/Frameworks/LDAP.framework/Versions/A/LDAP
0x0000000008f9b000 	/usr/lib/libsasl2.2.dylib
0x0000000008f9b000 	/System/Library/PrivateFrameworks/CoreDaemon.framework/Versions/B/CoreDaemon
0x0000000008f9b000 	/System/Library/PrivateFrameworks/AppleSRP.framework/Versions/A/AppleSRP
0x0000000127874000 	/Library/Java/JavaVirtualMachines/jdk1.8.0_45.jdk/Contents/Home/jre/lib/libmanagement.dylib
0x000000012630d000 	/Library/Java/JavaVirtualMachines/jdk1.8.0_45.jdk/Contents/Home/jre/lib/libnet.dylib
0x000000012633f000 	/Library/Java/JavaVirtualMachines/jdk1.8.0_45.jdk/Contents/Home/jre/lib/libnio.dylib
0x0000000008f9b000 	/System/Library/Frameworks/ApplicationServices.framework/Versions/A/Frameworks/ATS.framework/Versions/A/Resources/libTrueTypeScaler.dylib
0x0000000008f9b000 	/System/Library/Extensions/AppleIntelHD5000GraphicsMTLDriver.bundle/Contents/MacOS/AppleIntelHD5000GraphicsMTLDriver
0x0000000008f9b000 	/System/Library/PrivateFrameworks/GPUCompiler.framework/Versions/3802/Libraries/libmetal_timestamp.dylib
0x0000000008f9b000 	/System/Library/PrivateFrameworks/ViewBridge.framework/Versions/A/ViewBridge
0x00000001278f6000 	/Library/Java/JavaVirtualMachines/jdk1.8.0_45.jdk/Contents/Home/jre/lib/libjavafx_font.dylib
0x000000012ce6a000 	/Library/Java/JavaVirtualMachines/jdk1.8.0_45.jdk/Contents/Home/jre/lib/libprism_common.dylib

VM Arguments:
jvm_args: -Dfile.encoding=UTF-8 
java_command: assignment1.Main
java_class_path (initial): /Users/kevingonzales/Desktop/School/EnterpriseSoftware/assignment2/bin:/Users/kevingonzales/Desktop/School/EnterpriseSoftware/assignment2/log4j-api-2.7.jar:/Users/kevingonzales/Desktop/School/EnterpriseSoftware/assignment2/log4j-core-2.7.jar:/Users/kevingonzales/Desktop/School/EnterpriseSoftware/assignment2/mysql-connector-java-5.1.45-bin.jar
Launcher Type: SUN_STANDARD

Environment Variables:
PATH=/usr/bin:/bin:/usr/sbin:/sbin
SHELL=/bin/bash

Signal Handlers:
SIGSEGV: [libjvm.dylib+0x58ef95], sa_mask[0]=11111111011111110111111111111111, sa_flags=SA_ONSTACK|SA_RESTART|SA_SIGINFO
SIGBUS: [libjvm.dylib+0x58ef95], sa_mask[0]=11111111011111110111111111111111, sa_flags=SA_RESTART|SA_SIGINFO
SIGFPE: [libjvm.dylib+0x46c108], sa_mask[0]=11111111011111110111111111111111, sa_flags=SA_RESTART|SA_SIGINFO
SIGPIPE: [libjvm.dylib+0x46c108], sa_mask[0]=11111111011111110111111111111111, sa_flags=SA_RESTART|SA_SIGINFO
SIGXFSZ: [libjvm.dylib+0x46c108], sa_mask[0]=11111111011111110111111111111111, sa_flags=SA_RESTART|SA_SIGINFO
SIGILL: [libjvm.dylib+0x46c108], sa_mask[0]=11111111011111110111111111111111, sa_flags=SA_RESTART|SA_SIGINFO
SIGUSR1: SIG_DFL, sa_mask[0]=00000000000000000000000000000000, sa_flags=none
SIGUSR2: [libjvm.dylib+0x46bc26], sa_mask[0]=00100000000000000000000000000000, sa_flags=SA_RESTART|SA_SIGINFO
SIGHUP: [libjvm.dylib+0x46a1f9], sa_mask[0]=11111111011111110111111111111111, sa_flags=SA_RESTART|SA_SIGINFO
SIGINT: [libjvm.dylib+0x46a1f9], sa_mask[0]=11111111011111110111111111111111, sa_flags=SA_RESTART|SA_SIGINFO
SIGTERM: [libjvm.dylib+0x46a1f9], sa_mask[0]=11111111011111110111111111111111, sa_flags=SA_RESTART|SA_SIGINFO
SIGQUIT: [libjvm.dylib+0x46a1f9], sa_mask[0]=11111111011111110111111111111111, sa_flags=SA_RESTART|SA_SIGINFO


---------------  S Y S T E M  ---------------

OS:Bsduname:Darwin 17.4.0 Darwin Kernel Version 17.4.0: Sun Dec 17 09:19:54 PST 2017; root:xnu-4570.41.2~1/RELEASE_X86_64 x86_64
rlimit: STACK 8192k, CORE 0k, NPROC 1418, NOFILE 10240, AS infinity
load average:2.01 2.32 2.20

CPU:total 8 (4 cores per cpu, 2 threads per core) family 6 model 70 stepping 1, cmov, cx8, fxsr, mmx, sse, sse2, sse3, ssse3, sse4.1, sse4.2, popcnt, avx, avx2, aes, clmul, erms, lzcnt, ht, tsc, tscinvbit, bmi1, bmi2

Memory: 4k page, physical 16777216k(1260636k free)

/proc/meminfo:


vm_info: Java HotSpot(TM) 64-Bit Server VM (25.45-b02) for bsd-amd64 JRE (1.8.0_45-b14), built on Apr 10 2015 10:46:38 by "java_re" with gcc 4.2.1 (Based on Apple Inc. build 5658) (LLVM build 2336.11.00)

time: Mon Feb 26 15:51:36 2018
elapsed time: 973 seconds (0d 0h 16m 13s)

