#
# A fatal error has been detected by the Java Runtime Environment:
#
#  SIGSEGV (0xb) at pc=0x000000011295458d, pid=2178, tid=775
#
# JRE version: Java(TM) SE Runtime Environment (8.0_45-b14) (build 1.8.0_45-b14)
# Java VM: Java HotSpot(TM) 64-Bit Server VM (25.45-b02 mixed mode bsd-amd64 compressed oops)
# Problematic frame:
# C  [libglass.dylib+0x1558d]  GlassScreenDidChangeScreenParameters+0x9d
#
# Failed to write core dump. Core dumps have been disabled. To enable core dumping, try "ulimit -c unlimited" before starting Java again
#
# If you would like to submit a bug report, please visit:
#   http://bugreport.java.com/bugreport/crash.jsp
#

---------------  T H R E A D  ---------------

Current thread is native thread

siginfo: si_signo: 11 (SIGSEGV), si_code: 1 (SEGV_MAPERR), si_addr: 0x0000000000000000

Registers:
RAX=0x0000000112986bc0, RBX=0x0000000000000000, RCX=0x24c081b8f01700c4, RDX=0x00007fb329592388
RSP=0x00007ffeec092a40, RBP=0x00007ffeec092a50, RSI=0x00007fb329514a90, RDI=0x0000000000000000
R8 =0x00007fff96fac048, R9 =0x0000000000000040, R10=0x00007fff96fac040, R11=0xffffffffffffffff
R12=0x0000000000000000, R13=0x00007fb329592170, R14=0x00007fb329702d10, R15=0x0000000000000000
RIP=0x000000011295458d, EFLAGS=0x0000000000010206, ERR=0x0000000000000004
  TRAPNO=0x000000000000000e

Top of Stack: (sp=0x00007ffeec092a40)
0x00007ffeec092a40:   00007fb329592230 00007fb329702d10
0x00007ffeec092a50:   00007ffeec092a60 00007fff36678a3c
0x00007ffeec092a60:   00007ffeec092ad0 00007fff3667892a
0x00007ffeec092a70:   00007fb3299cd640 00007fff96fa7060
0x00007ffeec092a80:   00000000c2000000 00007fff36678990
0x00007ffeec092a90:   00007fff908adb38 00007fb329592170
0x00007ffeec092aa0:   00007fb329702d10 00007ffeec093318
0x00007ffeec092ab0:   00007fff5d368e80 0000000000000000
0x00007ffeec092ac0:   00007fb329592170 00007fff348d4058
0x00007ffeec092ad0:   00007ffeec092b10 00007fff36678672
0x00007ffeec092ae0:   00007ffeec0930e0 0000000000000000
0x00007ffeec092af0:   00007fff5d368e80 0000000000000000
0x00007ffeec092b00:   00007ffeec093318 00007fff348d4058
0x00007ffeec092b10:   00007ffeec093230 00007fff36636450
0x00007ffeec092b20:   00007ffe00000053 00007ffeec092a40
0x00007ffeec092b30:   00007fb329524c10 00007fff909e6c01
0x00007ffeec092b40:   0000000000000000 00007fb329625190
0x00007ffeec092b50:   00007fff909e6cc0 00007fff908ef998
0x00007ffeec092b60:   00007fff908afb50 00007fff5e10f384
0x00007ffeec092b70:   0000000000000000 00007fb329592260
0x00007ffeec092b80:   0000000000000000 0000000000000000
0x00007ffeec092b90:   00007ffeec0930e0 0000000000000001
0x00007ffeec092ba0:   0000000000000100 00007fb32fefc000
0x00007ffeec092bb0:   00007ffeec092fe0 0000000000000000
0x00007ffeec092bc0:   0000000000000100 00007fb32fe0e800
0x00007ffeec092bd0:   0000000103b87080 00007fb32c929050
0x00007ffeec092be0:   0000000103b8c200 0000000000000004
0x00007ffeec092bf0:   0000000103b8c200 0000000000000019
0x00007ffeec092c00:   0000000103b87080 00007fb32fe00000
0x00007ffeec092c10:   00007ffeec092c70 00007fff5e126254
0x00007ffeec092c20:   0000000103b8c200 0000000103b87080
0x00007ffeec092c30:   00007ffeec092cc0 00007fff5e125758 

Instructions: (pc=0x000000011295458d)
0x000000011295456d:   89 df 4c 89 f1 41 ff 90 68 04 00 00 48 8d 05 48
0x000000011295457d:   25 03 00 48 8b 30 48 8d 05 36 26 03 00 48 8b 10
0x000000011295458d:   48 8b 0b 30 c0 48 89 df ff 91 68 04 00 00 48 8b
0x000000011295459d:   03 48 89 df ff 50 78 48 85 c0 74 36 49 89 c6 48 

Register to memory mapping:

RAX=0x0000000112986bc0: jScreenNotifySettingsChanged+0 in /Library/Java/JavaVirtualMachines/jdk1.8.0_45.jdk/Contents/Home/jre/lib/libglass.dylib at 0x000000011293f000
RBX=0x0000000000000000 is an unknown value
RCX=0x24c081b8f01700c4 is an unknown value
RDX=0x00007fb329592388 is an unknown value
RSP=0x00007ffeec092a40 is an unknown value
RBP=0x00007ffeec092a50 is an unknown value
RSI=0x00007fb329514a90 is a global jni handle
RDI=0x0000000000000000 is an unknown value
R8 =0x00007fff96fac048: __sFX+0x1c8 in /usr/lib/system/libsystem_c.dylib at 0x00007fff5dfb5000
R9 =0x0000000000000040 is an unknown value
R10=0x00007fff96fac040: __sFX+0x1c0 in /usr/lib/system/libsystem_c.dylib at 0x00007fff5dfb5000
R11=0xffffffffffffffff is an unknown value
R12=0x0000000000000000 is an unknown value
R13=0x00007fb329592170 is an unknown value
R14=0x00007fb329702d10 is an unknown value
R15=0x0000000000000000 is an unknown value


Stack: [0x00007ffeeb896000,0x00007ffeec096000],  sp=0x00007ffeec092a40,  free space=8178k
Native frames: (J=compiled Java code, j=interpreted, Vv=VM code, C=native code)
C  [libglass.dylib+0x1558d]  GlassScreenDidChangeScreenParameters+0x9d
C  [CoreFoundation+0x9aa3c]  __CFNOTIFICATIONCENTER_IS_CALLING_OUT_TO_AN_OBSERVER__+0xc
C  [CoreFoundation+0x9a92a]  _CFXRegistrationPost+0x1ba
C  [CoreFoundation+0x9a672]  ___CFXNotificationPost_block_invoke+0x32
C  [CoreFoundation+0x58450]  -[_CFXNotificationRegistrar find:object:observer:enumerator:]+0x680
C  [CoreFoundation+0x57583]  _CFXNotificationPost+0x253
C  [Foundation+0x63c7]  -[NSNotificationCenter postNotificationName:object:userInfo:]+0x42
C  [AppKit+0xbc1723]  -[NSApplication(ScreenHandling) _reactToScreenInvalidationImmediately:]+0x162
C  [AppKit+0xbc1585]  __60-[NSApplication(ScreenHandling) _reactToScreenInvalidation:]_block_invoke+0x3b
C  [CoreFoundation+0xa340c]  __CFRUNLOOP_IS_CALLING_OUT_TO_A_BLOCK__+0xc
C  [CoreFoundation+0x85e23]  __CFRunLoopDoBlocks+0x113
C  [CoreFoundation+0x85be8]  __CFRunLoopRun+0xc38
C  [CoreFoundation+0x84d23]  CFRunLoopRunSpecific+0x1e3
C  [java+0x6490]  CreateExecutionEnvironment+0x367
C  [java+0x221c]  JLI_Launch+0x7a0
C  [java+0x84ed]  main+0x65
C  [java+0x1a74]  start+0x34


---------------  P R O C E S S  ---------------

VM state:at safepoint (normal execution)

VM Mutex/Monitor currently owned by a thread:  ([mutex/lock_event])
[0x00007fb32950ff70] Threads_lock - owner thread: 0x00007fb32a02d000
[0x00007fb329510470] Heap_lock - owner thread: 0x00007fb32c9f1800

Heap:
 PSYoungGen      total 76288K, used 56904K [0x000000076ab00000, 0x0000000770000000, 0x00000007c0000000)
  eden space 65536K, 86% used [0x000000076ab00000,0x000000076e2922d8,0x000000076eb00000)
  from space 10752K, 0% used [0x000000076f580000,0x000000076f580000,0x0000000770000000)
  to   space 10752K, 0% used [0x000000076eb00000,0x000000076eb00000,0x000000076f580000)
 ParOldGen       total 175104K, used 0K [0x00000006c0000000, 0x00000006cab00000, 0x000000076ab00000)
  object space 175104K, 0% used [0x00000006c0000000,0x00000006c0000000,0x00000006cab00000)
 Metaspace       used 20031K, capacity 20774K, committed 20992K, reserved 1067008K
  class space    used 2790K, capacity 2986K, committed 3072K, reserved 1048576K

Card table byte_map: [0x0000000105f72000,0x0000000106773000] byte_map_base: 0x0000000102972000

Marking Bits: (ParMarkBitMap*) 0x00000001054c27a0
 Begin Bits: [0x0000000106cc9000, 0x000000010acc9000)
 End Bits:   [0x000000010acc9000, 0x000000010ecc9000)

Polling page: 0x0000000103bee000

CodeCache: size=245760Kb used=5009Kb max_used=5009Kb free=240750Kb
 bounds [0x0000000112b22000, 0x0000000113012000, 0x0000000121b22000]
 total_blobs=2158 nmethods=1488 adapters=583
 compilation: enabled

Compilation events (10 events):
Event: 8.483 Thread 0x00007fb32c00c800 1484       3       java.lang.invoke.DirectMethodHandle::shouldBeInitialized (123 bytes)
Event: 8.483 Thread 0x00007fb32c00c800 nmethod 1484 0x0000000113005e90 code [0x0000000113006060, 0x0000000113006788]
Event: 8.486 Thread 0x00007fb32c00c800 1485       1       java.util.logging.LogManager::access$500 (5 bytes)
Event: 8.486 Thread 0x00007fb32c00c800 nmethod 1485 0x00000001130068d0 code [0x0000000113006a20, 0x0000000113006b10]
Event: 8.486 Thread 0x00007fb32c00c800 1486   !   3       java.util.logging.LogManager::ensureLogManagerInitialized (128 bytes)
Event: 8.486 Thread 0x00007fb32c00c800 nmethod 1486 0x0000000113006b90 code [0x0000000113006d40, 0x00000001130073c8]
Event: 8.486 Thread 0x00007fb32c00c800 1487       3       java.util.regex.Pattern$Branch::match (66 bytes)
Event: 8.487 Thread 0x00007fb32c00c800 nmethod 1487 0x00000001130075d0 code [0x0000000113007780, 0x0000000113007c78]
Event: 8.487 Thread 0x00007fb32c00c800 1488       3       java.util.concurrent.locks.AbstractQueuedSynchronizer::compareAndSetState (13 bytes)
Event: 8.487 Thread 0x00007fb32c00c800 nmethod 1488 0x0000000113007e90 code [0x0000000113007fe0, 0x0000000113008150]

GC Heap History (0 events):
No events

Deoptimization events (10 events):
Event: 1.049 Thread 0x00007fb32c928800 Uncommon trap: reason=unstable_if action=reinterpret pc=0x0000000112ce3da0 method=java.lang.String.startsWith(Ljava/lang/String;I)Z @ 25
Event: 1.106 Thread 0x00007fb32c928800 Uncommon trap: reason=class_check action=maybe_recompile pc=0x0000000112ed1ac4 method=java.io.DataInputStream.readShort()S @ 4
Event: 1.107 Thread 0x00007fb32c928800 Uncommon trap: reason=class_check action=maybe_recompile pc=0x0000000112ed1ac4 method=java.io.DataInputStream.readShort()S @ 4
Event: 1.107 Thread 0x00007fb32c928800 Uncommon trap: reason=class_check action=maybe_recompile pc=0x0000000112ed1ac4 method=java.io.DataInputStream.readShort()S @ 4
Event: 1.107 Thread 0x00007fb32c928800 Uncommon trap: reason=class_check action=maybe_recompile pc=0x0000000112ed1ac4 method=java.io.DataInputStream.readShort()S @ 4
Event: 1.114 Thread 0x00007fb32c928800 Uncommon trap: reason=class_check action=maybe_recompile pc=0x0000000112c479dc method=java.lang.String.equals(Ljava/lang/Object;)Z @ 8
Event: 1.114 Thread 0x00007fb32c928800 Uncommon trap: reason=class_check action=maybe_recompile pc=0x0000000112c479dc method=java.lang.String.equals(Ljava/lang/Object;)Z @ 8
Event: 1.114 Thread 0x00007fb32c928800 Uncommon trap: reason=class_check action=maybe_recompile pc=0x0000000112c479dc method=java.lang.String.equals(Ljava/lang/Object;)Z @ 8
Event: 1.116 Thread 0x00007fb32c928800 Uncommon trap: reason=class_check action=maybe_recompile pc=0x0000000112c479dc method=java.lang.String.equals(Ljava/lang/Object;)Z @ 8
Event: 1.452 Thread 0x00007fb32c928800 Uncommon trap: reason=unstable_if action=reinterpret pc=0x0000000112d1cde0 method=java.lang.CharacterData.of(I)Ljava/lang/CharacterData; @ 4

Internal exceptions (10 events):
Event: 0.130 Thread 0x00007fb32c002000 Exception <a 'java/lang/NoSuchFieldError': method resolution failed> (0x000000076af478b0) thrown at [/Users/java_re/workspace/8-2-build-macosx-x86_64/jdk8u45/3457/hotspot/src/share/vm/prims/methodHandles.cpp, line 1125]
Event: 0.145 Thread 0x00007fb32c002000 Exception <a 'java/security/PrivilegedActionException'> (0x000000076afd40a0) thrown at [/Users/java_re/workspace/8-2-build-macosx-x86_64/jdk8u45/3457/hotspot/src/share/vm/prims/jvm.cpp, line 1382]
Event: 0.145 Thread 0x00007fb32c002000 Exception <a 'java/security/PrivilegedActionException'> (0x000000076afd4258) thrown at [/Users/java_re/workspace/8-2-build-macosx-x86_64/jdk8u45/3457/hotspot/src/share/vm/prims/jvm.cpp, line 1382]
Event: 0.146 Thread 0x00007fb32c002000 Exception <a 'java/security/PrivilegedActionException'> (0x000000076afd7448) thrown at [/Users/java_re/workspace/8-2-build-macosx-x86_64/jdk8u45/3457/hotspot/src/share/vm/prims/jvm.cpp, line 1382]
Event: 0.146 Thread 0x00007fb32c002000 Exception <a 'java/security/PrivilegedActionException'> (0x000000076afd7600) thrown at [/Users/java_re/workspace/8-2-build-macosx-x86_64/jdk8u45/3457/hotspot/src/share/vm/prims/jvm.cpp, line 1382]
Event: 0.146 Thread 0x00007fb32c002000 Exception <a 'java/lang/NullPointerException'> (0x000000076afd7d98) thrown at [/Users/java_re/workspace/8-2-build-macosx-x86_64/jdk8u45/3457/hotspot/src/share/vm/interpreter/linkResolver.cpp, line 1178]
Event: 0.643 Thread 0x00007fb32c928800 Exception <a 'java/lang/ArrayIndexOutOfBoundsException': 18> (0x000000076c599130) thrown at [/Users/java_re/workspace/8-2-build-macosx-x86_64/jdk8u45/3457/hotspot/src/share/vm/interpreter/interpreterRuntime.cpp, line 366]
Event: 0.643 Thread 0x00007fb32c928800 Exception <a 'java/lang/ArrayIndexOutOfBoundsException': 110> (0x000000076c59a5d8) thrown at [/Users/java_re/workspace/8-2-build-macosx-x86_64/jdk8u45/3457/hotspot/src/share/vm/interpreter/interpreterRuntime.cpp, line 366]
Event: 0.845 Thread 0x00007fb32c928800 Exception <a 'java/lang/NullPointerException'> (0x000000076ce3ad90) thrown at [/Users/java_re/workspace/8-2-build-macosx-x86_64/jdk8u45/3457/hotspot/src/share/vm/interpreter/linkResolver.cpp, line 1178]
Event: 0.845 Thread 0x00007fb32c928800 Exception <a 'java/lang/NullPointerException'> (0x000000076ce3ad90) thrown at [/Users/java_re/workspace/8-2-build-macosx-x86_64/jdk8u45/3457/hotspot/src/share/vm/prims/jvm.cpp, line 1386]

Events (10 events):
Event: 8.486 loading class java/util/IdentityHashMap$KeyIterator done
Event: 8.486 Thread 0x00007fb32c928800 Thread added: 0x00007fb32c928800
Event: 8.486 Thread 0x00007fb32caf1000 Thread added: 0x00007fb32caf1000
Event: 8.486 Thread 0x00007fb32caf1000 Thread exited: 0x00007fb32caf1000
Event: 8.487 loading class java/io/FileOutputStream$1
Event: 8.487 loading class java/io/FileOutputStream$1 done
Event: 8.487 loading class org/apache/logging/log4j/core/util/ExecutorServices
Event: 8.487 loading class org/apache/logging/log4j/core/util/ExecutorServices done
Event: 8.489 Thread 0x00007fb32c928800 Thread exited: 0x00007fb32c928800
Event: 8.489 Thread 0x00007fb32c9f1800 Thread exited: 0x00007fb32c9f1800


Dynamic libraries:
0x000000000ec36000 	/System/Library/Frameworks/Cocoa.framework/Versions/A/Cocoa
0x000000000ec36000 	/System/Library/Frameworks/Security.framework/Versions/A/Security
0x000000000ec36000 	/System/Library/Frameworks/ApplicationServices.framework/Versions/A/ApplicationServices
0x000000000ec36000 	/usr/lib/libz.1.dylib
0x000000000ec36000 	/usr/lib/libSystem.B.dylib
0x000000000ec36000 	/usr/lib/libobjc.A.dylib
0x000000000ec36000 	/System/Library/Frameworks/CoreFoundation.framework/Versions/A/CoreFoundation
0x000000000ec36000 	/System/Library/Frameworks/Foundation.framework/Versions/C/Foundation
0x000000000ec36000 	/System/Library/Frameworks/AppKit.framework/Versions/C/AppKit
0x000000000ec36000 	/System/Library/Frameworks/CoreData.framework/Versions/A/CoreData
0x000000000ec36000 	/System/Library/PrivateFrameworks/RemoteViewServices.framework/Versions/A/RemoteViewServices
0x000000000ec36000 	/System/Library/PrivateFrameworks/UIFoundation.framework/Versions/A/UIFoundation
0x000000000ec36000 	/System/Library/PrivateFrameworks/DFRFoundation.framework/Versions/A/DFRFoundation
0x000000000ec36000 	/System/Library/Frameworks/Metal.framework/Versions/A/Metal
0x000000000ec36000 	/System/Library/PrivateFrameworks/DesktopServicesPriv.framework/Versions/A/DesktopServicesPriv
0x000000000ec36000 	/usr/lib/libenergytrace.dylib
0x000000000ec36000 	/System/Library/PrivateFrameworks/SkyLight.framework/Versions/A/SkyLight
0x000000000ec36000 	/System/Library/Frameworks/CoreGraphics.framework/Versions/A/CoreGraphics
0x000000000ec36000 	/usr/lib/libScreenReader.dylib
0x000000000ec36000 	/System/Library/Frameworks/Accelerate.framework/Versions/A/Accelerate
0x000000000ec36000 	/System/Library/Frameworks/IOSurface.framework/Versions/A/IOSurface
0x000000000ec36000 	/System/Library/Frameworks/AudioToolbox.framework/Versions/A/AudioToolbox
0x000000000ec36000 	/System/Library/Frameworks/AudioUnit.framework/Versions/A/AudioUnit
0x000000000ec36000 	/System/Library/PrivateFrameworks/DataDetectorsCore.framework/Versions/A/DataDetectorsCore
0x000000000ec36000 	/System/Library/Frameworks/Carbon.framework/Versions/A/Frameworks/HIToolbox.framework/Versions/A/HIToolbox
0x000000000ec36000 	/usr/lib/libicucore.A.dylib
0x000000000ec36000 	/System/Library/Frameworks/QuartzCore.framework/Versions/A/QuartzCore
0x000000000ec36000 	/System/Library/Frameworks/Carbon.framework/Versions/A/Frameworks/SpeechRecognition.framework/Versions/A/SpeechRecognition
0x000000000ec36000 	/usr/lib/libauto.dylib
0x000000000ec36000 	/usr/lib/libxml2.2.dylib
0x000000000ec36000 	/System/Library/PrivateFrameworks/CoreUI.framework/Versions/A/CoreUI
0x000000000ec36000 	/System/Library/Frameworks/CoreAudio.framework/Versions/A/CoreAudio
0x000000000ec36000 	/System/Library/Frameworks/DiskArbitration.framework/Versions/A/DiskArbitration
0x000000000ec36000 	/usr/lib/liblangid.dylib
0x000000000ec36000 	/System/Library/PrivateFrameworks/MultitouchSupport.framework/Versions/A/MultitouchSupport
0x000000000ec36000 	/System/Library/Frameworks/IOKit.framework/Versions/A/IOKit
0x000000000ec36000 	/usr/lib/libDiagnosticMessagesClient.dylib
0x000000000ec36000 	/System/Library/Frameworks/CoreServices.framework/Versions/A/CoreServices
0x000000000ec36000 	/System/Library/PrivateFrameworks/PerformanceAnalysis.framework/Versions/A/PerformanceAnalysis
0x000000000ec36000 	/System/Library/Frameworks/OpenGL.framework/Versions/A/OpenGL
0x000000000ec36000 	/System/Library/Frameworks/ColorSync.framework/Versions/A/ColorSync
0x000000000ec36000 	/System/Library/Frameworks/CoreImage.framework/Versions/A/CoreImage
0x000000000ec36000 	/System/Library/Frameworks/CoreText.framework/Versions/A/CoreText
0x000000000ec36000 	/System/Library/Frameworks/ImageIO.framework/Versions/A/ImageIO
0x000000000ec36000 	/System/Library/PrivateFrameworks/Backup.framework/Versions/A/Backup
0x000000000ec36000 	/usr/lib/libarchive.2.dylib
0x000000000ec36000 	/System/Library/Frameworks/CFNetwork.framework/Versions/A/CFNetwork
0x000000000ec36000 	/System/Library/Frameworks/SystemConfiguration.framework/Versions/A/SystemConfiguration
0x000000000ec36000 	/usr/lib/libCRFSuite.dylib
0x000000000ec36000 	/usr/lib/libc++.1.dylib
0x000000000ec36000 	/usr/lib/libc++abi.dylib
0x000000000ec36000 	/usr/lib/system/libcache.dylib
0x000000000ec36000 	/usr/lib/system/libcommonCrypto.dylib
0x000000000ec36000 	/usr/lib/system/libcompiler_rt.dylib
0x000000000ec36000 	/usr/lib/system/libcopyfile.dylib
0x000000000ec36000 	/usr/lib/system/libcorecrypto.dylib
0x000000000ec36000 	/usr/lib/system/libdispatch.dylib
0x000000000ec36000 	/usr/lib/system/libdyld.dylib
0x000000000ec36000 	/usr/lib/system/libkeymgr.dylib
0x000000000ec36000 	/usr/lib/system/liblaunch.dylib
0x000000000ec36000 	/usr/lib/system/libmacho.dylib
0x000000000ec36000 	/usr/lib/system/libquarantine.dylib
0x000000000ec36000 	/usr/lib/system/libremovefile.dylib
0x000000000ec36000 	/usr/lib/system/libsystem_asl.dylib
0x000000000ec36000 	/usr/lib/system/libsystem_blocks.dylib
0x000000000ec36000 	/usr/lib/system/libsystem_c.dylib
0x000000000ec36000 	/usr/lib/system/libsystem_configuration.dylib
0x000000000ec36000 	/usr/lib/system/libsystem_coreservices.dylib
0x000000000ec36000 	/usr/lib/system/libsystem_darwin.dylib
0x000000000ec36000 	/usr/lib/system/libsystem_dnssd.dylib
0x000000000ec36000 	/usr/lib/system/libsystem_info.dylib
0x000000000ec36000 	/usr/lib/system/libsystem_m.dylib
0x000000000ec36000 	/usr/lib/system/libsystem_malloc.dylib
0x000000000ec36000 	/usr/lib/system/libsystem_network.dylib
0x000000000ec36000 	/usr/lib/system/libsystem_networkextension.dylib
0x000000000ec36000 	/usr/lib/system/libsystem_notify.dylib
0x000000000ec36000 	/usr/lib/system/libsystem_sandbox.dylib
0x000000000ec36000 	/usr/lib/system/libsystem_secinit.dylib
0x000000000ec36000 	/usr/lib/system/libsystem_kernel.dylib
0x000000000ec36000 	/usr/lib/system/libsystem_platform.dylib
0x000000000ec36000 	/usr/lib/system/libsystem_pthread.dylib
0x000000000ec36000 	/usr/lib/system/libsystem_symptoms.dylib
0x000000000ec36000 	/usr/lib/system/libsystem_trace.dylib
0x000000000ec36000 	/usr/lib/system/libunwind.dylib
0x000000000ec36000 	/usr/lib/system/libxpc.dylib
0x000000000ec36000 	/usr/lib/closure/libclosured.dylib
0x000000000ec36000 	/usr/lib/libbsm.0.dylib
0x000000000ec36000 	/usr/lib/system/libkxld.dylib
0x000000000ec36000 	/usr/lib/libOpenScriptingUtil.dylib
0x000000000ec36000 	/usr/lib/libcoretls.dylib
0x000000000ec36000 	/usr/lib/libcoretls_cfhelpers.dylib
0x000000000ec36000 	/usr/lib/libpam.2.dylib
0x000000000ec36000 	/usr/lib/libsqlite3.dylib
0x000000000ec36000 	/usr/lib/libxar.1.dylib
0x000000000ec36000 	/usr/lib/libbz2.1.0.dylib
0x000000000ec36000 	/usr/lib/liblzma.5.dylib
0x000000000ec36000 	/usr/lib/libnetwork.dylib
0x000000000ec36000 	/usr/lib/libapple_nghttp2.dylib
0x000000000ec36000 	/usr/lib/libpcap.A.dylib
0x000000000ec36000 	/usr/lib/libboringssl.dylib
0x000000000ec36000 	/usr/lib/libusrtcp.dylib
0x000000000ec36000 	/usr/lib/libapple_crypto.dylib
0x000000000ec36000 	/System/Library/Frameworks/CoreServices.framework/Versions/A/Frameworks/FSEvents.framework/Versions/A/FSEvents
0x000000000ec36000 	/System/Library/Frameworks/CoreServices.framework/Versions/A/Frameworks/CarbonCore.framework/Versions/A/CarbonCore
0x000000000ec36000 	/System/Library/Frameworks/CoreServices.framework/Versions/A/Frameworks/Metadata.framework/Versions/A/Metadata
0x000000000ec36000 	/System/Library/Frameworks/CoreServices.framework/Versions/A/Frameworks/OSServices.framework/Versions/A/OSServices
0x000000000ec36000 	/System/Library/Frameworks/CoreServices.framework/Versions/A/Frameworks/SearchKit.framework/Versions/A/SearchKit
0x000000000ec36000 	/System/Library/Frameworks/CoreServices.framework/Versions/A/Frameworks/AE.framework/Versions/A/AE
0x000000000ec36000 	/System/Library/Frameworks/CoreServices.framework/Versions/A/Frameworks/LaunchServices.framework/Versions/A/LaunchServices
0x000000000ec36000 	/System/Library/Frameworks/CoreServices.framework/Versions/A/Frameworks/DictionaryServices.framework/Versions/A/DictionaryServices
0x000000000ec36000 	/System/Library/Frameworks/CoreServices.framework/Versions/A/Frameworks/SharedFileList.framework/Versions/A/SharedFileList
0x000000000ec36000 	/System/Library/Frameworks/NetFS.framework/Versions/A/NetFS
0x000000000ec36000 	/System/Library/PrivateFrameworks/NetAuth.framework/Versions/A/NetAuth
0x000000000ec36000 	/System/Library/PrivateFrameworks/login.framework/Versions/A/Frameworks/loginsupport.framework/Versions/A/loginsupport
0x000000000ec36000 	/System/Library/PrivateFrameworks/TCC.framework/Versions/A/TCC
0x000000000ec36000 	/usr/lib/libmecabra.dylib
0x000000000ec36000 	/System/Library/Frameworks/ApplicationServices.framework/Versions/A/Frameworks/ATS.framework/Versions/A/ATS
0x000000000ec36000 	/System/Library/Frameworks/ApplicationServices.framework/Versions/A/Frameworks/ColorSyncLegacy.framework/Versions/A/ColorSyncLegacy
0x000000000ec36000 	/System/Library/Frameworks/ApplicationServices.framework/Versions/A/Frameworks/HIServices.framework/Versions/A/HIServices
0x000000000ec36000 	/System/Library/Frameworks/ApplicationServices.framework/Versions/A/Frameworks/LangAnalysis.framework/Versions/A/LangAnalysis
0x000000000ec36000 	/System/Library/Frameworks/ApplicationServices.framework/Versions/A/Frameworks/PrintCore.framework/Versions/A/PrintCore
0x000000000ec36000 	/System/Library/Frameworks/ApplicationServices.framework/Versions/A/Frameworks/QD.framework/Versions/A/QD
0x000000000ec36000 	/System/Library/Frameworks/ApplicationServices.framework/Versions/A/Frameworks/SpeechSynthesis.framework/Versions/A/SpeechSynthesis
0x000000000ec36000 	/System/Library/Frameworks/CoreDisplay.framework/Versions/A/CoreDisplay
0x000000000ec36000 	/System/Library/Frameworks/Accelerate.framework/Versions/A/Frameworks/vImage.framework/Versions/A/vImage
0x000000000ec36000 	/System/Library/Frameworks/Accelerate.framework/Versions/A/Frameworks/vecLib.framework/Versions/A/vecLib
0x000000000ec36000 	/System/Library/Frameworks/Accelerate.framework/Versions/A/Frameworks/vecLib.framework/Versions/A/libvDSP.dylib
0x000000000ec36000 	/System/Library/Frameworks/Accelerate.framework/Versions/A/Frameworks/vecLib.framework/Versions/A/libBNNS.dylib
0x000000000ec36000 	/System/Library/Frameworks/Accelerate.framework/Versions/A/Frameworks/vecLib.framework/Versions/A/libQuadrature.dylib
0x000000000ec36000 	/System/Library/Frameworks/Accelerate.framework/Versions/A/Frameworks/vecLib.framework/Versions/A/libvMisc.dylib
0x000000000ec36000 	/System/Library/Frameworks/Accelerate.framework/Versions/A/Frameworks/vecLib.framework/Versions/A/libLAPACK.dylib
0x000000000ec36000 	/System/Library/Frameworks/Accelerate.framework/Versions/A/Frameworks/vecLib.framework/Versions/A/libBLAS.dylib
0x000000000ec36000 	/System/Library/Frameworks/Accelerate.framework/Versions/A/Frameworks/vecLib.framework/Versions/A/libLinearAlgebra.dylib
0x000000000ec36000 	/System/Library/Frameworks/Accelerate.framework/Versions/A/Frameworks/vecLib.framework/Versions/A/libSparse.dylib
0x000000000ec36000 	/System/Library/Frameworks/Accelerate.framework/Versions/A/Frameworks/vecLib.framework/Versions/A/libSparseBLAS.dylib
0x000000000ec36000 	/System/Library/PrivateFrameworks/IOAccelerator.framework/Versions/A/IOAccelerator
0x000000000ec36000 	/System/Library/PrivateFrameworks/IOPresentment.framework/Versions/A/IOPresentment
0x000000000ec36000 	/System/Library/PrivateFrameworks/DSExternalDisplay.framework/Versions/A/DSExternalDisplay
0x000000000ec36000 	/System/Library/Frameworks/OpenGL.framework/Versions/A/Libraries/libCoreFSCache.dylib
0x000000000ec36000 	/System/Library/Frameworks/CoreVideo.framework/Versions/A/CoreVideo
0x000000000ec36000 	/System/Library/PrivateFrameworks/GraphVisualizer.framework/Versions/A/GraphVisualizer
0x000000000ec36000 	/System/Library/Frameworks/MetalPerformanceShaders.framework/Versions/A/MetalPerformanceShaders
0x000000000ec36000 	/usr/lib/libFosl_dynamic.dylib
0x000000000ec36000 	/System/Library/PrivateFrameworks/FaceCore.framework/Versions/A/FaceCore
0x000000000ec36000 	/System/Library/Frameworks/OpenCL.framework/Versions/A/OpenCL
0x000000000ec36000 	/usr/lib/libcompression.dylib
0x000000000ec36000 	/System/Library/Frameworks/ApplicationServices.framework/Versions/A/Frameworks/ATS.framework/Versions/A/Resources/libFontParser.dylib
0x000000000ec36000 	/System/Library/Frameworks/ApplicationServices.framework/Versions/A/Frameworks/ATS.framework/Versions/A/Resources/libFontRegistry.dylib
0x000000000ec36000 	/System/Library/Frameworks/ImageIO.framework/Versions/A/Resources/libJPEG.dylib
0x000000000ec36000 	/System/Library/Frameworks/ImageIO.framework/Versions/A/Resources/libTIFF.dylib
0x000000000ec36000 	/System/Library/Frameworks/ImageIO.framework/Versions/A/Resources/libPng.dylib
0x000000000ec36000 	/System/Library/Frameworks/ImageIO.framework/Versions/A/Resources/libGIF.dylib
0x000000000ec36000 	/System/Library/Frameworks/ImageIO.framework/Versions/A/Resources/libJP2.dylib
0x000000000ec36000 	/System/Library/Frameworks/ImageIO.framework/Versions/A/Resources/libRadiance.dylib
0x000000000ec36000 	/System/Library/PrivateFrameworks/AppleJPEG.framework/Versions/A/AppleJPEG
0x000000000ec36000 	/System/Library/PrivateFrameworks/MetalTools.framework/Versions/A/MetalTools
0x000000000ec36000 	/System/Library/Frameworks/MetalPerformanceShaders.framework/Frameworks/MPSCore.framework/Versions/A/MPSCore
0x000000000ec36000 	/System/Library/Frameworks/MetalPerformanceShaders.framework/Frameworks/MPSImage.framework/Versions/A/MPSImage
0x000000000ec36000 	/System/Library/Frameworks/MetalPerformanceShaders.framework/Frameworks/MPSMatrix.framework/Versions/A/MPSMatrix
0x000000000ec36000 	/System/Library/Frameworks/MetalPerformanceShaders.framework/Frameworks/MPSNeuralNetwork.framework/Versions/A/MPSNeuralNetwork
0x000000000ec36000 	/System/Library/Frameworks/OpenGL.framework/Versions/A/Libraries/libGLU.dylib
0x000000000ec36000 	/System/Library/Frameworks/OpenGL.framework/Versions/A/Libraries/libGFXShared.dylib
0x000000000ec36000 	/System/Library/Frameworks/OpenGL.framework/Versions/A/Libraries/libGL.dylib
0x000000000ec36000 	/System/Library/Frameworks/OpenGL.framework/Versions/A/Libraries/libGLImage.dylib
0x000000000ec36000 	/System/Library/Frameworks/OpenGL.framework/Versions/A/Libraries/libCVMSPluginSupport.dylib
0x000000000ec36000 	/System/Library/Frameworks/OpenGL.framework/Versions/A/Libraries/libCoreVMClient.dylib
0x000000000ec36000 	/usr/lib/libcups.2.dylib
0x000000000ec36000 	/System/Library/Frameworks/Kerberos.framework/Versions/A/Kerberos
0x000000000ec36000 	/System/Library/Frameworks/GSS.framework/Versions/A/GSS
0x000000000ec36000 	/usr/lib/libresolv.9.dylib
0x000000000ec36000 	/usr/lib/libiconv.2.dylib
0x000000000ec36000 	/System/Library/PrivateFrameworks/Heimdal.framework/Versions/A/Heimdal
0x000000000ec36000 	/usr/lib/libheimdal-asn1.dylib
0x000000000ec36000 	/System/Library/Frameworks/OpenDirectory.framework/Versions/A/OpenDirectory
0x000000000ec36000 	/System/Library/PrivateFrameworks/CommonAuth.framework/Versions/A/CommonAuth
0x000000000ec36000 	/System/Library/Frameworks/OpenDirectory.framework/Versions/A/Frameworks/CFOpenDirectory.framework/Versions/A/CFOpenDirectory
0x000000000ec36000 	/System/Library/Frameworks/SecurityFoundation.framework/Versions/A/SecurityFoundation
0x000000000ec36000 	/System/Library/PrivateFrameworks/APFS.framework/Versions/A/APFS
0x000000000ec36000 	/usr/lib/libutil.dylib
0x000000000ec36000 	/System/Library/PrivateFrameworks/AppleSauce.framework/Versions/A/AppleSauce
0x000000000ec36000 	/System/Library/PrivateFrameworks/LinguisticData.framework/Versions/A/LinguisticData
0x000000000ec36000 	/usr/lib/libmarisa.dylib
0x000000000ec36000 	/System/Library/PrivateFrameworks/Lexicon.framework/Versions/A/Lexicon
0x000000000ec36000 	/usr/lib/libChineseTokenizer.dylib
0x000000000ec36000 	/usr/lib/libcmph.dylib
0x000000000ec36000 	/System/Library/PrivateFrameworks/LanguageModeling.framework/Versions/A/LanguageModeling
0x000000000ec36000 	/System/Library/PrivateFrameworks/CoreEmoji.framework/Versions/A/CoreEmoji
0x000000000ec36000 	/System/Library/Frameworks/ServiceManagement.framework/Versions/A/ServiceManagement
0x000000000ec36000 	/System/Library/PrivateFrameworks/BackgroundTaskManagement.framework/Versions/A/BackgroundTaskManagement
0x000000000ec36000 	/usr/lib/libxslt.1.dylib
0x000000000ec36000 	/System/Library/Frameworks/Carbon.framework/Versions/A/Frameworks/Ink.framework/Versions/A/Ink
0x000000000ec36000 	/System/Library/PrivateFrameworks/TextureIO.framework/Versions/A/TextureIO
0x000000000ec36000 	/usr/lib/libate.dylib
0x000000000ec36000 	/System/Library/PrivateFrameworks/CrashReporterSupport.framework/Versions/A/CrashReporterSupport
0x000000000ec36000 	/System/Library/PrivateFrameworks/Sharing.framework/Versions/A/Sharing
0x000000000ec36000 	/System/Library/PrivateFrameworks/IconServices.framework/Versions/A/IconServices
0x000000000ec36000 	/System/Library/PrivateFrameworks/ProtocolBuffer.framework/Versions/A/ProtocolBuffer
0x000000000ec36000 	/System/Library/PrivateFrameworks/Apple80211.framework/Versions/A/Apple80211
0x000000000ec36000 	/System/Library/Frameworks/CoreWLAN.framework/Versions/A/CoreWLAN
0x000000000ec36000 	/System/Library/PrivateFrameworks/CoreUtils.framework/Versions/A/CoreUtils
0x000000000ec36000 	/System/Library/Frameworks/IOBluetooth.framework/Versions/A/IOBluetooth
0x000000000ec36000 	/System/Library/PrivateFrameworks/CoreWiFi.framework/Versions/A/CoreWiFi
0x000000000ec36000 	/System/Library/Frameworks/CoreBluetooth.framework/Versions/A/CoreBluetooth
0x000000000ec36000 	/System/Library/PrivateFrameworks/SignpostNotification.framework/Versions/A/SignpostNotification
0x000000000ec36000 	/System/Library/PrivateFrameworks/DebugSymbols.framework/Versions/A/DebugSymbols
0x000000000ec36000 	/System/Library/PrivateFrameworks/CoreSymbolication.framework/Versions/A/CoreSymbolication
0x000000000ec36000 	/System/Library/PrivateFrameworks/Symbolication.framework/Versions/A/Symbolication
0x000000000ec36000 	/System/Library/PrivateFrameworks/AppleFSCompression.framework/Versions/A/AppleFSCompression
0x000000000ec36000 	/System/Library/PrivateFrameworks/SpeechRecognitionCore.framework/Versions/A/SpeechRecognitionCore
0x0000000104c00000 	/Library/Java/JavaVirtualMachines/jdk1.8.0_45.jdk/Contents/Home/jre/lib/server/libjvm.dylib
0x000000000ec36000 	/usr/lib/libstdc++.6.0.9.dylib
0x0000000103bab000 	/Library/Java/JavaVirtualMachines/jdk1.8.0_45.jdk/Contents/Home/jre/lib/libverify.dylib
0x0000000103bb9000 	/Library/Java/JavaVirtualMachines/jdk1.8.0_45.jdk/Contents/Home/jre/lib/libjava.dylib
0x0000000105ba9000 	/Library/Java/JavaVirtualMachines/jdk1.8.0_45.jdk/Contents/Home/jre/lib/libzip.dylib
0x000000000ec36000 	/System/Library/Frameworks/JavaVM.framework/Versions/A/Frameworks/JavaRuntimeSupport.framework/Versions/A/JavaRuntimeSupport
0x000000000ec36000 	/System/Library/Frameworks/JavaVM.framework/Versions/A/Frameworks/JavaNativeFoundation.framework/Versions/A/JavaNativeFoundation
0x000000000ec36000 	/System/Library/Frameworks/JavaVM.framework/Versions/A/JavaVM
0x000000000ec36000 	/System/Library/Frameworks/Carbon.framework/Versions/A/Carbon
0x000000000ec36000 	/System/Library/PrivateFrameworks/JavaLaunching.framework/Versions/A/JavaLaunching
0x000000000ec36000 	/System/Library/Frameworks/Carbon.framework/Versions/A/Frameworks/CommonPanels.framework/Versions/A/CommonPanels
0x000000000ec36000 	/System/Library/Frameworks/Carbon.framework/Versions/A/Frameworks/Help.framework/Versions/A/Help
0x000000000ec36000 	/System/Library/Frameworks/Carbon.framework/Versions/A/Frameworks/ImageCapture.framework/Versions/A/ImageCapture
0x000000000ec36000 	/System/Library/Frameworks/Carbon.framework/Versions/A/Frameworks/OpenScripting.framework/Versions/A/OpenScripting
0x000000000ec36000 	/System/Library/Frameworks/Carbon.framework/Versions/A/Frameworks/Print.framework/Versions/A/Print
0x000000000ec36000 	/System/Library/Frameworks/Carbon.framework/Versions/A/Frameworks/SecurityHI.framework/Versions/A/SecurityHI
0x0000000111d01000 	/Library/Java/JavaVirtualMachines/jdk1.8.0_45.jdk/Contents/Home/jre/lib/libprism_es2.dylib
0x000000000ec36000 	/System/Library/PrivateFrameworks/CoreServicesInternal.framework/Versions/A/CoreServicesInternal
0x000000000ec36000 	/System/Library/Frameworks/OpenGL.framework/Versions/A/Resources/GLEngine.bundle/GLEngine
0x000000000ec36000 	/System/Library/Frameworks/OpenGL.framework/Versions/A/Libraries/libGLProgrammability.dylib
0x0000000111daa000 	/System/Library/Extensions/AppleIntelHD5000GraphicsGLDriver.bundle/Contents/MacOS/AppleIntelHD5000GraphicsGLDriver
0x000000000ec36000 	/System/Library/PrivateFrameworks/GPUSupport.framework/Versions/A/Libraries/libGPUSupportMercury.dylib
0x000000000ec36000 	/System/Library/Frameworks/OpenGL.framework/Versions/A/Resources/GLRendererFloat.bundle/GLRendererFloat
0x000000000ec36000 	/System/Library/Frameworks/OpenCL.framework/Versions/A/Libraries/libcldcpuengine.dylib
0x000000000ec36000 	/usr/lib/libcrypto.35.dylib
0x000000000ec36000 	/System/Library/PrivateFrameworks/TrustEvaluationAgent.framework/Versions/A/TrustEvaluationAgent
0x000000011293f000 	/Library/Java/JavaVirtualMachines/jdk1.8.0_45.jdk/Contents/Home/jre/lib/libglass.dylib
0x000000000ec36000 	/System/Library/CoreServices/RawCamera.bundle/Contents/MacOS/RawCamera
0x000000000ec36000 	/System/Library/PrivateFrameworks/MobileAsset.framework/Versions/A/MobileAsset
0x000000000ec36000 	/System/Library/PrivateFrameworks/StreamingZip.framework/Versions/A/StreamingZip
0x000000000ec36000 	/System/Library/Frameworks/MediaToolbox.framework/Versions/A/MediaToolbox
0x000000000ec36000 	/System/Library/PrivateFrameworks/CoreAVCHD.framework/Versions/A/CoreAVCHD
0x000000000ec36000 	/System/Library/Frameworks/MediaAccessibility.framework/Versions/A/MediaAccessibility
0x000000000ec36000 	/System/Library/PrivateFrameworks/Mangrove.framework/Versions/A/Mangrove
0x000000000ec36000 	/System/Library/Frameworks/CoreMedia.framework/Versions/A/CoreMedia
0x000000000ec36000 	/System/Library/Frameworks/VideoToolbox.framework/Versions/A/VideoToolbox
0x000000000ec36000 	/System/Library/PrivateFrameworks/CoreAUC.framework/Versions/A/CoreAUC
0x000000000ec36000 	/usr/lib/libspindump.dylib
0x000000000ec36000 	/usr/lib/libdscsym.dylib
0x000000000ec36000 	/System/Library/PrivateFrameworks/AppleVA.framework/Versions/A/AppleVA
0x000000000ec36000 	/System/Library/Frameworks/Accelerate.framework/Versions/A/Frameworks/vImage.framework/Versions/A/Libraries/libCGInterfaces.dylib
0x000000000ec36000 	/System/Library/PrivateFrameworks/FamilyControls.framework/Versions/A/FamilyControls
0x000000000ec36000 	/System/Library/PrivateFrameworks/CommerceKit.framework/Versions/A/Frameworks/CommerceCore.framework/Versions/A/CommerceCore
0x000000000ec36000 	/System/Library/PrivateFrameworks/SystemAdministration.framework/Versions/A/SystemAdministration
0x000000000ec36000 	/System/Library/PrivateFrameworks/AppContainer.framework/Versions/A/AppContainer
0x000000000ec36000 	/System/Library/PrivateFrameworks/SecCodeWrapper.framework/Versions/A/SecCodeWrapper
0x000000000ec36000 	/System/Library/PrivateFrameworks/DiskManagement.framework/Versions/A/DiskManagement
0x000000000ec36000 	/System/Library/Frameworks/DirectoryService.framework/Versions/A/DirectoryService
0x000000000ec36000 	/System/Library/PrivateFrameworks/DiskImages.framework/Versions/A/DiskImages
0x000000000ec36000 	/System/Library/PrivateFrameworks/LoginUIKit.framework/Versions/A/Frameworks/LoginUICore.framework/Versions/A/LoginUICore
0x000000000ec36000 	/usr/lib/libCoreStorage.dylib
0x000000000ec36000 	/usr/lib/libcsfde.dylib
0x000000000ec36000 	/usr/lib/libodfde.dylib
0x000000000ec36000 	/System/Library/PrivateFrameworks/MediaKit.framework/Versions/A/MediaKit
0x000000000ec36000 	/System/Library/Frameworks/DiscRecording.framework/Versions/A/DiscRecording
0x000000000ec36000 	/System/Library/PrivateFrameworks/EFILogin.framework/Versions/A/EFILogin
0x000000000ec36000 	/System/Library/PrivateFrameworks/ProtectedCloudStorage.framework/Versions/A/ProtectedCloudStorage
0x000000000ec36000 	/usr/lib/libcurl.4.dylib
0x000000000ec36000 	/usr/lib/libssl.35.dylib
0x000000000ec36000 	/System/Library/Frameworks/LDAP.framework/Versions/A/LDAP
0x000000000ec36000 	/usr/lib/libsasl2.2.dylib
0x000000000ec36000 	/System/Library/PrivateFrameworks/CoreDaemon.framework/Versions/B/CoreDaemon
0x000000000ec36000 	/System/Library/PrivateFrameworks/AppleSRP.framework/Versions/A/AppleSRP
0x0000000112a6f000 	/Library/Java/JavaVirtualMachines/jdk1.8.0_45.jdk/Contents/Home/jre/lib/libmanagement.dylib
0x00000001239de000 	/Library/Java/JavaVirtualMachines/jdk1.8.0_45.jdk/Contents/Home/jre/lib/libnet.dylib
0x0000000123a10000 	/Library/Java/JavaVirtualMachines/jdk1.8.0_45.jdk/Contents/Home/jre/lib/libnio.dylib
0x000000000ec36000 	/System/Library/Frameworks/ApplicationServices.framework/Versions/A/Frameworks/ATS.framework/Versions/A/Resources/libTrueTypeScaler.dylib
0x000000000ec36000 	/System/Library/Extensions/AppleIntelHD5000GraphicsMTLDriver.bundle/Contents/MacOS/AppleIntelHD5000GraphicsMTLDriver
0x000000000ec36000 	/System/Library/PrivateFrameworks/GPUCompiler.framework/Versions/3802/Libraries/libmetal_timestamp.dylib
0x0000000124f33000 	/Library/Java/JavaVirtualMachines/jdk1.8.0_45.jdk/Contents/Home/jre/lib/libjavafx_font.dylib
0x000000000ec36000 	/System/Library/PrivateFrameworks/ViewBridge.framework/Versions/A/ViewBridge

VM Arguments:
jvm_args: -Dfile.encoding=UTF-8 
java_command: assignment1.Main
java_class_path (initial): /Users/kevingonzales/Desktop/School/ApplicationProggramming/assignment1/bin:/Users/kevingonzales/Downloads/CS4743/log4j-api-2.7.jar:/Users/kevingonzales/Downloads/CS4743/log4j-core-2.7.jar
Launcher Type: SUN_STANDARD

Environment Variables:
PATH=/usr/bin:/bin:/usr/sbin:/sbin
SHELL=/bin/bash

Signal Handlers:
SIGSEGV: [libjvm.dylib+0x58ef95], sa_mask[0]=11111111011111110111111111111111, sa_flags=SA_ONSTACK|SA_RESTART|SA_SIGINFO
SIGBUS: [libjvm.dylib+0x58ef95], sa_mask[0]=11111111011111110111111111111111, sa_flags=SA_RESTART|SA_SIGINFO
SIGFPE: [libjvm.dylib+0x46c108], sa_mask[0]=11111111011111110111111111111111, sa_flags=SA_RESTART|SA_SIGINFO
SIGPIPE: [libjvm.dylib+0x46c108], sa_mask[0]=11111111011111110111111111111111, sa_flags=SA_RESTART|SA_SIGINFO
SIGXFSZ: [libjvm.dylib+0x46c108], sa_mask[0]=11111111011111110111111111111111, sa_flags=SA_RESTART|SA_SIGINFO
SIGILL: [libjvm.dylib+0x46c108], sa_mask[0]=11111111011111110111111111111111, sa_flags=SA_RESTART|SA_SIGINFO
SIGUSR1: SIG_DFL, sa_mask[0]=00000000000000000000000000000000, sa_flags=none
SIGUSR2: [libjvm.dylib+0x46bc26], sa_mask[0]=00100000000000000000000000000000, sa_flags=SA_RESTART|SA_SIGINFO
SIGHUP: [libjvm.dylib+0x46a1f9], sa_mask[0]=11111111011111110111111111111111, sa_flags=SA_RESTART|SA_SIGINFO
SIGINT: [libjvm.dylib+0x46a1f9], sa_mask[0]=11111111011111110111111111111111, sa_flags=SA_RESTART|SA_SIGINFO
SIGTERM: [libjvm.dylib+0x46a1f9], sa_mask[0]=11111111011111110111111111111111, sa_flags=SA_RESTART|SA_SIGINFO
SIGQUIT: [libjvm.dylib+0x46a1f9], sa_mask[0]=11111111011111110111111111111111, sa_flags=SA_RESTART|SA_SIGINFO


---------------  S Y S T E M  ---------------

OS:Bsduname:Darwin 17.3.0 Darwin Kernel Version 17.3.0: Thu Nov  9 18:09:22 PST 2017; root:xnu-4570.31.3~1/RELEASE_X86_64 x86_64
rlimit: STACK 8192k, CORE 0k, NPROC 1418, NOFILE 10240, AS infinity
load average:2.20 1.75 1.64

CPU:total 8 (4 cores per cpu, 2 threads per core) family 6 model 70 stepping 1, cmov, cx8, fxsr, mmx, sse, sse2, sse3, ssse3, sse4.1, sse4.2, popcnt, avx, avx2, aes, clmul, erms, lzcnt, ht, tsc, tscinvbit, bmi1, bmi2

Memory: 4k page, physical 16777216k(218756k free)

/proc/meminfo:


vm_info: Java HotSpot(TM) 64-Bit Server VM (25.45-b02) for bsd-amd64 JRE (1.8.0_45-b14), built on Apr 10 2015 10:46:38 by "java_re" with gcc 4.2.1 (Based on Apple Inc. build 5658) (LLVM build 2336.11.00)

time: Wed Jan 24 12:47:11 2018
elapsed time: 8 seconds (0d 0h 0m 8s)

