#
# A fatal error has been detected by the Java Runtime Environment:
#
#  SIGSEGV (0xb) at pc=0x00000001172e158d, pid=89339, tid=775
#
# JRE version: Java(TM) SE Runtime Environment (8.0_45-b14) (build 1.8.0_45-b14)
# Java VM: Java HotSpot(TM) 64-Bit Server VM (25.45-b02 mixed mode bsd-amd64 compressed oops)
# Problematic frame:
# C  [libglass.dylib+0x1558d]  GlassScreenDidChangeScreenParameters+0x9d
#
# Failed to write core dump. Core dumps have been disabled. To enable core dumping, try "ulimit -c unlimited" before starting Java again
#
# If you would like to submit a bug report, please visit:
#   http://bugreport.java.com/bugreport/crash.jsp
#

---------------  T H R E A D  ---------------

Current thread is native thread

siginfo: si_signo: 11 (SIGSEGV), si_code: 1 (SEGV_MAPERR), si_addr: 0x0000000000000000

Registers:
RAX=0x0000000117313bc0, RBX=0x0000000000000000, RCX=0x1ba02600390c00aa, RDX=0x00007fe20575ab98
RSP=0x00007ffee7705ac0, RBP=0x00007ffee7705ad0, RSI=0x00007fe207800fa0, RDI=0x0000000000000000
R8 =0x00007fffad368048, R9 =0x0000000000000040, R10=0x00007fffad368040, R11=0xffffffffffffffff
R12=0x0000000000000000, R13=0x00007fe20575a980, R14=0x00007fe20780a2d0, R15=0x0000000000000000
RIP=0x00000001172e158d, EFLAGS=0x0000000000010202, ERR=0x0000000000000004
  TRAPNO=0x000000000000000e

Top of Stack: (sp=0x00007ffee7705ac0)
0x00007ffee7705ac0:   00007fe20575aa40 00007fe20780a2d0
0x00007ffee7705ad0:   00007ffee7705ae0 00007fff4ca35a3c
0x00007ffee7705ae0:   00007ffee7705b50 00007fff4ca3592a
0x00007ffee7705af0:   00007fe20576b0d0 00007fffad363060
0x00007ffee7705b00:   00000000c2000000 00007fff4ca35990
0x00007ffee7705b10:   00007fffa6c6ab38 00007fe20575a980
0x00007ffee7705b20:   00007fe20780a2d0 00007ffee7706398
0x00007ffee7705b30:   00007fff73676e80 0000000000000000
0x00007ffee7705b40:   00007fe20575a980 00007fff4ac91058
0x00007ffee7705b50:   00007ffee7705b90 00007fff4ca35672
0x00007ffee7705b60:   00007ffee7706160 0000000000000000
0x00007ffee7705b70:   00007fff73676e80 0000000000000000
0x00007ffee7705b80:   00007ffee7706398 00007fff4ac91058
0x00007ffee7705b90:   00007ffee77062b0 00007fff4c9f3450
0x00007ffee7705ba0:   0000000000000017 00007fffa63f50f0
0x00007ffee7705bb0:   00007fe20550ba60 00007fffa6da3c01
0x00007ffee7705bc0:   0000000000000000 00007fe205639cf0
0x00007ffee7705bd0:   00007fffa6da3cc0 00007fffa6cac998
0x00007ffee7705be0:   00007fffa6c6cb50 00007fe20564e740
0x00007ffee7705bf0:   0000000000000000 00007fe20575aa70
0x00007ffee7705c00:   0000000000000000 0000000000000000
0x00007ffee7705c10:   00007ffee7706160 0000000000000001
0x00007ffee7705c20:   0000000000000100 00007fff4cd64700
0x00007ffee7705c30:   00007ffee7706060 0000000000000000
0x00007ffee7705c40:   0000000000000100 00007ffee7705c00
0x00007ffee7705c50:   00007ffee7706370 00007fe20719d050
0x00007ffee7705c60:   0000000000000000 00007fe205639cf0
0x00007ffee7705c70:   00007fe20550ba60 00000000d4240b13
0x00007ffee7705c80:   00007ffee7705cc0 00007fff7441d384
0x00007ffee7705c90:   0000000000000000 0000000108514080
0x00007ffee7705ca0:   00007ffee7705d30 00007fff74433758
0x00007ffee7705cb0:   00007ffee7705cd0 0000000100000000 

Instructions: (pc=0x00000001172e158d)
0x00000001172e156d:   89 df 4c 89 f1 41 ff 90 68 04 00 00 48 8d 05 48
0x00000001172e157d:   25 03 00 48 8b 30 48 8d 05 36 26 03 00 48 8b 10
0x00000001172e158d:   48 8b 0b 30 c0 48 89 df ff 91 68 04 00 00 48 8b
0x00000001172e159d:   03 48 89 df ff 50 78 48 85 c0 74 36 49 89 c6 48 

Register to memory mapping:

RAX=0x0000000117313bc0: jScreenNotifySettingsChanged+0 in /Library/Java/JavaVirtualMachines/jdk1.8.0_45.jdk/Contents/Home/jre/lib/libglass.dylib at 0x00000001172cc000
RBX=0x0000000000000000 is an unknown value
RCX=0x1ba02600390c00aa is an unknown value
RDX=0x00007fe20575ab98 is an unknown value
RSP=0x00007ffee7705ac0 is an unknown value
RBP=0x00007ffee7705ad0 is an unknown value
RSI=0x00007fe207800fa0 is a global jni handle
RDI=0x0000000000000000 is an unknown value
R8 =0x00007fffad368048: __sFX+0x1c8 in /usr/lib/system/libsystem_c.dylib at 0x00007fff742c3000
R9 =0x0000000000000040 is an unknown value
R10=0x00007fffad368040: __sFX+0x1c0 in /usr/lib/system/libsystem_c.dylib at 0x00007fff742c3000
R11=0xffffffffffffffff is an unknown value
R12=0x0000000000000000 is an unknown value
R13=0x00007fe20575a980 is an unknown value
R14=0x00007fe20780a2d0 is an unknown value
R15=0x0000000000000000 is an unknown value


Stack: [0x00007ffee6f09000,0x00007ffee7709000],  sp=0x00007ffee7705ac0,  free space=8178k
Native frames: (J=compiled Java code, j=interpreted, Vv=VM code, C=native code)
C  [libglass.dylib+0x1558d]  GlassScreenDidChangeScreenParameters+0x9d
C  [CoreFoundation+0x9aa3c]  __CFNOTIFICATIONCENTER_IS_CALLING_OUT_TO_AN_OBSERVER__+0xc
C  [CoreFoundation+0x9a92a]  _CFXRegistrationPost+0x1ba
C  [CoreFoundation+0x9a672]  ___CFXNotificationPost_block_invoke+0x32
C  [CoreFoundation+0x58450]  -[_CFXNotificationRegistrar find:object:observer:enumerator:]+0x680
C  [CoreFoundation+0x57583]  _CFXNotificationPost+0x253
C  [Foundation+0x63c7]  -[NSNotificationCenter postNotificationName:object:userInfo:]+0x42
C  [AppKit+0xbc1723]  -[NSApplication(ScreenHandling) _reactToScreenInvalidationImmediately:]+0x162
C  [AppKit+0xbc1585]  __60-[NSApplication(ScreenHandling) _reactToScreenInvalidation:]_block_invoke+0x3b
C  [CoreFoundation+0xa340c]  __CFRUNLOOP_IS_CALLING_OUT_TO_A_BLOCK__+0xc
C  [CoreFoundation+0x85e23]  __CFRunLoopDoBlocks+0x113
C  [CoreFoundation+0x85be8]  __CFRunLoopRun+0xc38
C  [CoreFoundation+0x84d23]  CFRunLoopRunSpecific+0x1e3
C  [java+0x6490]  CreateExecutionEnvironment+0x367
C  [java+0x221c]  JLI_Launch+0x7a0
C  [java+0x84ed]  main+0x65
C  [java+0x1a74]  start+0x34


---------------  P R O C E S S  ---------------

VM state:at safepoint (normal execution)

VM Mutex/Monitor currently owned by a thread:  ([mutex/lock_event])
[0x00007fe205703240] Threads_lock - owner thread: 0x00007fe208009800

Heap:
 PSYoungGen      total 76288K, used 16178K [0x000000076ab00000, 0x0000000770000000, 0x00000007c0000000)
  eden space 65536K, 24% used [0x000000076ab00000,0x000000076baccab0,0x000000076eb00000)
  from space 10752K, 0% used [0x000000076f580000,0x000000076f580000,0x0000000770000000)
  to   space 10752K, 0% used [0x000000076eb00000,0x000000076eb00000,0x000000076f580000)
 ParOldGen       total 175104K, used 0K [0x00000006c0000000, 0x00000006cab00000, 0x000000076ab00000)
  object space 175104K, 0% used [0x00000006c0000000,0x00000006c0000000,0x00000006cab00000)
 Metaspace       used 6927K, capacity 7304K, committed 7680K, reserved 1056768K
  class space    used 825K, capacity 901K, committed 1024K, reserved 1048576K

Card table byte_map: [0x000000010a929000,0x000000010b12a000] byte_map_base: 0x0000000107329000

Marking Bits: (ParMarkBitMap*) 0x0000000109ec27a0
 Begin Bits: [0x000000010b680000, 0x000000010f680000)
 End Bits:   [0x000000010f680000, 0x0000000113680000)

Polling page: 0x000000010857b000

CodeCache: size=245760Kb used=2118Kb max_used=2118Kb free=243641Kb
 bounds [0x0000000117fbb000, 0x000000011822b000, 0x0000000126fbb000]
 total_blobs=872 nmethods=485 adapters=301
 compilation: enabled

Compilation events (10 events):
Event: 0.422 Thread 0x00007fe207019800  481       3       java.util.Date::getCalendarSystem (31 bytes)
Event: 0.423 Thread 0x00007fe207019800 nmethod 481 0x00000001181cadd0 code [0x00000001181cafa0, 0x00000001181cb6c8]
Event: 0.424 Thread 0x00007fe207019800  482       1       java.nio.Buffer::position (5 bytes)
Event: 0.424 Thread 0x00007fe207019800 nmethod 482 0x00000001181cb910 code [0x00000001181cba60, 0x00000001181cbb70]
Event: 0.424 Thread 0x00007fe207019800  483       1       java.nio.Buffer::limit (5 bytes)
Event: 0.424 Thread 0x00007fe207019800 nmethod 483 0x00000001181cbbd0 code [0x00000001181cbd20, 0x00000001181cbe30]
Event: 0.424 Thread 0x00007fe207019800  484       3       java.nio.ByteBuffer::arrayOffset (35 bytes)
Event: 0.425 Thread 0x00007fe207019800 nmethod 484 0x00000001181cbe90 code [0x00000001181cc020, 0x00000001181cc338]
Event: 0.427 Thread 0x00007fe207019800  485       3       java.nio.Buffer::position (43 bytes)
Event: 0.427 Thread 0x00007fe207019800 nmethod 485 0x00000001181ccf10 code [0x00000001181cd080, 0x00000001181cd348]

GC Heap History (0 events):
No events

Deoptimization events (1 events):
Event: 0.402 Thread 0x00007fe2071b4800 Uncommon trap: reason=unstable_if action=reinterpret pc=0x0000000118169f74 method=java.lang.String.replace(CC)Ljava/lang/String; @ 2

Internal exceptions (10 events):
Event: 0.040 Thread 0x00007fe207005000 Exception <a 'java/lang/NoSuchMethodError': Method sun.misc.Unsafe.defineClass(Ljava/lang/String;[BII)Ljava/lang/Class; name or signature does not match> (0x000000076ab12db0) thrown at [/Users/java_re/workspace/8-2-build-macosx-x86_64/jdk8u45/3457/hotspot
Event: 0.040 Thread 0x00007fe207005000 Exception <a 'java/lang/NoSuchMethodError': Method sun.misc.Unsafe.prefetchRead(Ljava/lang/Object;J)V name or signature does not match> (0x000000076ab13040) thrown at [/Users/java_re/workspace/8-2-build-macosx-x86_64/jdk8u45/3457/hotspot/src/share/vm/prim
Event: 0.128 Thread 0x00007fe207005000 Exception <a 'java/lang/NoSuchFieldError': method resolution failed> (0x000000076af37ee8) thrown at [/Users/java_re/workspace/8-2-build-macosx-x86_64/jdk8u45/3457/hotspot/src/share/vm/prims/methodHandles.cpp, line 1125]
Event: 0.130 Thread 0x00007fe207005000 Exception <a 'java/lang/NoSuchFieldError': method resolution failed> (0x000000076af465b8) thrown at [/Users/java_re/workspace/8-2-build-macosx-x86_64/jdk8u45/3457/hotspot/src/share/vm/prims/methodHandles.cpp, line 1125]
Event: 0.145 Thread 0x00007fe207005000 Exception <a 'java/security/PrivilegedActionException'> (0x000000076afd2c08) thrown at [/Users/java_re/workspace/8-2-build-macosx-x86_64/jdk8u45/3457/hotspot/src/share/vm/prims/jvm.cpp, line 1382]
Event: 0.145 Thread 0x00007fe207005000 Exception <a 'java/security/PrivilegedActionException'> (0x000000076afd2dc0) thrown at [/Users/java_re/workspace/8-2-build-macosx-x86_64/jdk8u45/3457/hotspot/src/share/vm/prims/jvm.cpp, line 1382]
Event: 0.145 Thread 0x00007fe207005000 Exception <a 'java/security/PrivilegedActionException'> (0x000000076afd5fb0) thrown at [/Users/java_re/workspace/8-2-build-macosx-x86_64/jdk8u45/3457/hotspot/src/share/vm/prims/jvm.cpp, line 1382]
Event: 0.145 Thread 0x00007fe207005000 Exception <a 'java/security/PrivilegedActionException'> (0x000000076afd6168) thrown at [/Users/java_re/workspace/8-2-build-macosx-x86_64/jdk8u45/3457/hotspot/src/share/vm/prims/jvm.cpp, line 1382]
Event: 0.145 Thread 0x00007fe207005000 Exception <a 'java/lang/NullPointerException'> (0x000000076afd6900) thrown at [/Users/java_re/workspace/8-2-build-macosx-x86_64/jdk8u45/3457/hotspot/src/share/vm/interpreter/linkResolver.cpp, line 1178]
Event: 0.423 Thread 0x00007fe207005000 Exception <a 'java/lang/reflect/InvocationTargetException'> (0x000000076b36b2f8) thrown at [/Users/java_re/workspace/8-2-build-macosx-x86_64/jdk8u45/3457/hotspot/src/share/vm/runtime/reflection.cpp, line 1080]

Events (10 events):
Event: 0.426 loading class java/util/Formatter$Flags done
Event: 0.426 loading class java/util/Formatter$Conversion
Event: 0.426 loading class java/util/Formatter$Conversion done
Event: 0.427 loading class java/util/Formattable
Event: 0.427 loading class java/util/Formattable done
Event: 0.427 loading class java/util/IdentityHashMap$KeyIterator
Event: 0.427 loading class java/util/IdentityHashMap$IdentityHashMapIterator
Event: 0.427 loading class java/util/IdentityHashMap$IdentityHashMapIterator done
Event: 0.427 loading class java/util/IdentityHashMap$KeyIterator done
Event: 0.427 Executing VM operation: Exit


Dynamic libraries:
0x0000000024ff3000 	/System/Library/Frameworks/Cocoa.framework/Versions/A/Cocoa
0x0000000024ff3000 	/System/Library/Frameworks/Security.framework/Versions/A/Security
0x0000000024ff3000 	/System/Library/Frameworks/ApplicationServices.framework/Versions/A/ApplicationServices
0x0000000024ff3000 	/usr/lib/libz.1.dylib
0x0000000024ff3000 	/usr/lib/libSystem.B.dylib
0x0000000024ff3000 	/usr/lib/libobjc.A.dylib
0x0000000024ff3000 	/System/Library/Frameworks/CoreFoundation.framework/Versions/A/CoreFoundation
0x0000000024ff3000 	/System/Library/Frameworks/Foundation.framework/Versions/C/Foundation
0x0000000024ff3000 	/System/Library/Frameworks/AppKit.framework/Versions/C/AppKit
0x0000000024ff3000 	/System/Library/Frameworks/CoreData.framework/Versions/A/CoreData
0x0000000024ff3000 	/System/Library/PrivateFrameworks/RemoteViewServices.framework/Versions/A/RemoteViewServices
0x0000000024ff3000 	/System/Library/PrivateFrameworks/UIFoundation.framework/Versions/A/UIFoundation
0x0000000024ff3000 	/System/Library/PrivateFrameworks/DFRFoundation.framework/Versions/A/DFRFoundation
0x0000000024ff3000 	/System/Library/Frameworks/Metal.framework/Versions/A/Metal
0x0000000024ff3000 	/System/Library/PrivateFrameworks/DesktopServicesPriv.framework/Versions/A/DesktopServicesPriv
0x0000000024ff3000 	/usr/lib/libenergytrace.dylib
0x0000000024ff3000 	/System/Library/PrivateFrameworks/SkyLight.framework/Versions/A/SkyLight
0x0000000024ff3000 	/System/Library/Frameworks/CoreGraphics.framework/Versions/A/CoreGraphics
0x0000000024ff3000 	/usr/lib/libScreenReader.dylib
0x0000000024ff3000 	/System/Library/Frameworks/Accelerate.framework/Versions/A/Accelerate
0x0000000024ff3000 	/System/Library/Frameworks/IOSurface.framework/Versions/A/IOSurface
0x0000000024ff3000 	/System/Library/Frameworks/AudioToolbox.framework/Versions/A/AudioToolbox
0x0000000024ff3000 	/System/Library/Frameworks/AudioUnit.framework/Versions/A/AudioUnit
0x0000000024ff3000 	/System/Library/PrivateFrameworks/DataDetectorsCore.framework/Versions/A/DataDetectorsCore
0x0000000024ff3000 	/System/Library/Frameworks/Carbon.framework/Versions/A/Frameworks/HIToolbox.framework/Versions/A/HIToolbox
0x0000000024ff3000 	/usr/lib/libicucore.A.dylib
0x0000000024ff3000 	/System/Library/Frameworks/QuartzCore.framework/Versions/A/QuartzCore
0x0000000024ff3000 	/System/Library/Frameworks/Carbon.framework/Versions/A/Frameworks/SpeechRecognition.framework/Versions/A/SpeechRecognition
0x0000000024ff3000 	/usr/lib/libauto.dylib
0x0000000024ff3000 	/usr/lib/libxml2.2.dylib
0x0000000024ff3000 	/System/Library/PrivateFrameworks/CoreUI.framework/Versions/A/CoreUI
0x0000000024ff3000 	/System/Library/Frameworks/CoreAudio.framework/Versions/A/CoreAudio
0x0000000024ff3000 	/System/Library/Frameworks/DiskArbitration.framework/Versions/A/DiskArbitration
0x0000000024ff3000 	/usr/lib/liblangid.dylib
0x0000000024ff3000 	/System/Library/PrivateFrameworks/MultitouchSupport.framework/Versions/A/MultitouchSupport
0x0000000024ff3000 	/System/Library/Frameworks/IOKit.framework/Versions/A/IOKit
0x0000000024ff3000 	/usr/lib/libDiagnosticMessagesClient.dylib
0x0000000024ff3000 	/System/Library/Frameworks/CoreServices.framework/Versions/A/CoreServices
0x0000000024ff3000 	/System/Library/PrivateFrameworks/PerformanceAnalysis.framework/Versions/A/PerformanceAnalysis
0x0000000024ff3000 	/System/Library/Frameworks/OpenGL.framework/Versions/A/OpenGL
0x0000000024ff3000 	/System/Library/Frameworks/ColorSync.framework/Versions/A/ColorSync
0x0000000024ff3000 	/System/Library/Frameworks/CoreImage.framework/Versions/A/CoreImage
0x0000000024ff3000 	/System/Library/Frameworks/CoreText.framework/Versions/A/CoreText
0x0000000024ff3000 	/System/Library/Frameworks/ImageIO.framework/Versions/A/ImageIO
0x0000000024ff3000 	/System/Library/PrivateFrameworks/Backup.framework/Versions/A/Backup
0x0000000024ff3000 	/usr/lib/libarchive.2.dylib
0x0000000024ff3000 	/System/Library/Frameworks/CFNetwork.framework/Versions/A/CFNetwork
0x0000000024ff3000 	/System/Library/Frameworks/SystemConfiguration.framework/Versions/A/SystemConfiguration
0x0000000024ff3000 	/usr/lib/libCRFSuite.dylib
0x0000000024ff3000 	/usr/lib/libc++.1.dylib
0x0000000024ff3000 	/usr/lib/libc++abi.dylib
0x0000000024ff3000 	/usr/lib/system/libcache.dylib
0x0000000024ff3000 	/usr/lib/system/libcommonCrypto.dylib
0x0000000024ff3000 	/usr/lib/system/libcompiler_rt.dylib
0x0000000024ff3000 	/usr/lib/system/libcopyfile.dylib
0x0000000024ff3000 	/usr/lib/system/libcorecrypto.dylib
0x0000000024ff3000 	/usr/lib/system/libdispatch.dylib
0x0000000024ff3000 	/usr/lib/system/libdyld.dylib
0x0000000024ff3000 	/usr/lib/system/libkeymgr.dylib
0x0000000024ff3000 	/usr/lib/system/liblaunch.dylib
0x0000000024ff3000 	/usr/lib/system/libmacho.dylib
0x0000000024ff3000 	/usr/lib/system/libquarantine.dylib
0x0000000024ff3000 	/usr/lib/system/libremovefile.dylib
0x0000000024ff3000 	/usr/lib/system/libsystem_asl.dylib
0x0000000024ff3000 	/usr/lib/system/libsystem_blocks.dylib
0x0000000024ff3000 	/usr/lib/system/libsystem_c.dylib
0x0000000024ff3000 	/usr/lib/system/libsystem_configuration.dylib
0x0000000024ff3000 	/usr/lib/system/libsystem_coreservices.dylib
0x0000000024ff3000 	/usr/lib/system/libsystem_darwin.dylib
0x0000000024ff3000 	/usr/lib/system/libsystem_dnssd.dylib
0x0000000024ff3000 	/usr/lib/system/libsystem_info.dylib
0x0000000024ff3000 	/usr/lib/system/libsystem_m.dylib
0x0000000024ff3000 	/usr/lib/system/libsystem_malloc.dylib
0x0000000024ff3000 	/usr/lib/system/libsystem_network.dylib
0x0000000024ff3000 	/usr/lib/system/libsystem_networkextension.dylib
0x0000000024ff3000 	/usr/lib/system/libsystem_notify.dylib
0x0000000024ff3000 	/usr/lib/system/libsystem_sandbox.dylib
0x0000000024ff3000 	/usr/lib/system/libsystem_secinit.dylib
0x0000000024ff3000 	/usr/lib/system/libsystem_kernel.dylib
0x0000000024ff3000 	/usr/lib/system/libsystem_platform.dylib
0x0000000024ff3000 	/usr/lib/system/libsystem_pthread.dylib
0x0000000024ff3000 	/usr/lib/system/libsystem_symptoms.dylib
0x0000000024ff3000 	/usr/lib/system/libsystem_trace.dylib
0x0000000024ff3000 	/usr/lib/system/libunwind.dylib
0x0000000024ff3000 	/usr/lib/system/libxpc.dylib
0x0000000024ff3000 	/usr/lib/closure/libclosured.dylib
0x0000000024ff3000 	/usr/lib/libbsm.0.dylib
0x0000000024ff3000 	/usr/lib/system/libkxld.dylib
0x0000000024ff3000 	/usr/lib/libOpenScriptingUtil.dylib
0x0000000024ff3000 	/usr/lib/libcoretls.dylib
0x0000000024ff3000 	/usr/lib/libcoretls_cfhelpers.dylib
0x0000000024ff3000 	/usr/lib/libpam.2.dylib
0x0000000024ff3000 	/usr/lib/libsqlite3.dylib
0x0000000024ff3000 	/usr/lib/libxar.1.dylib
0x0000000024ff3000 	/usr/lib/libbz2.1.0.dylib
0x0000000024ff3000 	/usr/lib/liblzma.5.dylib
0x0000000024ff3000 	/usr/lib/libnetwork.dylib
0x0000000024ff3000 	/usr/lib/libapple_nghttp2.dylib
0x0000000024ff3000 	/usr/lib/libpcap.A.dylib
0x0000000024ff3000 	/usr/lib/libboringssl.dylib
0x0000000024ff3000 	/usr/lib/libusrtcp.dylib
0x0000000024ff3000 	/usr/lib/libapple_crypto.dylib
0x0000000024ff3000 	/System/Library/Frameworks/CoreServices.framework/Versions/A/Frameworks/FSEvents.framework/Versions/A/FSEvents
0x0000000024ff3000 	/System/Library/Frameworks/CoreServices.framework/Versions/A/Frameworks/CarbonCore.framework/Versions/A/CarbonCore
0x0000000024ff3000 	/System/Library/Frameworks/CoreServices.framework/Versions/A/Frameworks/Metadata.framework/Versions/A/Metadata
0x0000000024ff3000 	/System/Library/Frameworks/CoreServices.framework/Versions/A/Frameworks/OSServices.framework/Versions/A/OSServices
0x0000000024ff3000 	/System/Library/Frameworks/CoreServices.framework/Versions/A/Frameworks/SearchKit.framework/Versions/A/SearchKit
0x0000000024ff3000 	/System/Library/Frameworks/CoreServices.framework/Versions/A/Frameworks/AE.framework/Versions/A/AE
0x0000000024ff3000 	/System/Library/Frameworks/CoreServices.framework/Versions/A/Frameworks/LaunchServices.framework/Versions/A/LaunchServices
0x0000000024ff3000 	/System/Library/Frameworks/CoreServices.framework/Versions/A/Frameworks/DictionaryServices.framework/Versions/A/DictionaryServices
0x0000000024ff3000 	/System/Library/Frameworks/CoreServices.framework/Versions/A/Frameworks/SharedFileList.framework/Versions/A/SharedFileList
0x0000000024ff3000 	/System/Library/Frameworks/NetFS.framework/Versions/A/NetFS
0x0000000024ff3000 	/System/Library/PrivateFrameworks/NetAuth.framework/Versions/A/NetAuth
0x0000000024ff3000 	/System/Library/PrivateFrameworks/login.framework/Versions/A/Frameworks/loginsupport.framework/Versions/A/loginsupport
0x0000000024ff3000 	/System/Library/PrivateFrameworks/TCC.framework/Versions/A/TCC
0x0000000024ff3000 	/usr/lib/libmecabra.dylib
0x0000000024ff3000 	/System/Library/Frameworks/ApplicationServices.framework/Versions/A/Frameworks/ATS.framework/Versions/A/ATS
0x0000000024ff3000 	/System/Library/Frameworks/ApplicationServices.framework/Versions/A/Frameworks/ColorSyncLegacy.framework/Versions/A/ColorSyncLegacy
0x0000000024ff3000 	/System/Library/Frameworks/ApplicationServices.framework/Versions/A/Frameworks/HIServices.framework/Versions/A/HIServices
0x0000000024ff3000 	/System/Library/Frameworks/ApplicationServices.framework/Versions/A/Frameworks/LangAnalysis.framework/Versions/A/LangAnalysis
0x0000000024ff3000 	/System/Library/Frameworks/ApplicationServices.framework/Versions/A/Frameworks/PrintCore.framework/Versions/A/PrintCore
0x0000000024ff3000 	/System/Library/Frameworks/ApplicationServices.framework/Versions/A/Frameworks/QD.framework/Versions/A/QD
0x0000000024ff3000 	/System/Library/Frameworks/ApplicationServices.framework/Versions/A/Frameworks/SpeechSynthesis.framework/Versions/A/SpeechSynthesis
0x0000000024ff3000 	/System/Library/Frameworks/CoreDisplay.framework/Versions/A/CoreDisplay
0x0000000024ff3000 	/System/Library/Frameworks/Accelerate.framework/Versions/A/Frameworks/vImage.framework/Versions/A/vImage
0x0000000024ff3000 	/System/Library/Frameworks/Accelerate.framework/Versions/A/Frameworks/vecLib.framework/Versions/A/vecLib
0x0000000024ff3000 	/System/Library/Frameworks/Accelerate.framework/Versions/A/Frameworks/vecLib.framework/Versions/A/libvDSP.dylib
0x0000000024ff3000 	/System/Library/Frameworks/Accelerate.framework/Versions/A/Frameworks/vecLib.framework/Versions/A/libBNNS.dylib
0x0000000024ff3000 	/System/Library/Frameworks/Accelerate.framework/Versions/A/Frameworks/vecLib.framework/Versions/A/libQuadrature.dylib
0x0000000024ff3000 	/System/Library/Frameworks/Accelerate.framework/Versions/A/Frameworks/vecLib.framework/Versions/A/libvMisc.dylib
0x0000000024ff3000 	/System/Library/Frameworks/Accelerate.framework/Versions/A/Frameworks/vecLib.framework/Versions/A/libLAPACK.dylib
0x0000000024ff3000 	/System/Library/Frameworks/Accelerate.framework/Versions/A/Frameworks/vecLib.framework/Versions/A/libBLAS.dylib
0x0000000024ff3000 	/System/Library/Frameworks/Accelerate.framework/Versions/A/Frameworks/vecLib.framework/Versions/A/libLinearAlgebra.dylib
0x0000000024ff3000 	/System/Library/Frameworks/Accelerate.framework/Versions/A/Frameworks/vecLib.framework/Versions/A/libSparse.dylib
0x0000000024ff3000 	/System/Library/Frameworks/Accelerate.framework/Versions/A/Frameworks/vecLib.framework/Versions/A/libSparseBLAS.dylib
0x0000000024ff3000 	/System/Library/PrivateFrameworks/IOAccelerator.framework/Versions/A/IOAccelerator
0x0000000024ff3000 	/System/Library/PrivateFrameworks/IOPresentment.framework/Versions/A/IOPresentment
0x0000000024ff3000 	/System/Library/PrivateFrameworks/DSExternalDisplay.framework/Versions/A/DSExternalDisplay
0x0000000024ff3000 	/System/Library/Frameworks/OpenGL.framework/Versions/A/Libraries/libCoreFSCache.dylib
0x0000000024ff3000 	/System/Library/Frameworks/CoreVideo.framework/Versions/A/CoreVideo
0x0000000024ff3000 	/System/Library/PrivateFrameworks/GraphVisualizer.framework/Versions/A/GraphVisualizer
0x0000000024ff3000 	/System/Library/Frameworks/MetalPerformanceShaders.framework/Versions/A/MetalPerformanceShaders
0x0000000024ff3000 	/usr/lib/libFosl_dynamic.dylib
0x0000000024ff3000 	/System/Library/PrivateFrameworks/FaceCore.framework/Versions/A/FaceCore
0x0000000024ff3000 	/System/Library/Frameworks/OpenCL.framework/Versions/A/OpenCL
0x0000000024ff3000 	/usr/lib/libcompression.dylib
0x0000000024ff3000 	/System/Library/Frameworks/ApplicationServices.framework/Versions/A/Frameworks/ATS.framework/Versions/A/Resources/libFontParser.dylib
0x0000000024ff3000 	/System/Library/Frameworks/ApplicationServices.framework/Versions/A/Frameworks/ATS.framework/Versions/A/Resources/libFontRegistry.dylib
0x0000000024ff3000 	/System/Library/Frameworks/ImageIO.framework/Versions/A/Resources/libJPEG.dylib
0x0000000024ff3000 	/System/Library/Frameworks/ImageIO.framework/Versions/A/Resources/libTIFF.dylib
0x0000000024ff3000 	/System/Library/Frameworks/ImageIO.framework/Versions/A/Resources/libPng.dylib
0x0000000024ff3000 	/System/Library/Frameworks/ImageIO.framework/Versions/A/Resources/libGIF.dylib
0x0000000024ff3000 	/System/Library/Frameworks/ImageIO.framework/Versions/A/Resources/libJP2.dylib
0x0000000024ff3000 	/System/Library/Frameworks/ImageIO.framework/Versions/A/Resources/libRadiance.dylib
0x0000000024ff3000 	/System/Library/PrivateFrameworks/AppleJPEG.framework/Versions/A/AppleJPEG
0x0000000024ff3000 	/System/Library/PrivateFrameworks/MetalTools.framework/Versions/A/MetalTools
0x0000000024ff3000 	/System/Library/Frameworks/MetalPerformanceShaders.framework/Frameworks/MPSCore.framework/Versions/A/MPSCore
0x0000000024ff3000 	/System/Library/Frameworks/MetalPerformanceShaders.framework/Frameworks/MPSImage.framework/Versions/A/MPSImage
0x0000000024ff3000 	/System/Library/Frameworks/MetalPerformanceShaders.framework/Frameworks/MPSMatrix.framework/Versions/A/MPSMatrix
0x0000000024ff3000 	/System/Library/Frameworks/MetalPerformanceShaders.framework/Frameworks/MPSNeuralNetwork.framework/Versions/A/MPSNeuralNetwork
0x0000000024ff3000 	/System/Library/Frameworks/OpenGL.framework/Versions/A/Libraries/libGLU.dylib
0x0000000024ff3000 	/System/Library/Frameworks/OpenGL.framework/Versions/A/Libraries/libGFXShared.dylib
0x0000000024ff3000 	/System/Library/Frameworks/OpenGL.framework/Versions/A/Libraries/libGL.dylib
0x0000000024ff3000 	/System/Library/Frameworks/OpenGL.framework/Versions/A/Libraries/libGLImage.dylib
0x0000000024ff3000 	/System/Library/Frameworks/OpenGL.framework/Versions/A/Libraries/libCVMSPluginSupport.dylib
0x0000000024ff3000 	/System/Library/Frameworks/OpenGL.framework/Versions/A/Libraries/libCoreVMClient.dylib
0x0000000024ff3000 	/usr/lib/libcups.2.dylib
0x0000000024ff3000 	/System/Library/Frameworks/Kerberos.framework/Versions/A/Kerberos
0x0000000024ff3000 	/System/Library/Frameworks/GSS.framework/Versions/A/GSS
0x0000000024ff3000 	/usr/lib/libresolv.9.dylib
0x0000000024ff3000 	/usr/lib/libiconv.2.dylib
0x0000000024ff3000 	/System/Library/PrivateFrameworks/Heimdal.framework/Versions/A/Heimdal
0x0000000024ff3000 	/usr/lib/libheimdal-asn1.dylib
0x0000000024ff3000 	/System/Library/Frameworks/OpenDirectory.framework/Versions/A/OpenDirectory
0x0000000024ff3000 	/System/Library/PrivateFrameworks/CommonAuth.framework/Versions/A/CommonAuth
0x0000000024ff3000 	/System/Library/Frameworks/OpenDirectory.framework/Versions/A/Frameworks/CFOpenDirectory.framework/Versions/A/CFOpenDirectory
0x0000000024ff3000 	/System/Library/Frameworks/SecurityFoundation.framework/Versions/A/SecurityFoundation
0x0000000024ff3000 	/System/Library/PrivateFrameworks/APFS.framework/Versions/A/APFS
0x0000000024ff3000 	/usr/lib/libutil.dylib
0x0000000024ff3000 	/System/Library/PrivateFrameworks/AppleSauce.framework/Versions/A/AppleSauce
0x0000000024ff3000 	/System/Library/PrivateFrameworks/LinguisticData.framework/Versions/A/LinguisticData
0x0000000024ff3000 	/usr/lib/libmarisa.dylib
0x0000000024ff3000 	/System/Library/PrivateFrameworks/Lexicon.framework/Versions/A/Lexicon
0x0000000024ff3000 	/usr/lib/libChineseTokenizer.dylib
0x0000000024ff3000 	/usr/lib/libcmph.dylib
0x0000000024ff3000 	/System/Library/PrivateFrameworks/LanguageModeling.framework/Versions/A/LanguageModeling
0x0000000024ff3000 	/System/Library/PrivateFrameworks/CoreEmoji.framework/Versions/A/CoreEmoji
0x0000000024ff3000 	/System/Library/Frameworks/ServiceManagement.framework/Versions/A/ServiceManagement
0x0000000024ff3000 	/System/Library/PrivateFrameworks/BackgroundTaskManagement.framework/Versions/A/BackgroundTaskManagement
0x0000000024ff3000 	/usr/lib/libxslt.1.dylib
0x0000000024ff3000 	/System/Library/Frameworks/Carbon.framework/Versions/A/Frameworks/Ink.framework/Versions/A/Ink
0x0000000024ff3000 	/System/Library/PrivateFrameworks/TextureIO.framework/Versions/A/TextureIO
0x0000000024ff3000 	/usr/lib/libate.dylib
0x0000000024ff3000 	/System/Library/PrivateFrameworks/CrashReporterSupport.framework/Versions/A/CrashReporterSupport
0x0000000024ff3000 	/System/Library/PrivateFrameworks/Sharing.framework/Versions/A/Sharing
0x0000000024ff3000 	/System/Library/PrivateFrameworks/IconServices.framework/Versions/A/IconServices
0x0000000024ff3000 	/System/Library/PrivateFrameworks/ProtocolBuffer.framework/Versions/A/ProtocolBuffer
0x0000000024ff3000 	/System/Library/PrivateFrameworks/Apple80211.framework/Versions/A/Apple80211
0x0000000024ff3000 	/System/Library/Frameworks/CoreWLAN.framework/Versions/A/CoreWLAN
0x0000000024ff3000 	/System/Library/PrivateFrameworks/CoreUtils.framework/Versions/A/CoreUtils
0x0000000024ff3000 	/System/Library/Frameworks/IOBluetooth.framework/Versions/A/IOBluetooth
0x0000000024ff3000 	/System/Library/PrivateFrameworks/CoreWiFi.framework/Versions/A/CoreWiFi
0x0000000024ff3000 	/System/Library/Frameworks/CoreBluetooth.framework/Versions/A/CoreBluetooth
0x0000000024ff3000 	/System/Library/PrivateFrameworks/SignpostNotification.framework/Versions/A/SignpostNotification
0x0000000024ff3000 	/System/Library/PrivateFrameworks/DebugSymbols.framework/Versions/A/DebugSymbols
0x0000000024ff3000 	/System/Library/PrivateFrameworks/CoreSymbolication.framework/Versions/A/CoreSymbolication
0x0000000024ff3000 	/System/Library/PrivateFrameworks/Symbolication.framework/Versions/A/Symbolication
0x0000000024ff3000 	/System/Library/PrivateFrameworks/AppleFSCompression.framework/Versions/A/AppleFSCompression
0x0000000024ff3000 	/System/Library/PrivateFrameworks/SpeechRecognitionCore.framework/Versions/A/SpeechRecognitionCore
0x0000000109600000 	/Library/Java/JavaVirtualMachines/jdk1.8.0_45.jdk/Contents/Home/jre/lib/server/libjvm.dylib
0x0000000024ff3000 	/usr/lib/libstdc++.6.0.9.dylib
0x0000000108538000 	/Library/Java/JavaVirtualMachines/jdk1.8.0_45.jdk/Contents/Home/jre/lib/libverify.dylib
0x0000000108546000 	/Library/Java/JavaVirtualMachines/jdk1.8.0_45.jdk/Contents/Home/jre/lib/libjava.dylib
0x00000001085c5000 	/Library/Java/JavaVirtualMachines/jdk1.8.0_45.jdk/Contents/Home/jre/lib/libzip.dylib
0x0000000024ff3000 	/System/Library/Frameworks/JavaVM.framework/Versions/A/Frameworks/JavaRuntimeSupport.framework/Versions/A/JavaRuntimeSupport
0x0000000024ff3000 	/System/Library/Frameworks/JavaVM.framework/Versions/A/Frameworks/JavaNativeFoundation.framework/Versions/A/JavaNativeFoundation
0x0000000024ff3000 	/System/Library/Frameworks/JavaVM.framework/Versions/A/JavaVM
0x0000000024ff3000 	/System/Library/Frameworks/Carbon.framework/Versions/A/Carbon
0x0000000024ff3000 	/System/Library/PrivateFrameworks/JavaLaunching.framework/Versions/A/JavaLaunching
0x0000000024ff3000 	/System/Library/Frameworks/Carbon.framework/Versions/A/Frameworks/CommonPanels.framework/Versions/A/CommonPanels
0x0000000024ff3000 	/System/Library/Frameworks/Carbon.framework/Versions/A/Frameworks/Help.framework/Versions/A/Help
0x0000000024ff3000 	/System/Library/Frameworks/Carbon.framework/Versions/A/Frameworks/ImageCapture.framework/Versions/A/ImageCapture
0x0000000024ff3000 	/System/Library/Frameworks/Carbon.framework/Versions/A/Frameworks/OpenScripting.framework/Versions/A/OpenScripting
0x0000000024ff3000 	/System/Library/Frameworks/Carbon.framework/Versions/A/Frameworks/Print.framework/Versions/A/Print
0x0000000024ff3000 	/System/Library/Frameworks/Carbon.framework/Versions/A/Frameworks/SecurityHI.framework/Versions/A/SecurityHI
0x000000011668e000 	/Library/Java/JavaVirtualMachines/jdk1.8.0_45.jdk/Contents/Home/jre/lib/libprism_es2.dylib
0x0000000024ff3000 	/System/Library/PrivateFrameworks/CoreServicesInternal.framework/Versions/A/CoreServicesInternal
0x0000000024ff3000 	/System/Library/Frameworks/OpenGL.framework/Versions/A/Resources/GLEngine.bundle/GLEngine
0x0000000024ff3000 	/System/Library/Frameworks/OpenGL.framework/Versions/A/Libraries/libGLProgrammability.dylib
0x0000000116737000 	/System/Library/Extensions/AppleIntelHD5000GraphicsGLDriver.bundle/Contents/MacOS/AppleIntelHD5000GraphicsGLDriver
0x0000000024ff3000 	/System/Library/PrivateFrameworks/GPUSupport.framework/Versions/A/Libraries/libGPUSupportMercury.dylib
0x0000000024ff3000 	/System/Library/Frameworks/OpenGL.framework/Versions/A/Resources/GLRendererFloat.bundle/GLRendererFloat
0x0000000024ff3000 	/System/Library/Frameworks/OpenCL.framework/Versions/A/Libraries/libcldcpuengine.dylib
0x0000000024ff3000 	/usr/lib/libcrypto.35.dylib
0x0000000024ff3000 	/System/Library/PrivateFrameworks/TrustEvaluationAgent.framework/Versions/A/TrustEvaluationAgent
0x00000001172cc000 	/Library/Java/JavaVirtualMachines/jdk1.8.0_45.jdk/Contents/Home/jre/lib/libglass.dylib
0x0000000024ff3000 	/System/Library/CoreServices/RawCamera.bundle/Contents/MacOS/RawCamera
0x0000000024ff3000 	/System/Library/PrivateFrameworks/MobileAsset.framework/Versions/A/MobileAsset
0x0000000024ff3000 	/System/Library/PrivateFrameworks/StreamingZip.framework/Versions/A/StreamingZip
0x0000000024ff3000 	/System/Library/Frameworks/MediaToolbox.framework/Versions/A/MediaToolbox
0x0000000024ff3000 	/System/Library/PrivateFrameworks/CoreAVCHD.framework/Versions/A/CoreAVCHD
0x0000000024ff3000 	/System/Library/Frameworks/MediaAccessibility.framework/Versions/A/MediaAccessibility
0x0000000024ff3000 	/System/Library/PrivateFrameworks/Mangrove.framework/Versions/A/Mangrove
0x0000000024ff3000 	/System/Library/Frameworks/CoreMedia.framework/Versions/A/CoreMedia
0x0000000024ff3000 	/System/Library/Frameworks/VideoToolbox.framework/Versions/A/VideoToolbox
0x0000000024ff3000 	/System/Library/PrivateFrameworks/CoreAUC.framework/Versions/A/CoreAUC
0x0000000024ff3000 	/usr/lib/libspindump.dylib
0x0000000024ff3000 	/usr/lib/libdscsym.dylib
0x0000000024ff3000 	/System/Library/PrivateFrameworks/AppleVA.framework/Versions/A/AppleVA
0x0000000024ff3000 	/System/Library/Frameworks/Accelerate.framework/Versions/A/Frameworks/vImage.framework/Versions/A/Libraries/libCGInterfaces.dylib
0x0000000024ff3000 	/System/Library/PrivateFrameworks/FamilyControls.framework/Versions/A/FamilyControls
0x0000000024ff3000 	/System/Library/PrivateFrameworks/CommerceKit.framework/Versions/A/Frameworks/CommerceCore.framework/Versions/A/CommerceCore
0x0000000024ff3000 	/System/Library/PrivateFrameworks/SystemAdministration.framework/Versions/A/SystemAdministration
0x0000000024ff3000 	/System/Library/PrivateFrameworks/AppContainer.framework/Versions/A/AppContainer
0x0000000024ff3000 	/System/Library/PrivateFrameworks/SecCodeWrapper.framework/Versions/A/SecCodeWrapper
0x0000000024ff3000 	/System/Library/PrivateFrameworks/DiskManagement.framework/Versions/A/DiskManagement
0x0000000024ff3000 	/System/Library/Frameworks/DirectoryService.framework/Versions/A/DirectoryService
0x0000000024ff3000 	/System/Library/PrivateFrameworks/DiskImages.framework/Versions/A/DiskImages
0x0000000024ff3000 	/System/Library/PrivateFrameworks/LoginUIKit.framework/Versions/A/Frameworks/LoginUICore.framework/Versions/A/LoginUICore
0x0000000024ff3000 	/usr/lib/libCoreStorage.dylib
0x0000000024ff3000 	/usr/lib/libcsfde.dylib
0x0000000024ff3000 	/usr/lib/libodfde.dylib
0x0000000024ff3000 	/System/Library/PrivateFrameworks/MediaKit.framework/Versions/A/MediaKit
0x0000000024ff3000 	/System/Library/Frameworks/DiscRecording.framework/Versions/A/DiscRecording
0x0000000024ff3000 	/System/Library/PrivateFrameworks/EFILogin.framework/Versions/A/EFILogin
0x0000000024ff3000 	/System/Library/PrivateFrameworks/ProtectedCloudStorage.framework/Versions/A/ProtectedCloudStorage
0x0000000024ff3000 	/usr/lib/libcurl.4.dylib
0x0000000024ff3000 	/usr/lib/libssl.35.dylib
0x0000000024ff3000 	/System/Library/Frameworks/LDAP.framework/Versions/A/LDAP
0x0000000024ff3000 	/usr/lib/libsasl2.2.dylib
0x0000000024ff3000 	/System/Library/PrivateFrameworks/CoreDaemon.framework/Versions/B/CoreDaemon
0x0000000024ff3000 	/System/Library/PrivateFrameworks/AppleSRP.framework/Versions/A/AppleSRP

VM Arguments:
jvm_args: -Dfile.encoding=UTF-8 
java_command: assignment1.Main
java_class_path (initial): /Users/kevingonzales/Desktop/School/ApplicationProggramming/assignment1/bin
Launcher Type: SUN_STANDARD

Environment Variables:
PATH=/usr/bin:/bin:/usr/sbin:/sbin
SHELL=/bin/bash

Signal Handlers:
SIGSEGV: [libjvm.dylib+0x58ef95], sa_mask[0]=11111111011111110111111111111111, sa_flags=SA_ONSTACK|SA_RESTART|SA_SIGINFO
SIGBUS: [libjvm.dylib+0x58ef95], sa_mask[0]=11111111011111110111111111111111, sa_flags=SA_RESTART|SA_SIGINFO
SIGFPE: [libjvm.dylib+0x46c108], sa_mask[0]=11111111011111110111111111111111, sa_flags=SA_RESTART|SA_SIGINFO
SIGPIPE: [libjvm.dylib+0x46c108], sa_mask[0]=11111111011111110111111111111111, sa_flags=SA_RESTART|SA_SIGINFO
SIGXFSZ: [libjvm.dylib+0x46c108], sa_mask[0]=11111111011111110111111111111111, sa_flags=SA_RESTART|SA_SIGINFO
SIGILL: [libjvm.dylib+0x46c108], sa_mask[0]=11111111011111110111111111111111, sa_flags=SA_RESTART|SA_SIGINFO
SIGUSR1: SIG_DFL, sa_mask[0]=00000000000000000000000000000000, sa_flags=none
SIGUSR2: [libjvm.dylib+0x46bc26], sa_mask[0]=00100000000000000000000000000000, sa_flags=SA_RESTART|SA_SIGINFO
SIGHUP: [libjvm.dylib+0x46a1f9], sa_mask[0]=11111111011111110111111111111111, sa_flags=SA_RESTART|SA_SIGINFO
SIGINT: [libjvm.dylib+0x46a1f9], sa_mask[0]=11111111011111110111111111111111, sa_flags=SA_RESTART|SA_SIGINFO
SIGTERM: [libjvm.dylib+0x46a1f9], sa_mask[0]=11111111011111110111111111111111, sa_flags=SA_RESTART|SA_SIGINFO
SIGQUIT: [libjvm.dylib+0x46a1f9], sa_mask[0]=11111111011111110111111111111111, sa_flags=SA_RESTART|SA_SIGINFO


---------------  S Y S T E M  ---------------

OS:Bsduname:Darwin 17.3.0 Darwin Kernel Version 17.3.0: Thu Nov  9 18:09:22 PST 2017; root:xnu-4570.31.3~1/RELEASE_X86_64 x86_64
rlimit: STACK 8192k, CORE 0k, NPROC 1418, NOFILE 10240, AS infinity
load average:1.89 1.63 1.58

CPU:total 8 (4 cores per cpu, 2 threads per core) family 6 model 70 stepping 1, cmov, cx8, fxsr, mmx, sse, sse2, sse3, ssse3, sse4.1, sse4.2, popcnt, avx, avx2, aes, clmul, erms, lzcnt, ht, tsc, tscinvbit, bmi1, bmi2

Memory: 4k page, physical 16777216k(2863220k free)

/proc/meminfo:


vm_info: Java HotSpot(TM) 64-Bit Server VM (25.45-b02) for bsd-amd64 JRE (1.8.0_45-b14), built on Apr 10 2015 10:46:38 by "java_re" with gcc 4.2.1 (Based on Apple Inc. build 5658) (LLVM build 2336.11.00)

time: Fri Jan 19 13:52:57 2018
elapsed time: 0 seconds (0d 0h 0m 0s)

