13:16:18.070 ERROR assignment1.UsefulFunctions : Blah
13:16:18.073 ERROR assignment1.UsefulFunctions : Yeah
13:20:37.353 ERROR assignment1.UsefulFunctions : Blah
13:20:37.356 ERROR assignment1.UsefulFunctions : Yeah
13:20:47.834 ERROR assignment1.UsefulFunctions : Blah
13:20:47.837 ERROR assignment1.UsefulFunctions : Yeah
13:26:21.209 ERROR assignment1.UsefulFunctions : Blah
13:26:21.212 ERROR assignment1.UsefulFunctions : Yeah
13:26:24.278 ERROR assignment1.AuthorListController : clicked
13:26:25.009 ERROR assignment1.AuthorListController : clicked
13:26:26.174 ERROR assignment1.AuthorListController : clicked
13:26:26.764 ERROR assignment1.AuthorListController : clicked
13:26:30.726 ERROR assignment1.AuthorListController : clicked
13:26:31.348 ERROR assignment1.AuthorListController : clicked
14:37:12.639 ERROR assignment1.UsefulFunctions : Blah
14:37:12.642 ERROR assignment1.UsefulFunctions : Yeah
14:39:14.150 ERROR assignment1.UsefulFunctions : Blah
14:39:14.154 ERROR assignment1.UsefulFunctions : Yeah
14:39:16.472 ERROR assignment1.AuthorListController : clicked
14:39:17.966 ERROR assignment1.AuthorListController : clicked
14:39:28.756 ERROR assignment1.UsefulFunctions : Blah
14:39:28.760 ERROR assignment1.UsefulFunctions : Yeah
14:39:30.014 ERROR assignment1.AuthorListController : clicked
14:39:31.507 ERROR assignment1.AuthorListController : clicked
14:39:31.957 ERROR assignment1.AuthorListController : clicked
14:39:32.171 ERROR assignment1.AuthorListController : clicked
14:39:32.343 ERROR assignment1.AuthorListController : clicked
14:39:33.137 ERROR assignment1.AuthorListController : clicked
14:39:33.423 ERROR assignment1.AuthorListController : clicked
14:41:51.496 ERROR assignment1.UsefulFunctions : Blah
14:41:51.499 ERROR assignment1.UsefulFunctions : Yeah
14:41:53.027 ERROR assignment1.AuthorListController : ACTION
14:41:53.833 ERROR assignment1.AuthorListController : ACTION
14:41:54.364 ERROR assignment1.AuthorListController : ACTION
14:41:54.668 ERROR assignment1.AuthorListController : ACTION
14:41:54.864 ERROR assignment1.AuthorListController : ACTION
14:41:55.176 ERROR assignment1.AuthorListController : ACTION
14:49:56.315 ERROR assignment1.UsefulFunctions : Blah
14:49:56.318 ERROR assignment1.UsefulFunctions : Yeah
14:49:57.438 ERROR assignment1.AuthorListController : javafx.event.ActionEvent[source=Button[id=Poe, styleClass=button]'Edger Allen Poe']
14:50:56.081 ERROR assignment1.UsefulFunctions : Blah
14:50:56.084 ERROR assignment1.UsefulFunctions : Yeah
14:50:57.308 ERROR assignment1.AuthorListController : wow
14:50:58.372 ERROR assignment1.AuthorListController : wow
14:51:02.879 ERROR assignment1.AuthorListController : javafx.event.ActionEvent[source=Button[id=Akira, styleClass=button]'Akira Toryama']
14:51:04.108 ERROR assignment1.AuthorListController : javafx.event.ActionEvent[source=Button[id=George, styleClass=button]'George Owell']
14:51:07.461 ERROR assignment1.AuthorListController : wow
14:51:08.361 ERROR assignment1.AuthorListController : wow
14:51:08.745 ERROR assignment1.AuthorListController : wow
14:54:07.354 ERROR assignment1.UsefulFunctions : Blah
14:54:07.357 ERROR assignment1.UsefulFunctions : Yeah
15:05:15.178 ERROR assignment1.UsefulFunctions : Blah
15:05:15.181 ERROR assignment1.UsefulFunctions : Yeah
15:05:17.995 ERROR assignment1.AuthorListController : Clicked
15:05:18.823 ERROR assignment1.AuthorListController : Clicked
15:05:19.765 ERROR assignment1.AuthorListController : Clicked
15:05:20.525 ERROR assignment1.AuthorListController : Clicked
15:05:21.415 ERROR assignment1.AuthorListController : Clicked
15:05:23.085 ERROR assignment1.AuthorListController : Clicked
15:05:23.979 ERROR assignment1.AuthorListController : Clicked
15:19:39.006 ERROR assignment1.UsefulFunctions : Blah
15:19:39.010 ERROR assignment1.UsefulFunctions : Yeah
15:28:23.793 ERROR assignment1.UsefulFunctions : Blah
15:28:23.796 ERROR assignment1.UsefulFunctions : Yeah
15:28:27.706 ERROR assignment1.AuthorListController : Double Clicked
15:28:27.731 ERROR assignment1.UsefulFunctions : Blah
15:28:27.734 ERROR assignment1.UsefulFunctions : Yeah
15:28:35.615 ERROR assignment1.UsefulFunctions : Blah
15:28:35.616 ERROR assignment1.UsefulFunctions : Yeah
15:28:37.219 ERROR assignment1.AuthorListController : Double Clicked
15:28:37.227 ERROR assignment1.UsefulFunctions : Blah
15:28:37.229 ERROR assignment1.UsefulFunctions : Yeah
15:28:42.621 ERROR assignment1.UsefulFunctions : Blah
15:28:42.622 ERROR assignment1.UsefulFunctions : Yeah
15:32:05.506 ERROR assignment1.UsefulFunctions : Blah
15:32:05.510 ERROR assignment1.UsefulFunctions : Yeah
15:32:09.528 ERROR assignment1.AuthorListController : Double Clicked
15:32:09.547 ERROR assignment1.UsefulFunctions : Blah
15:32:09.550 ERROR assignment1.UsefulFunctions : Yeah
15:33:33.046 ERROR assignment1.UsefulFunctions : Swithching Views
15:33:34.638 ERROR assignment1.AuthorListController : Double Clicked
15:33:36.583 ERROR assignment1.AuthorListController : Double Clicked
15:33:37.623 ERROR assignment1.AuthorListController : Double Clicked
15:36:54.663 ERROR assignment1.UsefulFunctions : Swithching Views
15:36:55.834 ERROR assignment1.AuthorListController : Double Clicked
15:38:21.708 ERROR assignment1.UsefulFunctions : Swithching Views
15:38:22.827 ERROR assignment1.AuthorListController : Double Clicked
15:39:48.296 ERROR assignment1.UsefulFunctions : Swithching Views
15:39:49.652 ERROR assignment1.AuthorListController : Double Clicked
15:40:06.954 ERROR assignment1.UsefulFunctions : Swithching Views
15:40:08.237 ERROR assignment1.AuthorListController : Double Clicked
15:40:21.877 ERROR assignment1.UsefulFunctions : Swithching Views
15:40:23.028 ERROR assignment1.AuthorListController : Double Clicked
15:40:24.479 ERROR assignment1.AuthorListController : Double Clicked
15:41:43.785 ERROR assignment1.UsefulFunctions : Swithching Views
15:41:44.609 ERROR assignment1.AuthorListController : Double Clicked
15:41:44.627 ERROR assignment1.UsefulFunctions : Swithching Views
15:41:46.513 ERROR assignment1.AuthorDetailViewController : Clicked Save
15:41:47.216 ERROR assignment1.AuthorDetailViewController : Clicked Save
15:41:47.544 ERROR assignment1.AuthorDetailViewController : Clicked Save
15:41:47.740 ERROR assignment1.AuthorDetailViewController : Clicked Save
15:41:47.912 ERROR assignment1.AuthorDetailViewController : Clicked Save
15:41:48.100 ERROR assignment1.AuthorDetailViewController : Clicked Save
15:41:48.248 ERROR assignment1.AuthorDetailViewController : Clicked Save
15:48:38.197 ERROR assignment1.Main : error
15:49:10.592 ERROR assignment1.Main : error Couldnt load window
15:51:01.375 ERROR assignment1.Main : error Couldnt load window
13:07:03.851 ERROR assignment1.UsefulFunctions : Swithching Views
13:07:18.811 ERROR assignment1.AuthorListController : Double Clicked
13:07:18.837 ERROR assignment1.UsefulFunctions : Swithching Views
13:07:20.621 ERROR assignment1.AuthorDetailViewController : Clicked Save
13:07:21.337 ERROR assignment1.AuthorDetailViewController : Clicked Save
13:07:21.591 ERROR assignment1.AuthorDetailViewController : Clicked Save
13:07:21.779 ERROR assignment1.AuthorDetailViewController : Clicked Save
13:12:04.160 ERROR assignment1.UsefulFunctions : Swithching Views
13:12:07.184 ERROR assignment1.AuthorListController : Double Clicked
13:12:07.202 ERROR assignment1.UsefulFunctions : Swithching Views
13:12:13.742 ERROR assignment1.Main : error Couldnt load window
13:14:05.077 INFO  assignment1.Main : HELP
13:14:12.699 ERROR assignment1.Main : error Couldnt load window
13:15:04.399 INFO  assignment1.Main : HELP
13:15:06.512 ERROR assignment1.UsefulFunctions : Swithching Views
13:15:08.509 ERROR assignment1.AuthorListController : Double Clicked
13:15:08.527 ERROR assignment1.UsefulFunctions : Swithching Views
13:15:09.954 INFO  assignment1.AuthorDetailViewController : clicked save
13:15:11.561 INFO  assignment1.AuthorDetailViewController : clicked save
13:15:12.594 ERROR assignment1.Main : error Couldnt load window
13:15:19.576 INFO  assignment1.Main : HELP
13:15:21.340 ERROR assignment1.UsefulFunctions : Swithching Views
13:15:22.725 ERROR assignment1.AuthorListController : Double Clicked
13:15:22.746 ERROR assignment1.UsefulFunctions : Swithching Views
13:15:24.259 INFO  assignment1.AuthorDetailViewController : clicked save
13:15:25.177 INFO  assignment1.AuthorDetailViewController : clicked save
13:15:26.596 ERROR assignment1.Main : error Couldnt load window
13:15:32.881 INFO  assignment1.Main : HELP
13:15:34.476 ERROR assignment1.UsefulFunctions : Swithching Views
13:15:35.532 ERROR assignment1.AuthorListController : Double Clicked
13:15:35.551 ERROR assignment1.UsefulFunctions : Swithching Views
13:15:36.584 INFO  assignment1.AuthorDetailViewController : clicked save
13:15:37.518 INFO  assignment1.AuthorDetailViewController : clicked save
13:15:37.780 INFO  assignment1.AuthorDetailViewController : clicked save
13:15:38.034 INFO  assignment1.AuthorDetailViewController : clicked save
13:15:39.305 ERROR assignment1.Main : error Couldnt load window
13:15:46.641 INFO  assignment1.Main : HELP
13:15:51.936 ERROR assignment1.UsefulFunctions : Swithching Views
13:16:34.549 ERROR assignment1.AuthorListController : Double Clicked
13:16:34.568 ERROR assignment1.UsefulFunctions : Swithching Views
13:16:55.042 ERROR assignment1.UsefulFunctions : Swithching Views
13:17:04.183 ERROR assignment1.UsefulFunctions : Swithching Views
13:17:05.992 ERROR assignment1.AuthorListController : Double Clicked
13:17:06.000 ERROR assignment1.UsefulFunctions : Swithching Views
13:17:20.383 INFO  assignment1.AuthorDetailViewController : clicked save
13:17:21.097 INFO  assignment1.AuthorDetailViewController : clicked save
13:17:22.480 INFO  assignment1.AuthorDetailViewController : clicked save
13:17:23.087 INFO  assignment1.AuthorDetailViewController : clicked save
13:17:24.729 INFO  assignment1.AuthorDetailViewController : clicked save
13:53:35.783 ERROR assignment1.Main : error Couldnt load window
13:56:26.919 INFO  assignment1.Main : HELP
13:56:29.604 ERROR assignment1.UsefulFunctions : Swithching Views
13:56:31.119 ERROR assignment1.AuthorListController : Double Clicked
13:56:31.138 ERROR assignment1.UsefulFunctions : Swithching Views
13:56:33.015 INFO  assignment1.AuthorDetailViewController : clicked save
13:56:34.048 ERROR assignment1.Main : error Couldnt load window
13:58:23.071 INFO  assignment1.Main : HELP
13:58:25.775 ERROR assignment1.UsefulFunctions : Swithching Views
13:58:28.341 ERROR assignment1.AuthorListController : Double Clicked
13:58:28.359 ERROR assignment1.UsefulFunctions : Swithching Views
13:58:30.503 ERROR assignment1.UsefulFunctions : Swithching Views
13:58:34.721 ERROR assignment1.AuthorListController : Double Clicked
13:58:34.729 ERROR assignment1.UsefulFunctions : Swithching Views
14:03:03.093 INFO  assignment1.Main : HELP
14:03:06.454 ERROR assignment1.UsefulFunctions : Swithching Views
14:03:13.631 ERROR assignment1.AuthorListController : Double Clicked
14:03:13.648 ERROR assignment1.UsefulFunctions : Swithching Views
14:03:17.853 ERROR assignment1.UsefulFunctions : Swithching Views
14:04:23.924 ERROR assignment1.Main : error Couldnt load window
14:04:34.509 INFO  assignment1.Main : HELP
14:04:37.376 ERROR assignment1.UsefulFunctions : Swithching Views
14:04:39.559 ERROR assignment1.AuthorListController : Double Clicked
14:04:39.578 ERROR assignment1.UsefulFunctions : Swithching Views
14:05:36.294 ERROR assignment1.UsefulFunctions : Swithching Views
14:05:45.597 ERROR assignment1.AuthorListController : Double Clicked
14:05:45.608 ERROR assignment1.UsefulFunctions : Swithching Views
14:06:21.977 ERROR assignment1.Main : error Couldnt load window
14:06:23.957 INFO  assignment1.Main : HELP
14:06:31.171 ERROR assignment1.UsefulFunctions : Swithching Views
14:06:32.643 ERROR assignment1.AuthorListController : Double Clicked
14:06:32.661 ERROR assignment1.UsefulFunctions : Swithching Views
14:06:34.648 ERROR assignment1.UsefulFunctions : Swithching Views
14:06:55.456 ERROR assignment1.Main : error Couldnt load window
14:07:06.976 INFO  assignment1.Main : HELP
14:07:09.189 ERROR assignment1.UsefulFunctions : Swithching Views
14:07:15.292 ERROR assignment1.Main : error Couldnt load window
14:08:57.931 INFO  assignment1.Main : HELP
14:08:59.994 ERROR assignment1.UsefulFunctions : Swithching Views
14:09:07.399 ERROR assignment1.Main : error Couldnt load window
14:09:26.785 INFO  assignment1.Main : HELP
14:09:28.750 ERROR assignment1.UsefulFunctions : Swithching Views
14:09:36.825 ERROR assignment1.AuthorListController : Double Clicked
14:09:36.843 ERROR assignment1.UsefulFunctions : Swithching Views
14:09:38.896 ERROR assignment1.UsefulFunctions : Swithching Views
14:09:53.386 ERROR assignment1.Main : error Couldnt load window
14:10:37.965 INFO  assignment1.Main : HELP
14:10:40.339 ERROR assignment1.UsefulFunctions : Swithching Views
14:10:43.901 ERROR assignment1.Main : error Couldnt load window
14:11:15.256 INFO  assignment1.Main : HELP
14:11:18.676 ERROR assignment1.UsefulFunctions : Swithching Views
14:11:20.585 ERROR assignment1.UsefulFunctions : Swithching Views
14:11:22.115 ERROR assignment1.AuthorListController : Double Clicked
14:11:22.134 ERROR assignment1.UsefulFunctions : Swithching Views
14:11:53.605 ERROR assignment1.Main : error Couldnt load window
14:12:03.565 INFO  assignment1.Main : HELP
14:12:05.987 INFO  assignment1.UsefulFunctions : Swithching Views
14:12:11.908 ERROR assignment1.AuthorListController : Double Clicked
14:12:11.926 INFO  assignment1.UsefulFunctions : Swithching Views
14:12:16.829 ERROR assignment1.Main : error Couldnt load window
14:12:40.977 INFO  assignment1.Main : HELP
14:12:43.048 INFO  assignment1.UsefulFunctions : Swithching Views
14:12:44.677 INFO  assignment1.AuthorListController : Double Clicked
14:12:44.696 INFO  assignment1.UsefulFunctions : Swithching Views
14:12:49.728 ERROR assignment1.Main : error Couldnt load window
14:13:35.058 INFO  assignment1.Main : HELP
14:13:38.943 INFO  assignment1.UsefulFunctions : Swithching Views
14:13:43.486 INFO  assignment1.AuthorListController : Double Clicked
14:13:43.504 INFO  assignment1.UsefulFunctions : Swithching Views
14:13:45.206 INFO  assignment1.UsefulFunctions : Swithching Views
14:19:39.784 ERROR assignment1.Main : error Couldnt load window
14:19:45.564 INFO  assignment1.Main : HELP
14:19:47.626 INFO  assignment1.UsefulFunctions : Swithching Views
14:19:51.565 INFO  assignment1.AuthorListController : Double Clicked
14:19:51.583 INFO  assignment1.UsefulFunctions : Swithching Views
14:19:53.424 ERROR assignment1.Main : error Couldnt load window
14:20:34.444 INFO  assignment1.Main : HELP
14:20:36.631 INFO  assignment1.UsefulFunctions : Swithching Views
14:20:40.990 INFO  assignment1.AuthorListController : Double Clicked
14:20:41.009 INFO  assignment1.UsefulFunctions : Swithching Views
14:20:43.575 INFO  assignment1.UsefulFunctions : Swithching Views
14:20:45.526 ERROR assignment1.Main : error Couldnt load window
14:20:57.609 INFO  assignment1.Main : HELP
14:20:59.520 INFO  assignment1.UsefulFunctions : Swithching Views
14:21:02.182 ERROR assignment1.Main : error Couldnt load window
14:21:30.433 INFO  assignment1.Main : HELP
14:21:32.157 INFO  assignment1.UsefulFunctions : Swithching Views
14:21:34.746 ERROR assignment1.Main : error Couldnt load window
14:22:21.506 INFO  assignment1.Main : HELP
14:22:23.502 INFO  assignment1.UsefulFunctions : Swithching Views
14:22:26.433 INFO  assignment1.AuthorListController : Double Clicked
14:22:26.452 INFO  assignment1.UsefulFunctions : Swithching Views
14:22:28.606 INFO  assignment1.UsefulFunctions : Swithching Views
14:22:30.777 INFO  assignment1.AuthorListController : Double Clicked
14:22:30.786 INFO  assignment1.UsefulFunctions : Swithching Views
14:22:32.130 ERROR assignment1.Main : error Couldnt load window
14:22:58.616 INFO  assignment1.Main : HELP
14:23:00.986 INFO  assignment1.UsefulFunctions : Swithching Views
14:23:03.302 INFO  assignment1.AuthorListController : Double Clicked
14:23:03.321 INFO  assignment1.UsefulFunctions : Swithching Views
14:23:06.744 ERROR assignment1.Main : error Couldnt load window
14:23:26.162 INFO  assignment1.Main : HELP
14:23:28.005 INFO  assignment1.UsefulFunctions : Swithching Views
14:23:29.919 INFO  assignment1.AuthorListController : Double Clicked
14:23:29.938 INFO  assignment1.UsefulFunctions : Swithching Views
14:23:31.854 INFO  assignment1.UsefulFunctions : Swithching Views
14:23:33.713 INFO  assignment1.AuthorListController : Double Clicked
14:23:33.721 INFO  assignment1.UsefulFunctions : Swithching Views
14:23:35.722 ERROR assignment1.Main : error Couldnt load window
14:24:00.635 INFO  assignment1.Main : HELP
14:24:02.562 INFO  assignment1.UsefulFunctions : Swithching Views
14:24:03.870 INFO  assignment1.AuthorListController : Double Clicked
14:24:03.888 INFO  assignment1.UsefulFunctions : Swithching Views
14:24:05.805 INFO  assignment1.UsefulFunctions : Swithching Views
14:24:06.788 INFO  assignment1.AuthorListController : Double Clicked
14:24:06.796 INFO  assignment1.UsefulFunctions : Swithching Views
14:24:08.525 INFO  assignment1.UsefulFunctions : Swithching Views
14:27:36.313 INFO  assignment1.UsefulFunctions : Swithching Views
14:27:37.674 INFO  assignment1.AuthorListController : Double Clicked
14:27:37.681 INFO  assignment1.UsefulFunctions : Swithching Views
14:27:40.269 INFO  assignment1.UsefulFunctions : Swithching Views
14:27:42.343 INFO  assignment1.AuthorListController : Double Clicked
14:27:42.352 INFO  assignment1.UsefulFunctions : Swithching Views
14:27:54.720 ERROR assignment1.Main : error Couldnt load window
14:29:51.780 INFO  assignment1.Main : HELP
14:29:53.588 INFO  assignment1.UsefulFunctions : Swithching Views
14:29:54.283 INFO  assignment1.AuthorListController : Double Clicked
14:29:54.301 INFO  assignment1.UsefulFunctions : Swithching Views
14:29:55.355 INFO  assignment1.AuthorDetailViewController : clicked save
14:30:12.812 INFO  assignment1.UsefulFunctions : Swithching Views
14:30:14.472 INFO  assignment1.AuthorListController : Double Clicked
14:30:14.481 INFO  assignment1.UsefulFunctions : Swithching Views
14:30:35.427 ERROR assignment1.Main : error Couldnt load window
14:30:40.995 INFO  assignment1.Main : HELP
14:30:47.323 INFO  assignment1.UsefulFunctions : Swithching Views
14:30:48.846 INFO  assignment1.AuthorListController : Double Clicked
14:31:35.461 INFO  assignment1.Main : HELP
14:31:37.040 INFO  assignment1.UsefulFunctions : Swithching Views
14:31:38.856 INFO  assignment1.AuthorListController : Double Clicked
14:31:46.696 ERROR assignment1.Main : error Couldnt load window
14:31:54.790 INFO  assignment1.Main : HELP
14:31:56.421 ERROR assignment1.Main : error Couldnt load window
14:32:23.987 INFO  assignment1.Main : HELP
14:32:27.011 INFO  assignment1.UsefulFunctions : Swithching Views
14:32:35.651 INFO  assignment1.AuthorListController : Double Clicked
14:32:35.670 INFO  assignment1.UsefulFunctions : Swithching Views
14:32:37.961 INFO  assignment1.AuthorDetailViewController : clicked save
14:32:38.770 INFO  assignment1.AuthorDetailViewController : clicked save
14:32:38.967 INFO  assignment1.AuthorDetailViewController : clicked save
14:32:39.165 INFO  assignment1.AuthorDetailViewController : clicked save
14:32:47.597 INFO  assignment1.Main : HELP
14:32:48.864 ERROR assignment1.Main : error Couldnt load window
14:33:35.661 INFO  assignment1.UsefulFunctions : Swithching Views
14:33:36.705 INFO  assignment1.AuthorListController : Double Clicked
14:33:36.724 INFO  assignment1.UsefulFunctions : Swithching Views
14:33:38.417 INFO  assignment1.AuthorDetailViewController : clicked save
14:36:25.879 ERROR assignment1.Main : error Couldnt load window
14:40:21.789 INFO  assignment1.UsefulFunctions : Swithching Views
14:40:24.079 INFO  assignment1.AuthorListController : Double Clicked
14:40:24.098 INFO  assignment1.UsefulFunctions : Swithching Views
14:40:28.390 ERROR assignment1.Main : error Couldnt load window
14:40:35.944 ERROR assignment1.MenuController : couldnt find filexs
14:40:40.319 ERROR assignment1.Main : error Couldnt load window
14:43:33.220 INFO  assignment1.UsefulFunctions : Swithching Views
14:43:35.510 INFO  assignment1.AuthorListController : Double Clicked
14:43:35.529 INFO  assignment1.UsefulFunctions : Swithching Views
14:43:41.998 INFO  assignment1.AuthorDetailViewController : clicked save
14:43:43.562 ERROR assignment1.Main : error Couldnt load window
14:43:53.415 INFO  assignment1.UsefulFunctions : Swithching Views
14:43:54.642 INFO  assignment1.AuthorListController : Double Clicked
14:43:54.643 ERROR assignment1.AuthorListController : couldnt find files
14:43:57.500 INFO  assignment1.AuthorListController : Double Clicked
14:43:57.500 ERROR assignment1.AuthorListController : couldnt find files
14:43:59.369 ERROR assignment1.Main : error Couldnt load window
14:45:09.324 ERROR assignment1.Main : error Couldnt load window
14:45:21.036 ERROR assignment1.Main : error Couldnt load window
16:47:54.691 ERROR assignment1.Main : error Couldnt load window
16:47:55.706 ERROR assignment1.Main : error Couldnt load window
17:02:55.748 INFO  assignment1.UsefulFunctions : Swithching Views
17:02:56.964 INFO  assignment1.AuthorListController : Double Clicked
17:02:56.982 INFO  assignment1.UsefulFunctions : Swithching Views
17:02:58.206 INFO  assignment1.AuthorDetailViewController : clicked save
17:03:00.442 INFO  assignment1.UsefulFunctions : Swithching Views
17:03:08.403 ERROR assignment1.Main : error Couldnt load window
17:24:08.902 INFO  assignment1.UsefulFunctions : Swithching Views
17:24:09.816 INFO  assignment1.AuthorListController : Double Clicked
17:24:09.836 INFO  assignment1.UsefulFunctions : Swithching Views
17:24:10.954 INFO  assignment1.AuthorDetailViewController : clicked save
17:24:12.294 INFO  assignment1.UsefulFunctions : Swithching Views
17:38:12.862 INFO  assignment1.UsefulFunctions : Swithching Views
17:38:19.423 INFO  assignment1.AuthorListController : Double Clicked
17:38:19.442 INFO  assignment1.UsefulFunctions : Swithching Views
17:38:32.471 ERROR assignment1.Main : error Couldnt load window
17:38:36.466 INFO  assignment1.UsefulFunctions : Swithching Views
14:42:35.112 ERROR assignment1.Main : error Couldnt load window
14:49:16.140 ERROR assignment1.Main : error Couldnt load window
14:50:19.881 ERROR assignment1.Main : error Couldnt load window
14:51:22.150 ERROR assignment1.Main : error Couldnt load window
14:53:46.698 ERROR assignment1.Main : error Couldnt load window
14:54:25.830 INFO  assignment1.UsefulFunctions : Swithching Views
14:54:26.882 INFO  Controller.AuthorListController : Double Clicked
14:54:26.900 INFO  assignment1.UsefulFunctions : Swithching Views
14:54:28.054 INFO  Controller.AuthorDetailViewController : clicked save
14:54:28.447 INFO  Controller.AuthorDetailViewController : clicked save
14:54:28.602 INFO  Controller.AuthorDetailViewController : clicked save
14:54:29.749 INFO  assignment1.UsefulFunctions : Swithching Views
15:08:11.098 INFO  assignment1.UsefulFunctions : Swithching Views
15:08:12.636 INFO  Controller.AuthorListController : Double Clicked
15:08:12.655 INFO  assignment1.UsefulFunctions : Swithching Views
15:08:17.955 INFO  assignment1.UsefulFunctions : Swithching Views
15:08:19.521 INFO  assignment1.UsefulFunctions : Swithching Views
15:08:21.054 INFO  assignment1.UsefulFunctions : Swithching Views
15:08:23.243 INFO  Controller.AuthorListController : Double Clicked
15:08:23.250 INFO  assignment1.UsefulFunctions : Swithching Views
15:08:31.423 INFO  assignment1.UsefulFunctions : Swithching Views
15:08:32.667 INFO  Controller.AuthorListController : Double Clicked
15:08:32.673 INFO  assignment1.UsefulFunctions : Swithching Views
15:08:34.288 INFO  Controller.AuthorDetailViewController : clicked save
15:08:34.479 INFO  Controller.AuthorDetailViewController : clicked save
15:08:34.672 INFO  Controller.AuthorDetailViewController : clicked save
15:08:34.878 INFO  Controller.AuthorDetailViewController : clicked save
15:08:35.026 INFO  Controller.AuthorDetailViewController : clicked save
15:08:35.198 INFO  Controller.AuthorDetailViewController : clicked save
15:08:35.360 INFO  Controller.AuthorDetailViewController : clicked save
15:08:35.558 INFO  Controller.AuthorDetailViewController : clicked save
12:59:42.807 INFO  assignment1.UsefulFunctions : Swithching Views
12:59:43.847 INFO  Controller.AuthorListController : Double Clicked
12:59:43.871 INFO  assignment1.UsefulFunctions : Swithching Views
12:59:46.096 INFO  assignment1.UsefulFunctions : Swithching Views
12:59:49.094 ERROR assignment1.Main : error Couldnt load window
13:08:02.939 INFO  assignment1.UsefulFunctions : Swithching Views
13:08:05.044 ERROR assignment1.Main : error Couldnt load window
13:16:29.155 ERROR Controller.MenuController : couldnt find files
13:16:31.046 ERROR Controller.MenuController : couldnt find files
13:16:34.126 ERROR Controller.MenuController : couldnt find files
13:16:35.081 ERROR Controller.MenuController : couldnt find files
13:16:36.730 ERROR assignment1.Main : error Couldnt load window
13:16:53.046 ERROR Controller.MenuController : couldnt find files
13:17:06.299 ERROR assignment1.Main : error Couldnt load window
13:20:46.908 ERROR assignment1.Main : error Couldnt load window
13:20:52.319 ERROR Controller.MenuController : couldnt find files
13:20:55.547 ERROR assignment1.Main : error Couldnt load window
13:21:02.660 INFO  assignment1.UsefulFunctions : Swithching Views
13:21:04.057 ERROR assignment1.Main : error Couldnt load window
13:21:10.746 ERROR Controller.MenuController : couldnt find files
13:21:12.437 ERROR assignment1.Main : error Couldnt load window
13:21:37.957 ERROR Controller.MenuController : couldnt find files
13:21:44.147 ERROR assignment1.Main : error Couldnt load window
13:21:59.658 ERROR Controller.MenuController : couldnt find files
13:22:06.532 ERROR assignment1.Main : error Couldnt load window
13:23:04.162 INFO  assignment1.UsefulFunctions : Swithching Views
13:23:05.415 ERROR assignment1.Main : error Couldnt load window
13:25:15.025 ERROR Controller.MenuController : couldnt find files
13:25:16.881 ERROR assignment1.Main : error Couldnt load window
13:25:22.293 ERROR Controller.MenuController : couldnt find files
13:25:24.583 ERROR assignment1.Main : error Couldnt load window
13:27:29.348 ERROR Controller.MenuController : couldnt find files
13:27:33.667 ERROR Controller.MenuController : couldnt find files
13:27:35.254 ERROR Controller.MenuController : couldnt find files
13:27:36.101 ERROR assignment1.Main : error Couldnt load window
13:27:57.732 ERROR Controller.MenuController : couldnt find files
13:28:01.724 ERROR assignment1.Main : error Couldnt load window
13:28:13.648 INFO  assignment1.UsefulFunctions : Swithching Views
13:28:20.948 ERROR assignment1.Main : error Couldnt load window
13:28:48.004 ERROR Controller.MenuController : couldnt find files
13:28:52.794 ERROR assignment1.Main : error Couldnt load window
13:29:48.526 ERROR Controller.MenuController : couldnt find files MenuController
13:29:50.934 ERROR assignment1.Main : error Couldnt load window
13:31:52.012 INFO  assignment1.UsefulFunctions : Swithching Views
13:31:59.909 ERROR assignment1.Main : error Couldnt load window
13:34:02.961 ERROR Controller.MenuController : couldnt find files MenuController
13:34:06.435 ERROR assignment1.Main : error Couldnt load window
13:35:12.345 INFO  assignment1.UsefulFunctions : Swithching Views
13:36:02.722 INFO  assignment1.UsefulFunctions : Swithching Views
13:36:04.937 ERROR assignment1.Main : error Couldnt load window
13:36:41.678 INFO  assignment1.UsefulFunctions : Swithching Views
13:36:43.416 ERROR assignment1.Main : error Couldnt load window
13:49:04.529 ERROR Controller.MenuController : couldnt find files MenuController
13:49:07.044 ERROR assignment1.Main : error Couldnt load window
13:55:41.777 INFO  assignment1.UsefulFunctions : Swithching Views
13:55:44.455 ERROR assignment1.Main : error Couldnt load window
13:56:00.020 INFO  assignment1.UsefulFunctions : Swithching Views
13:57:39.164 INFO  assignment1.UsefulFunctions : Swithching Views
13:57:43.874 INFO  assignment1.UsefulFunctions : Swithching Views
13:57:57.952 ERROR assignment1.Main : error Couldnt load window
13:58:17.609 INFO  assignment1.UsefulFunctions : Swithching Views
13:58:27.608 ERROR assignment1.Main : error Couldnt load window
13:58:53.382 INFO  assignment1.UsefulFunctions : Swithching Views
13:58:57.514 ERROR assignment1.Main : error Couldnt load window
13:59:16.102 INFO  assignment1.UsefulFunctions : Swithching Views
13:59:18.461 ERROR assignment1.Main : error Couldnt load window
13:59:29.920 INFO  assignment1.UsefulFunctions : Swithching Views
13:59:33.109 ERROR assignment1.Main : error Couldnt load window
13:59:40.803 INFO  assignment1.UsefulFunctions : Swithching Views
13:59:55.124 ERROR assignment1.Main : error Couldnt load window
14:00:03.170 INFO  assignment1.UsefulFunctions : Swithching Views
14:00:07.818 ERROR assignment1.Main : error Couldnt load window
14:00:19.272 INFO  assignment1.UsefulFunctions : Swithching Views
14:00:30.384 ERROR assignment1.Main : error Couldnt load window
14:00:43.322 INFO  assignment1.UsefulFunctions : Swithching Views
14:00:45.444 ERROR assignment1.Main : error Couldnt load window
14:00:57.446 INFO  assignment1.UsefulFunctions : Swithching Views
14:01:05.811 ERROR assignment1.Main : error Couldnt load window
14:04:33.022 INFO  assignment1.UsefulFunctions : Swithching Views
14:05:02.575 INFO  assignment1.UsefulFunctions : Swithching Views
14:05:03.892 ERROR assignment1.Main : error Couldnt load window
14:20:09.529 INFO  assignment1.UsefulFunctions : Swithching Views
14:20:24.410 ERROR assignment1.Main : error Couldnt load window
14:29:01.140 INFO  assignment1.UsefulFunctions : Swithching Views
14:29:16.838 ERROR assignment1.Main : error Couldnt load window
14:49:01.306 ERROR assignment1.UsefulFunctions : error couldnt switch view
14:49:02.521 ERROR assignment1.Main : error Couldnt load window
14:49:16.631 ERROR assignment1.UsefulFunctions : error couldnt switch view
14:49:18.752 ERROR assignment1.UsefulFunctions : error couldnt switch view
14:49:19.373 ERROR assignment1.Main : error Couldnt load window
14:49:25.259 ERROR assignment1.UsefulFunctions : error couldnt switch view
14:49:25.829 ERROR assignment1.Main : error Couldnt load window
14:50:39.017 INFO  assignment1.UsefulFunctions : Swithching Views
14:50:47.124 ERROR assignment1.Main : error Couldnt load window
15:13:00.770 ERROR assignment1.Main : error Couldnt load window
15:13:03.307 ERROR assignment1.Main : error Couldnt load window
15:13:08.346 ERROR assignment1.Main : error Couldnt load window
12:37:28.912 ERROR assignment1.Main : error Couldnt load window
12:46:37.816 ERROR assignment1.Main : error Couldnt load window
13:11:11.556 INFO  assignment1.UsefulFunctions : Swithching Views
13:11:47.652 ERROR assignment1.Main : error Couldnt load window
13:54:50.445 INFO  assignment1.Main : Creating connection
13:55:56.256 INFO  assignment1.Main : Creating connection
13:55:59.876 ERROR Controller.MenuController : couldnt find files MenuController
13:56:01.906 ERROR Controller.MenuController : couldnt find files MenuController
13:56:04.284 ERROR Controller.MenuController : couldnt find files MenuController
13:56:05.666 ERROR Controller.MenuController : couldnt find files MenuController
13:56:06.805 ERROR Controller.MenuController : couldnt find files MenuController
13:56:07.935 ERROR Controller.MenuController : couldnt find files MenuController
13:56:09.221 ERROR Controller.MenuController : couldnt find files MenuController
13:56:12.458 ERROR assignment1.Main : error Couldnt load window
13:57:05.030 INFO  assignment1.Main : Creating connection
13:57:07.567 ERROR Controller.MenuController : couldnt find files MenuController
13:57:09.226 ERROR Controller.MenuController : couldnt find files MenuController
13:57:10.150 ERROR assignment1.Main : error Couldnt load window
13:57:17.458 INFO  assignment1.Main : Creating connection
13:57:20.705 ERROR Controller.MenuController : couldnt find files MenuController
13:57:23.167 ERROR assignment1.Main : error Couldnt load window
13:57:47.414 INFO  assignment1.Main : Creating connection
13:57:49.872 ERROR Controller.MenuController : couldnt find files MenuController
13:57:51.424 ERROR assignment1.Main : error Couldnt load window
13:58:43.905 INFO  assignment1.Main : Creating connection
13:58:46.277 ERROR Controller.MenuController : couldnt find files. MenuController
13:58:47.552 ERROR assignment1.Main : error Couldnt load window
14:01:09.279 INFO  assignment1.Main : Creating connection
14:01:11.726 ERROR Controller.MenuController : couldnt find files. MenuController
14:01:13.420 ERROR assignment1.Main : error Couldnt load window
14:02:01.078 INFO  assignment1.Main : Creating connection
14:02:03.499 ERROR Controller.MenuController : couldnt find files. MenuController
14:02:04.323 ERROR assignment1.Main : error Couldnt load window
14:03:00.072 INFO  assignment1.Main : Creating connection
14:03:03.221 ERROR Controller.MenuController : couldnt find files. MenuController
14:03:03.901 ERROR assignment1.Main : error Couldnt load window
14:04:39.524 INFO  assignment1.Main : Creating connection
14:04:42.463 INFO  assignment1.UsefulFunctions : Swithching Views
14:04:47.045 INFO  assignment1.UsefulFunctions : Swithching Views
14:04:47.816 ERROR assignment1.Main : error Couldnt load window
14:04:55.141 INFO  assignment1.Main : Creating connection
14:04:57.768 INFO  assignment1.UsefulFunctions : Swithching Views
14:04:58.686 ERROR assignment1.Main : error Couldnt load window
14:06:29.713 INFO  assignment1.Main : Creating connection
14:06:32.195 INFO  assignment1.UsefulFunctions : Swithching Views
14:06:33.365 ERROR assignment1.Main : error Couldnt load window
14:06:56.800 INFO  assignment1.Main : Creating connection
14:06:59.574 INFO  assignment1.UsefulFunctions : Swithching Views
14:07:03.125 ERROR assignment1.Main : error Couldnt load window
12:20:12.109 INFO  assignment1.Main : Creating connection
12:20:20.506 INFO  assignment1.Main : Creating connection
12:23:57.468 INFO  assignment1.Main : Creating connection
12:24:48.740 INFO  assignment1.Main : Creating connection
12:24:48.882 FATAL DataBase.ConnectionFactory : Could not establish connection

12:26:12.447 INFO  assignment1.Main : Creating connection
12:27:37.278 INFO  assignment1.Main : Creating connection
12:28:22.362 INFO  assignment1.Main : Creating connection
12:29:44.472 INFO  assignment1.Main : Creating connection
12:31:44.045 INFO  assignment1.Main : Creating connection
12:47:43.852 INFO  assignment1.Main : Creating connection
12:48:00.196 INFO  assignment1.UsefulFunctions : Swithching Views
12:48:06.220 INFO  Controller.AuthorListController : Double Clicked
12:48:06.221 ERROR Controller.AuthorListController : couldnt find files
12:48:06.382 INFO  Controller.AuthorListController : Double Clicked
12:48:06.383 ERROR Controller.AuthorListController : couldnt find files
12:48:07.670 INFO  Controller.AuthorListController : Double Clicked
12:48:07.671 ERROR Controller.AuthorListController : couldnt find files
12:48:08.498 INFO  Controller.AuthorListController : Double Clicked
12:48:08.499 ERROR Controller.AuthorListController : couldnt find files
12:48:09.300 INFO  Controller.AuthorListController : Double Clicked
12:48:09.301 ERROR Controller.AuthorListController : couldnt find files
12:48:10.054 INFO  Controller.AuthorListController : Double Clicked
12:48:10.055 ERROR Controller.AuthorListController : couldnt find files
12:48:11.371 INFO  Controller.AuthorListController : Double Clicked
12:48:11.374 ERROR Controller.AuthorListController : couldnt find files
12:48:19.004 ERROR assignment1.Main : error Couldnt load window
12:53:32.259 INFO  assignment1.Main : Creating connection
12:53:35.105 INFO  assignment1.UsefulFunctions : Swithching Views
12:53:52.967 ERROR assignment1.Main : error Couldnt load window
13:01:07.736 INFO  assignment1.Main : Creating connection
13:01:10.688 INFO  assignment1.UsefulFunctions : Swithching Views
13:01:11.640 INFO  Controller.AuthorListController$1 : called
13:01:11.772 INFO  Controller.AuthorListController$1 : called
13:01:12.628 INFO  Controller.AuthorListController$1 : called
13:01:12.808 INFO  Controller.AuthorListController$1 : called
13:01:13.448 INFO  Controller.AuthorListController$1 : called
13:01:13.636 INFO  Controller.AuthorListController$1 : called
13:01:14.413 INFO  Controller.AuthorListController$1 : called
13:01:15.832 INFO  Controller.AuthorListController$1 : called
13:01:16.779 ERROR assignment1.Main : error Couldnt load window
13:03:02.942 INFO  assignment1.Main : Creating connection
13:03:05.740 INFO  assignment1.UsefulFunctions : Swithching Views
13:03:06.642 INFO  Controller.AuthorListController$1 : Double Clicked
13:03:07.744 INFO  Controller.AuthorListController$1 : Double Clicked
13:03:08.939 ERROR assignment1.Main : error Couldnt load window
13:21:08.730 INFO  assignment1.Main : Creating connection
13:21:11.894 INFO  assignment1.UsefulFunctions : Swithching Views
13:21:12.764 INFO  Controller.AuthorListController$1 : Double Clicked id is null
13:21:14.161 INFO  Controller.AuthorListController$1 : Double Clicked id is 1
13:21:15.891 INFO  Controller.AuthorListController$1 : Double Clicked id is null
13:21:17.399 INFO  Controller.AuthorListController$1 : Double Clicked id is null
13:21:19.439 INFO  Controller.AuthorListController$1 : Double Clicked id is null
13:21:20.689 INFO  Controller.AuthorListController$1 : Double Clicked id is null
13:21:21.639 INFO  Controller.AuthorListController$1 : Double Clicked id is null
13:21:22.821 INFO  Controller.AuthorListController$1 : Double Clicked id is null
13:21:25.435 INFO  Controller.AuthorListController$1 : Double Clicked id is null
13:21:26.493 INFO  Controller.AuthorListController$1 : Double Clicked id is null
13:21:27.295 INFO  Controller.AuthorListController$1 : Double Clicked id is null
13:21:28.037 INFO  Controller.AuthorListController$1 : Double Clicked id is null
13:21:28.915 INFO  Controller.AuthorListController$1 : Double Clicked id is null
13:21:29.606 INFO  Controller.AuthorListController$1 : Double Clicked id is null
13:21:30.315 INFO  Controller.AuthorListController$1 : Double Clicked id is 2
13:21:36.470 INFO  Controller.AuthorListController$1 : Double Clicked id is null
13:21:38.520 INFO  Controller.AuthorListController$1 : Double Clicked id is null
13:21:40.036 INFO  Controller.AuthorListController$1 : Double Clicked id is null
13:21:41.402 INFO  Controller.AuthorListController$1 : Double Clicked id is null
13:21:42.196 INFO  Controller.AuthorListController$1 : Double Clicked id is null
13:21:43.532 INFO  Controller.AuthorListController$1 : Double Clicked id is null
13:21:44.376 INFO  Controller.AuthorListController$1 : Double Clicked id is null
13:21:45.032 INFO  Controller.AuthorListController : Double Clicked
13:21:45.033 ERROR Controller.AuthorListController : couldnt find files
13:21:45.270 INFO  Controller.AuthorListController : Double Clicked
13:21:45.271 ERROR Controller.AuthorListController : couldnt find files
13:21:46.973 INFO  Controller.AuthorListController : Double Clicked
13:21:46.974 ERROR Controller.AuthorListController : couldnt find files
13:21:47.629 INFO  Controller.AuthorListController : Double Clicked
13:21:47.630 ERROR Controller.AuthorListController : couldnt find files
13:21:47.860 INFO  Controller.AuthorListController : Double Clicked
13:21:47.860 ERROR Controller.AuthorListController : couldnt find files
13:21:48.864 INFO  Controller.AuthorListController$1 : Double Clicked id is null
13:21:50.083 INFO  Controller.AuthorListController$1 : Double Clicked id is null
13:21:51.149 INFO  Controller.AuthorListController$1 : Double Clicked id is 4
13:21:53.372 INFO  Controller.AuthorListController$1 : Double Clicked id is null
13:21:54.861 ERROR assignment1.Main : error Couldnt load window
13:22:31.395 INFO  assignment1.Main : Creating connection
13:22:34.898 INFO  Controller.AuthorListController : id is 0
13:22:34.899 INFO  Controller.AuthorListController : id is 1
13:22:34.899 INFO  Controller.AuthorListController : id is 2
13:22:34.899 INFO  Controller.AuthorListController : id is 3
13:22:34.900 INFO  Controller.AuthorListController : id is 4
13:22:34.900 INFO  assignment1.UsefulFunctions : Swithching Views
13:22:40.148 INFO  Controller.AuthorListController$1 : Double Clicked id is null
13:22:42.426 INFO  Controller.AuthorListController$1 : Double Clicked id is null
13:22:43.722 INFO  Controller.AuthorListController$1 : Double Clicked id is null
13:22:45.156 INFO  Controller.AuthorListController$1 : Double Clicked id is 3
13:22:48.492 INFO  Controller.AuthorListController$1 : Double Clicked id is null
13:22:49.324 INFO  Controller.AuthorListController$1 : Double Clicked id is null
13:22:52.512 INFO  Controller.AuthorListController$1 : Double Clicked id is null
13:22:55.613 INFO  Controller.AuthorListController$1 : Double Clicked id is null
13:22:56.421 INFO  Controller.AuthorListController$1 : Double Clicked id is null
13:22:57.941 INFO  Controller.AuthorListController$1 : Double Clicked id is null
13:22:58.659 INFO  Controller.AuthorListController$1 : Double Clicked id is null
13:23:02.008 INFO  Controller.AuthorListController$1 : Double Clicked id is null
13:23:05.925 ERROR assignment1.Main : error Couldnt load window
13:23:48.171 INFO  assignment1.Main : Creating connection
13:23:50.851 INFO  Controller.AuthorListController : id is 0
13:23:50.852 INFO  Controller.AuthorListController : id is 1
13:23:50.852 INFO  Controller.AuthorListController : id is 2
13:23:50.852 INFO  Controller.AuthorListController : id is 3
13:23:50.852 INFO  Controller.AuthorListController : id is 4
13:23:50.853 INFO  assignment1.UsefulFunctions : Swithching Views
13:23:51.933 INFO  Controller.AuthorListController$1 : Double Clicked id is null
13:23:52.096 INFO  Controller.AuthorListController$1 : Double Clicked id is null
13:23:53.500 INFO  Controller.AuthorListController$1 : Double Clicked id is null
13:23:53.690 INFO  Controller.AuthorListController$1 : Double Clicked id is null
13:23:54.354 INFO  Controller.AuthorListController : Double Clicked
13:23:54.355 ERROR Controller.AuthorListController : couldnt find files
13:23:54.518 INFO  Controller.AuthorListController : Double Clicked
13:23:54.519 ERROR Controller.AuthorListController : couldnt find files
13:23:55.111 INFO  Controller.AuthorListController$1 : Double Clicked id is null
13:23:55.287 INFO  Controller.AuthorListController$1 : Double Clicked id is null
13:23:55.476 INFO  Controller.AuthorListController$1 : Double Clicked id is null
13:23:56.132 INFO  Controller.AuthorListController$1 : Double Clicked id is null
13:23:56.312 INFO  Controller.AuthorListController$1 : Double Clicked id is null
13:23:56.484 INFO  Controller.AuthorListController$1 : Double Clicked id is null
13:23:57.804 ERROR assignment1.Main : error Couldnt load window
13:26:25.314 INFO  assignment1.Main : Creating connection
13:26:28.359 INFO  Controller.AuthorListController : id is 0
13:26:28.360 INFO  Controller.AuthorListController : id is 1
13:26:28.360 INFO  Controller.AuthorListController : id is 2
13:26:28.360 INFO  Controller.AuthorListController : id is 3
13:26:28.361 INFO  Controller.AuthorListController : id is 4
13:26:28.361 INFO  assignment1.UsefulFunctions : Swithching Views
13:26:29.335 INFO  Controller.AuthorListController$1 : Double Clicked id is 1
13:26:30.499 INFO  Controller.AuthorListController$1 : Double Clicked id is 2
13:26:31.401 INFO  Controller.AuthorListController$1 : Double Clicked id is 3
13:26:32.062 INFO  Controller.AuthorListController$1 : Double Clicked id is 4
13:26:33.296 INFO  Controller.AuthorListController$1 : Double Clicked id is 0
13:26:34.944 INFO  Controller.AuthorListController$1 : Double Clicked id is 2
13:26:35.503 INFO  Controller.AuthorListController$1 : Double Clicked id is 1
13:26:36.638 ERROR assignment1.Main : error Couldnt load window
13:41:58.955 INFO  assignment1.Main : Creating connection
13:42:06.008 INFO  Controller.AuthorListController : id is 0
13:42:06.009 INFO  Controller.AuthorListController : id is 1
13:42:06.009 INFO  Controller.AuthorListController : id is 2
13:42:06.009 INFO  Controller.AuthorListController : id is 3
13:42:06.010 INFO  Controller.AuthorListController : id is 4
13:42:06.010 INFO  assignment1.UsefulFunctions : Swithching Views
13:42:09.983 INFO  Controller.AuthorListController$1 : Double Clicked id is 0
13:42:09.984 ERROR Controller.AuthorListController$1 : couldnt find files
13:42:11.701 INFO  Controller.AuthorListController$1 : Double Clicked id is 1
13:42:11.701 ERROR Controller.AuthorListController$1 : couldnt find files
13:42:13.330 INFO  Controller.AuthorListController$1 : Double Clicked id is 2
13:42:13.331 ERROR Controller.AuthorListController$1 : couldnt find files
13:42:14.232 INFO  Controller.AuthorListController$1 : Double Clicked id is 3
13:42:14.233 ERROR Controller.AuthorListController$1 : couldnt find files
13:42:15.079 INFO  Controller.AuthorListController : Double Clicked
13:42:15.080 ERROR Controller.AuthorListController : couldnt find files
13:42:16.030 INFO  Controller.AuthorListController : Double Clicked
13:42:16.031 ERROR Controller.AuthorListController : couldnt find files
13:42:16.932 INFO  Controller.AuthorListController : Double Clicked
13:42:16.933 ERROR Controller.AuthorListController : couldnt find files
13:42:17.842 INFO  Controller.AuthorListController : Double Clicked
13:42:17.843 ERROR Controller.AuthorListController : couldnt find files
13:42:19.054 INFO  Controller.AuthorListController : Double Clicked
13:42:19.055 ERROR Controller.AuthorListController : couldnt find files
13:42:19.588 INFO  Controller.AuthorListController$1 : Double Clicked id is 4
13:42:19.589 ERROR Controller.AuthorListController$1 : couldnt find files
13:42:21.296 INFO  Controller.AuthorListController$1 : Double Clicked id is 4
13:42:21.297 ERROR Controller.AuthorListController$1 : couldnt find files
13:42:22.222 INFO  Controller.AuthorListController$1 : Double Clicked id is 3
13:42:22.223 ERROR Controller.AuthorListController$1 : couldnt find files
13:42:33.417 INFO  Controller.AuthorListController : Double Clicked
13:42:33.421 ERROR Controller.AuthorListController : couldnt find files
13:42:47.044 INFO  Controller.AuthorListController$1 : Double Clicked id is 0
13:42:47.045 ERROR Controller.AuthorListController$1 : couldnt find files
13:42:48.314 INFO  Controller.AuthorListController$1 : Double Clicked id is 0
13:42:48.314 ERROR Controller.AuthorListController$1 : couldnt find files
13:42:49.863 ERROR assignment1.Main : error Couldnt load window
13:43:45.525 INFO  assignment1.Main : Creating connection
13:43:48.364 INFO  Controller.AuthorListController : id is 0
13:43:48.365 INFO  Controller.AuthorListController : id is 1
13:43:48.365 INFO  Controller.AuthorListController : id is 2
13:43:48.365 INFO  Controller.AuthorListController : id is 3
13:43:48.366 INFO  Controller.AuthorListController : id is 4
13:43:48.366 INFO  assignment1.UsefulFunctions : Swithching Views
13:43:49.288 INFO  Controller.AuthorListController$1 : Double Clicked id is 0
13:43:49.306 ERROR assignment1.UsefulFunctions : error couldnt switch view
13:43:51.264 INFO  Controller.AuthorListController$1 : Double Clicked id is 1
13:43:51.267 ERROR assignment1.UsefulFunctions : error couldnt switch view
13:43:52.208 ERROR assignment1.Main : error Couldnt load window
13:44:22.577 INFO  assignment1.Main : Creating connection
13:44:25.649 INFO  Controller.AuthorListController : id is 0
13:44:25.650 INFO  Controller.AuthorListController : id is 1
13:44:25.651 INFO  Controller.AuthorListController : id is 2
13:44:25.651 INFO  Controller.AuthorListController : id is 3
13:44:25.651 INFO  Controller.AuthorListController : id is 4
13:44:25.651 INFO  assignment1.UsefulFunctions : Swithching Views
13:44:26.494 INFO  Controller.AuthorListController$1 : Double Clicked id is 1
13:44:26.506 ERROR assignment1.UsefulFunctions : error couldnt switch view
13:44:27.438 INFO  Controller.AuthorListController$1 : Double Clicked id is 2
13:44:27.442 ERROR assignment1.UsefulFunctions : error couldnt switch view
13:44:28.648 ERROR assignment1.Main : error Couldnt load window
13:44:51.602 INFO  assignment1.Main : Creating connection
13:44:55.506 INFO  Controller.AuthorListController : id is 0
13:44:55.507 INFO  Controller.AuthorListController : id is 1
13:44:55.507 INFO  Controller.AuthorListController : id is 2
13:44:55.507 INFO  Controller.AuthorListController : id is 3
13:44:55.508 INFO  Controller.AuthorListController : id is 4
13:44:55.508 INFO  assignment1.UsefulFunctions : Swithching Views
13:44:56.409 INFO  Controller.AuthorListController$1 : Double Clicked id is 0
13:44:56.428 INFO  assignment1.UsefulFunctions : Swithching Views
13:44:59.885 ERROR assignment1.Main : error Couldnt load window
13:46:30.363 INFO  assignment1.Main : Creating connection
13:46:33.593 INFO  Controller.AuthorListController : id is 0
13:46:33.594 INFO  Controller.AuthorListController : id is 1
13:46:33.594 INFO  Controller.AuthorListController : id is 2
13:46:33.595 INFO  Controller.AuthorListController : id is 3
13:46:33.595 INFO  Controller.AuthorListController : id is 4
13:46:33.595 INFO  assignment1.UsefulFunctions : Swithching Views
13:46:34.843 INFO  Controller.AuthorListController$1 : Double Clicked id is 0
13:46:34.845 ERROR Controller.AuthorListController$1 : couldnt find files
13:46:36.154 INFO  Controller.AuthorListController$1 : Double Clicked id is 1
13:46:36.155 ERROR Controller.AuthorListController$1 : couldnt find files
13:46:37.094 ERROR assignment1.Main : error Couldnt load window
13:46:50.012 INFO  assignment1.Main : Creating connection
13:46:52.983 INFO  Controller.AuthorListController : id is 0
13:46:52.984 INFO  Controller.AuthorListController : id is 1
13:46:52.984 INFO  Controller.AuthorListController : id is 2
13:46:52.984 INFO  Controller.AuthorListController : id is 3
13:46:52.984 INFO  Controller.AuthorListController : id is 4
13:46:52.985 INFO  assignment1.UsefulFunctions : Swithching Views
13:46:53.754 INFO  Controller.AuthorListController$1 : Double Clicked id is 1
13:46:53.771 INFO  assignment1.UsefulFunctions : Swithching Views
13:46:58.856 INFO  Controller.AuthorListController : id is 0
13:46:58.856 INFO  Controller.AuthorListController : id is 1
13:46:58.857 INFO  Controller.AuthorListController : id is 2
13:46:58.857 INFO  Controller.AuthorListController : id is 3
13:46:58.857 INFO  Controller.AuthorListController : id is 4
13:46:58.858 INFO  assignment1.UsefulFunctions : Swithching Views
13:47:00.011 INFO  Controller.AuthorListController$1 : Double Clicked id is 3
13:47:00.020 INFO  assignment1.UsefulFunctions : Swithching Views
13:47:01.803 INFO  Controller.AuthorListController : id is 0
13:47:01.803 INFO  Controller.AuthorListController : id is 1
13:47:01.804 INFO  Controller.AuthorListController : id is 2
13:47:01.804 INFO  Controller.AuthorListController : id is 3
13:47:01.804 INFO  Controller.AuthorListController : id is 4
13:47:01.805 INFO  assignment1.UsefulFunctions : Swithching Views
13:47:02.707 INFO  Controller.AuthorListController$1 : Double Clicked id is 2
13:47:02.738 INFO  assignment1.UsefulFunctions : Swithching Views
13:47:05.966 INFO  Controller.AuthorListController : id is 0
13:47:05.966 INFO  Controller.AuthorListController : id is 1
13:47:05.967 INFO  Controller.AuthorListController : id is 2
13:47:05.967 INFO  Controller.AuthorListController : id is 3
13:47:05.967 INFO  Controller.AuthorListController : id is 4
13:47:05.968 INFO  assignment1.UsefulFunctions : Swithching Views
13:47:06.883 INFO  Controller.AuthorListController$1 : Double Clicked id is 4
13:47:06.892 INFO  assignment1.UsefulFunctions : Swithching Views
13:47:16.177 INFO  assignment1.Main : Creating connection
13:47:19.125 INFO  Controller.AuthorListController : id is 0
13:47:19.125 INFO  Controller.AuthorListController : id is 1
13:47:19.126 INFO  Controller.AuthorListController : id is 2
13:47:19.126 INFO  Controller.AuthorListController : id is 3
13:47:19.126 INFO  Controller.AuthorListController : id is 4
13:47:19.127 INFO  assignment1.UsefulFunctions : Swithching Views
13:47:21.325 INFO  Controller.AuthorListController$1 : Double Clicked id is 4
13:47:21.327 ERROR Controller.AuthorListController$1 : couldnt find files
13:47:23.087 INFO  Controller.AuthorListController : Double Clicked
13:47:23.087 ERROR Controller.AuthorListController : couldnt find files
13:47:24.602 INFO  Controller.AuthorListController$1 : Double Clicked id is 3
13:47:24.603 ERROR Controller.AuthorListController$1 : couldnt find files
13:47:25.484 INFO  Controller.AuthorListController$1 : Double Clicked id is 2
13:47:25.485 ERROR Controller.AuthorListController$1 : couldnt find files
13:47:27.012 ERROR assignment1.Main : error Couldnt load window
13:48:08.229 INFO  assignment1.Main : Creating connection
13:48:11.269 INFO  Controller.AuthorListController : id is 0
13:48:11.270 INFO  Controller.AuthorListController : id is 1
13:48:11.270 INFO  Controller.AuthorListController : id is 2
13:48:11.270 INFO  Controller.AuthorListController : id is 3
13:48:11.271 INFO  Controller.AuthorListController : id is 4
13:48:11.271 INFO  assignment1.UsefulFunctions : Swithching Views
13:48:12.114 INFO  Controller.AuthorListController$1 : Double Clicked id is 1
13:48:12.115 INFO  Controller.AuthorDetailViewController : Model.Author@4f310526
13:48:12.131 INFO  assignment1.UsefulFunctions : Swithching Views
13:48:18.609 INFO  Controller.AuthorListController : id is 0
13:48:18.610 INFO  Controller.AuthorListController : id is 1
13:48:18.610 INFO  Controller.AuthorListController : id is 2
13:48:18.610 INFO  Controller.AuthorListController : id is 3
13:48:18.611 INFO  Controller.AuthorListController : id is 4
13:48:18.611 INFO  assignment1.UsefulFunctions : Swithching Views
13:48:19.552 INFO  Controller.AuthorListController$1 : Double Clicked id is 3
13:48:19.552 INFO  Controller.AuthorDetailViewController : Model.Author@7517dd35
13:48:19.561 INFO  assignment1.UsefulFunctions : Swithching Views
13:48:32.173 ERROR assignment1.Main : error Couldnt load window
13:48:51.595 INFO  assignment1.Main : Creating connection
13:48:54.682 INFO  Controller.AuthorListController : id is 0
13:48:54.683 INFO  Controller.AuthorListController : id is 1
13:48:54.683 INFO  Controller.AuthorListController : id is 2
13:48:54.684 INFO  Controller.AuthorListController : id is 3
13:48:54.684 INFO  Controller.AuthorListController : id is 4
13:48:54.684 INFO  assignment1.UsefulFunctions : Swithching Views
13:48:55.739 INFO  Controller.AuthorListController$1 : Double Clicked id is 0
13:48:55.739 INFO  Controller.AuthorDetailViewController : Model.Author@2ffc8ba0
13:48:55.741 ERROR Controller.AuthorListController$1 : couldnt find files
13:48:56.824 INFO  Controller.AuthorListController$1 : Double Clicked id is 1
13:48:56.825 INFO  Controller.AuthorDetailViewController : Model.Author@770b2cc
13:48:56.825 ERROR Controller.AuthorListController$1 : couldnt find files
13:48:57.744 ERROR assignment1.Main : error Couldnt load window
13:51:20.152 INFO  assignment1.Main : Creating connection
13:51:23.039 INFO  Controller.AuthorListController : id is 0
13:51:23.040 INFO  Controller.AuthorListController : id is 1
13:51:23.040 INFO  Controller.AuthorListController : id is 2
13:51:23.041 INFO  Controller.AuthorListController : id is 3
13:51:23.041 INFO  Controller.AuthorListController : id is 4
13:51:23.041 INFO  assignment1.UsefulFunctions : Swithching Views
13:51:23.838 INFO  Controller.AuthorListController$1 : Double Clicked id is 0
13:51:23.855 INFO  assignment1.UsefulFunctions : Swithching Views
13:51:28.911 ERROR assignment1.Main : error Couldnt load window
13:53:04.019 INFO  assignment1.Main : Creating connection
13:53:07.257 INFO  Controller.AuthorListController : id is 0
13:53:07.258 INFO  Controller.AuthorListController : id is 1
13:53:07.258 INFO  Controller.AuthorListController : id is 2
13:53:07.258 INFO  Controller.AuthorListController : id is 3
13:53:07.258 INFO  Controller.AuthorListController : id is 4
13:53:07.259 INFO  assignment1.UsefulFunctions : Swithching Views
13:53:08.126 INFO  Controller.AuthorListController$1 : Double Clicked id is 1
13:53:08.143 INFO  assignment1.UsefulFunctions : Swithching Views
13:53:13.910 ERROR assignment1.Main : error Couldnt load window
13:54:06.977 INFO  assignment1.Main : Creating connection
13:54:09.646 INFO  Controller.AuthorListController : id is 0
13:54:09.647 INFO  Controller.AuthorListController : id is 1
13:54:09.647 INFO  Controller.AuthorListController : id is 2
13:54:09.647 INFO  Controller.AuthorListController : id is 3
13:54:09.648 INFO  Controller.AuthorListController : id is 4
13:54:09.648 INFO  assignment1.UsefulFunctions : Swithching Views
13:54:11.767 INFO  Controller.AuthorListController$1 : Double Clicked id is 3
13:54:11.785 INFO  assignment1.UsefulFunctions : Swithching Views
13:54:17.662 INFO  Controller.AuthorListController : id is 0
13:54:17.662 INFO  Controller.AuthorListController : id is 1
13:54:17.663 INFO  Controller.AuthorListController : id is 2
13:54:17.663 INFO  Controller.AuthorListController : id is 3
13:54:17.663 INFO  Controller.AuthorListController : id is 4
13:54:17.664 INFO  assignment1.UsefulFunctions : Swithching Views
13:54:18.950 INFO  Controller.AuthorListController$1 : Double Clicked id is 0
13:54:18.958 INFO  assignment1.UsefulFunctions : Swithching Views
13:54:20.571 ERROR assignment1.Main : error Couldnt load window
13:55:08.216 INFO  assignment1.Main : Creating connection
13:55:11.141 INFO  Controller.AuthorListController : id is 0
13:55:11.142 INFO  Controller.AuthorListController : id is 1
13:55:11.142 INFO  Controller.AuthorListController : id is 2
13:55:11.142 INFO  Controller.AuthorListController : id is 3
13:55:11.142 INFO  Controller.AuthorListController : id is 4
13:55:11.143 INFO  assignment1.UsefulFunctions : Swithching Views
13:55:12.704 INFO  Controller.AuthorListController$1 : Double Clicked id is 2
13:55:12.721 INFO  assignment1.UsefulFunctions : Swithching Views
13:55:15.637 INFO  Controller.AuthorListController : id is 0
13:55:15.638 INFO  Controller.AuthorListController : id is 1
13:55:15.638 INFO  Controller.AuthorListController : id is 2
13:55:15.638 INFO  Controller.AuthorListController : id is 3
13:55:15.639 INFO  Controller.AuthorListController : id is 4
13:55:15.639 INFO  assignment1.UsefulFunctions : Swithching Views
13:55:16.372 INFO  Controller.AuthorListController$1 : Double Clicked id is 1
13:55:16.380 INFO  assignment1.UsefulFunctions : Swithching Views
13:55:20.190 INFO  Controller.AuthorListController : id is 0
13:55:20.190 INFO  Controller.AuthorListController : id is 1
13:55:20.191 INFO  Controller.AuthorListController : id is 2
13:55:20.191 INFO  Controller.AuthorListController : id is 3
13:55:20.192 INFO  Controller.AuthorListController : id is 4
13:55:20.192 INFO  assignment1.UsefulFunctions : Swithching Views
13:55:21.071 INFO  Controller.AuthorListController$1 : Double Clicked id is 4
13:55:21.079 INFO  assignment1.UsefulFunctions : Swithching Views
13:55:29.793 INFO  Controller.AuthorListController : id is 0
13:55:29.794 INFO  Controller.AuthorListController : id is 1
13:55:29.794 INFO  Controller.AuthorListController : id is 2
13:55:29.795 INFO  Controller.AuthorListController : id is 3
13:55:29.795 INFO  Controller.AuthorListController : id is 4
13:55:29.796 INFO  assignment1.UsefulFunctions : Swithching Views
13:55:31.749 INFO  Controller.AuthorListController$1 : Double Clicked id is 0
13:55:31.758 INFO  assignment1.UsefulFunctions : Swithching Views
13:55:38.032 ERROR assignment1.Main : error Couldnt load window
14:14:41.540 INFO  assignment1.Main : Creating connection
11:35:24.721 INFO  assignment1.Main : Creating connection
11:35:28.961 FATAL DataBase.ConnectionFactory : Could not establish connection

11:36:12.458 INFO  assignment1.Main : Creating connection
11:36:17.646 FATAL DataBase.ConnectionFactory : Could not establish connection

13:12:16.070 INFO  assignment1.Main : Creating connection
13:12:19.227 INFO  Controller.AuthorListController : id is 0
13:12:19.227 INFO  Controller.AuthorListController : id is 1
13:12:19.227 INFO  Controller.AuthorListController : id is 2
13:12:19.228 INFO  Controller.AuthorListController : id is 3
13:12:19.228 INFO  Controller.AuthorListController : id is 4
13:12:19.228 INFO  Controller.AuthorListController : id is 5
13:12:19.229 INFO  Controller.AuthorListController : id is 6
13:12:19.229 INFO  Controller.AuthorListController : id is 7
13:12:19.229 INFO  Controller.AuthorListController : id is 8
13:12:19.230 INFO  assignment1.UsefulFunctions : Swithching Views
13:12:21.014 INFO  Controller.AuthorListController$1 : Double Clicked id is 0
13:12:21.038 INFO  assignment1.UsefulFunctions : Swithching Views
13:12:22.897 ERROR assignment1.Main : error Couldnt load window
13:37:30.603 INFO  assignment1.Main : Creating connection
13:37:34.688 INFO  assignment1.Main : Creating connection
13:37:37.109 INFO  Controller.AuthorListController : id is 0
13:37:37.110 INFO  Controller.AuthorListController : id is 1
13:37:37.110 INFO  Controller.AuthorListController : id is 2
13:37:37.110 INFO  Controller.AuthorListController : id is 3
13:37:37.110 INFO  Controller.AuthorListController : id is 4
13:37:37.111 INFO  Controller.AuthorListController : id is 5
13:37:37.111 INFO  Controller.AuthorListController : id is 6
13:37:37.111 INFO  Controller.AuthorListController : id is 7
13:37:37.112 INFO  Controller.AuthorListController : id is 8
13:37:37.112 INFO  assignment1.UsefulFunctions : Swithching Views
13:37:37.950 INFO  Controller.AuthorListController$1 : Double Clicked id is 0
13:37:37.967 INFO  assignment1.UsefulFunctions : Swithching Views
13:37:38.993 INFO  Controller.AuthorDetailViewController : clicked save
13:37:39.007 INFO  Controller.AuthorDetailViewController : 2018-01-09
13:37:40.605 INFO  Controller.AuthorDetailViewController : clicked save
13:37:40.606 INFO  Controller.AuthorDetailViewController : 2018-01-09
13:37:41.013 INFO  Controller.AuthorDetailViewController : clicked save
13:37:41.014 INFO  Controller.AuthorDetailViewController : 2018-01-09
13:37:41.269 INFO  Controller.AuthorDetailViewController : clicked save
13:37:41.269 INFO  Controller.AuthorDetailViewController : 2018-01-09
13:37:41.557 INFO  Controller.AuthorDetailViewController : clicked save
13:37:41.557 INFO  Controller.AuthorDetailViewController : 2018-01-09
13:37:42.758 ERROR assignment1.Main : error Couldnt load window
14:06:20.357 INFO  assignment1.Main : Creating connection
14:06:22.360 INFO  Controller.AuthorListController : id is 0
14:06:22.361 INFO  Controller.AuthorListController : id is 1
14:06:22.361 INFO  Controller.AuthorListController : id is 2
14:06:22.362 INFO  Controller.AuthorListController : id is 3
14:06:22.362 INFO  Controller.AuthorListController : id is 4
14:06:22.362 INFO  Controller.AuthorListController : id is 5
14:06:22.363 INFO  Controller.AuthorListController : id is 6
14:06:22.363 INFO  Controller.AuthorListController : id is 7
14:06:22.363 INFO  Controller.AuthorListController : id is 8
14:06:22.364 INFO  assignment1.UsefulFunctions : Swithching Views
14:06:23.429 INFO  Controller.AuthorListController$1 : Double Clicked id is 1
14:06:23.447 INFO  assignment1.UsefulFunctions : Swithching Views
14:06:28.400 INFO  Controller.AuthorDetailViewController : clicked save
14:06:28.412 INFO  Controller.AuthorDetailViewController : 2018-01-03
14:06:30.206 INFO  Controller.AuthorListController : id is 0
14:06:30.206 INFO  Controller.AuthorListController : id is 1
14:06:30.207 INFO  Controller.AuthorListController : id is 2
14:06:30.207 INFO  Controller.AuthorListController : id is 3
14:06:30.208 INFO  Controller.AuthorListController : id is 4
14:06:30.208 INFO  Controller.AuthorListController : id is 5
14:06:30.208 INFO  Controller.AuthorListController : id is 6
14:06:30.208 INFO  Controller.AuthorListController : id is 7
14:06:30.209 INFO  Controller.AuthorListController : id is 8
14:06:30.209 INFO  assignment1.UsefulFunctions : Swithching Views
14:06:33.577 INFO  Controller.AuthorListController$1 : Double Clicked id is 1
14:06:33.585 INFO  assignment1.UsefulFunctions : Swithching Views
14:06:35.752 ERROR assignment1.Main : error Couldnt load window
12:21:40.640 INFO  assignment1.Main : Creating connection
12:21:42.888 INFO  Controller.AuthorListController : id is 0
12:21:42.889 INFO  Controller.AuthorListController : id is 1
12:21:42.889 INFO  Controller.AuthorListController : id is 2
12:21:42.889 INFO  Controller.AuthorListController : id is 3
12:21:42.890 INFO  Controller.AuthorListController : id is 4
12:21:42.890 INFO  Controller.AuthorListController : id is 5
12:21:42.890 INFO  Controller.AuthorListController : id is 6
12:21:42.891 INFO  Controller.AuthorListController : id is 7
12:21:42.891 INFO  Controller.AuthorListController : id is 8
12:21:42.891 INFO  assignment1.UsefulFunctions : Swithching Views
12:21:43.940 INFO  Controller.AuthorListController$1 : Double Clicked id is 0
12:21:43.941 ERROR Controller.AuthorListController$1 : couldnt find files
12:21:45.106 INFO  Controller.AuthorListController$1 : Double Clicked id is 1
12:21:45.107 ERROR Controller.AuthorListController$1 : couldnt find files
12:21:46.787 INFO  Controller.AuthorListController$1 : Double Clicked id is 2
12:21:46.788 ERROR Controller.AuthorListController$1 : couldnt find files
12:21:48.674 INFO  Controller.AuthorListController$1 : Double Clicked id is 3
12:21:48.675 ERROR Controller.AuthorListController$1 : couldnt find files
12:21:49.400 INFO  Controller.AuthorListController$1 : Double Clicked id is 4
12:21:49.401 ERROR Controller.AuthorListController$1 : couldnt find files
12:21:50.376 INFO  Controller.AuthorListController$1 : Double Clicked id is 5
12:21:50.377 ERROR Controller.AuthorListController$1 : couldnt find files
12:21:51.390 INFO  Controller.AuthorListController$1 : Double Clicked id is 6
12:21:51.391 ERROR Controller.AuthorListController$1 : couldnt find files
12:21:52.488 INFO  Controller.AuthorListController$1 : Double Clicked id is 7
12:21:52.489 ERROR Controller.AuthorListController$1 : couldnt find files
12:21:53.080 INFO  Controller.AuthorListController$1 : Double Clicked id is 8
12:21:53.081 ERROR Controller.AuthorListController$1 : couldnt find files
12:21:55.261 ERROR assignment1.Main : error Couldnt load window
12:23:47.679 INFO  assignment1.Main : Creating connection
12:23:49.583 INFO  Controller.AuthorListController : id is 0
12:23:49.584 INFO  Controller.AuthorListController : id is 1
12:23:49.584 INFO  Controller.AuthorListController : id is 2
12:23:49.585 INFO  Controller.AuthorListController : id is 3
12:23:49.585 INFO  Controller.AuthorListController : id is 4
12:23:49.585 INFO  Controller.AuthorListController : id is 5
12:23:49.585 INFO  Controller.AuthorListController : id is 6
12:23:49.586 INFO  Controller.AuthorListController : id is 7
12:23:49.586 INFO  Controller.AuthorListController : id is 8
12:23:49.586 INFO  assignment1.UsefulFunctions : Swithching Views
12:23:51.239 INFO  Controller.AuthorListController$1 : Double Clicked id is 4
12:23:51.240 ERROR Controller.AuthorListController$1 : couldnt find files
12:23:53.137 INFO  Controller.AuthorListController$1 : Double Clicked id is 3
12:23:53.137 ERROR Controller.AuthorListController$1 : couldnt find files
12:23:54.138 INFO  Controller.AuthorListController : Double Clicked
12:23:54.139 ERROR Controller.AuthorListController : couldnt find files
12:23:54.414 INFO  Controller.AuthorListController : Double Clicked
12:23:54.415 ERROR Controller.AuthorListController : couldnt find files
12:23:55.231 INFO  Controller.AuthorListController$1 : Double Clicked id is 0
12:23:55.232 ERROR Controller.AuthorListController$1 : couldnt find files
12:23:57.427 INFO  Controller.AuthorListController$1 : Double Clicked id is 1
12:23:57.428 ERROR Controller.AuthorListController$1 : couldnt find files
12:23:58.638 ERROR assignment1.Main : error Couldnt load window
12:24:52.568 INFO  assignment1.Main : Creating connection
12:24:54.884 ERROR assignment1.UsefulFunctions : error couldnt switch view
12:24:57.780 ERROR assignment1.Main : error Couldnt load window
12:25:27.547 INFO  assignment1.Main : Creating connection
12:25:29.559 INFO  Controller.AuthorListController : id is 0
12:25:29.559 INFO  Controller.AuthorListController : id is 1
12:25:29.560 INFO  Controller.AuthorListController : id is 2
12:25:29.560 INFO  Controller.AuthorListController : id is 3
12:25:29.560 INFO  Controller.AuthorListController : id is 4
12:25:29.560 INFO  Controller.AuthorListController : id is 5
12:25:29.561 INFO  Controller.AuthorListController : id is 6
12:25:29.561 INFO  Controller.AuthorListController : id is 7
12:25:29.561 INFO  Controller.AuthorListController : id is 8
12:25:29.562 INFO  assignment1.UsefulFunctions : Swithching Views
12:25:30.483 INFO  Controller.AuthorListController : Double Clicked
12:25:30.484 ERROR Controller.AuthorListController : couldnt find files
12:25:30.803 INFO  Controller.AuthorListController : Double Clicked
12:25:30.803 ERROR Controller.AuthorListController : couldnt find files
12:25:31.374 INFO  Controller.AuthorListController : Double Clicked
12:25:31.374 ERROR Controller.AuthorListController : couldnt find files
12:25:32.192 INFO  Controller.AuthorListController$1 : Double Clicked id is 0
12:25:32.193 ERROR Controller.AuthorListController$1 : couldnt find files
12:25:33.739 INFO  Controller.AuthorListController$1 : Double Clicked id is 1
12:25:33.739 ERROR Controller.AuthorListController$1 : couldnt find files
12:25:34.267 INFO  Controller.AuthorListController : Double Clicked
12:25:34.267 ERROR Controller.AuthorListController : couldnt find files
12:25:34.498 INFO  Controller.AuthorListController : Double Clicked
12:25:34.499 ERROR Controller.AuthorListController : couldnt find files
12:25:36.552 ERROR assignment1.Main : error Couldnt load window
12:26:00.018 INFO  assignment1.Main : Creating connection
12:26:02.088 INFO  Controller.AuthorListController : id is 0
12:26:02.088 INFO  Controller.AuthorListController : id is 1
12:26:02.089 INFO  Controller.AuthorListController : id is 2
12:26:02.089 INFO  Controller.AuthorListController : id is 3
12:26:02.089 INFO  Controller.AuthorListController : id is 4
12:26:02.090 INFO  Controller.AuthorListController : id is 5
12:26:02.090 INFO  Controller.AuthorListController : id is 6
12:26:02.090 INFO  Controller.AuthorListController : id is 7
12:26:02.090 INFO  Controller.AuthorListController : id is 8
12:26:02.091 INFO  assignment1.UsefulFunctions : Swithching Views
12:26:02.984 INFO  Controller.AuthorListController$1 : Double Clicked id is 1
12:26:02.985 ERROR Controller.AuthorListController$1 : couldnt find files
12:26:05.319 ERROR assignment1.Main : error Couldnt load window
12:26:48.182 INFO  assignment1.Main : Creating connection
12:26:50.007 INFO  Controller.AuthorListController : id is 0
12:26:50.007 INFO  Controller.AuthorListController : id is 1
12:26:50.008 INFO  Controller.AuthorListController : id is 2
12:26:50.008 INFO  Controller.AuthorListController : id is 3
12:26:50.008 INFO  Controller.AuthorListController : id is 4
12:26:50.009 INFO  Controller.AuthorListController : id is 5
12:26:50.009 INFO  Controller.AuthorListController : id is 6
12:26:50.009 INFO  Controller.AuthorListController : id is 7
12:26:50.009 INFO  Controller.AuthorListController : id is 8
12:26:50.010 INFO  assignment1.UsefulFunctions : Swithching Views
12:26:51.132 INFO  Controller.AuthorListController$1 : Double Clicked id is 1
12:26:51.133 ERROR Controller.AuthorListController$1 : couldnt find files
12:26:52.540 INFO  Controller.AuthorListController$1 : Double Clicked id is 2
12:26:52.540 ERROR Controller.AuthorListController$1 : couldnt find files
12:26:53.750 ERROR assignment1.Main : error Couldnt load window
12:27:05.750 INFO  assignment1.Main : Creating connection
12:27:07.459 INFO  Controller.AuthorListController : id is 0
12:27:07.459 INFO  Controller.AuthorListController : id is 1
12:27:07.460 INFO  Controller.AuthorListController : id is 2
12:27:07.460 INFO  Controller.AuthorListController : id is 3
12:27:07.460 INFO  Controller.AuthorListController : id is 4
12:27:07.460 INFO  Controller.AuthorListController : id is 5
12:27:07.461 INFO  Controller.AuthorListController : id is 6
12:27:07.461 INFO  Controller.AuthorListController : id is 7
12:27:07.461 INFO  Controller.AuthorListController : id is 8
12:27:07.462 INFO  assignment1.UsefulFunctions : Swithching Views
12:27:08.378 INFO  Controller.AuthorListController : Double Clicked
12:27:08.379 ERROR Controller.AuthorListController : couldnt find files
12:27:09.272 INFO  Controller.AuthorListController$1 : Double Clicked id is 3
12:27:09.273 ERROR Controller.AuthorListController$1 : couldnt find files
12:27:10.636 ERROR assignment1.Main : error Couldnt load window
12:27:34.635 INFO  assignment1.Main : Creating connection
12:27:36.899 INFO  Controller.AuthorListController : id is 0
12:27:36.899 INFO  Controller.AuthorListController : id is 1
12:27:36.900 INFO  Controller.AuthorListController : id is 2
12:27:36.900 INFO  Controller.AuthorListController : id is 3
12:27:36.900 INFO  Controller.AuthorListController : id is 4
12:27:36.901 INFO  Controller.AuthorListController : id is 5
12:27:36.901 INFO  Controller.AuthorListController : id is 6
12:27:36.901 INFO  Controller.AuthorListController : id is 7
12:27:36.901 INFO  Controller.AuthorListController : id is 8
12:27:36.902 INFO  assignment1.UsefulFunctions : Swithching Views
12:27:37.821 INFO  Controller.AuthorListController$1 : Double Clicked id is 0
12:27:37.824 ERROR Controller.AuthorListController$1 : couldnt find files
12:27:38.745 ERROR assignment1.Main : error Couldnt load window
12:29:25.895 INFO  assignment1.Main : Creating connection
12:29:27.790 INFO  Controller.AuthorListController : id is 0
12:29:27.791 INFO  Controller.AuthorListController : id is 1
12:29:27.791 INFO  Controller.AuthorListController : id is 2
12:29:27.791 INFO  Controller.AuthorListController : id is 3
12:29:27.791 INFO  Controller.AuthorListController : id is 4
12:29:27.792 INFO  Controller.AuthorListController : id is 5
12:29:27.792 INFO  Controller.AuthorListController : id is 6
12:29:27.792 INFO  Controller.AuthorListController : id is 7
12:29:27.793 INFO  Controller.AuthorListController : id is 8
12:29:27.793 INFO  assignment1.UsefulFunctions : Swithching Views
12:29:28.892 INFO  Controller.AuthorListController$1 : Double Clicked id is 1
12:29:28.893 INFO  Controller.AuthorListController : sda
12:29:28.913 INFO  assignment1.UsefulFunctions : Swithching Views
12:29:30.755 ERROR assignment1.Main : error Couldnt load window
